PMT PID=2307 
Service PID=124 
PCR PID=515 
Video PID=515 
Auido PID=680 
PCR=923932800 
PTS=923932800 
PTS-PCR=0 
PCR=923932800 
PTS=923936400 
PTS-PCR=3600 
rate=25.0 
PCR=923940000 
PTS=923940000 
PTS-PCR=0 
PCR=923940000 
PTS=923943600 
PTS-PCR=3600 
PCR=923947200 
PTS=923947200 
PTS-PCR=0 
PCR=923947200 
PTS=923950800 
PTS-PCR=3600 
PCR=923954400 
PTS=923954400 
PTS-PCR=0 
PCR=923954400 
PTS=923958000 
PTS-PCR=3600 
PCR=923961600 
PTS=923961600 
PTS-PCR=0 
PCR=923961600 
PTS=923965200 
PTS-PCR=3600 
PCR=923968800 
PTS=923968800 
PTS-PCR=0 
PCR=923968800 
PTS=923972400 
PTS-PCR=3600 
PCR=923976000 
PTS=923976000 
PTS-PCR=0 
PCR=923976000 
PTS=923979600 
PTS-PCR=3600 
PCR=923983200 
PTS=923983200 
PTS-PCR=0 
PCR=923983200 
PTS=923986800 
PTS-PCR=3600 
PCR=923990400 
PTS=923990400 
PTS-PCR=0 
PCR=923990400 
PTS=923994000 
PTS-PCR=3600 
PCR=923997600 
PTS=923997600 
PTS-PCR=0 
PCR=923997600 
PTS=924001200 
PTS-PCR=3600 
PCR=924004800 
PTS=924004800 
PTS-PCR=0 
PCR=924004800 
PTS=924008400 
PTS-PCR=3600 
PCR=924012000 
PTS=924012000 
PTS-PCR=0 
PCR=924012000 
PTS=924015600 
PTS-PCR=3600 
PCR=924019200 
PTS=924019200 
PTS-PCR=0 
PCR=924019200 
PTS=924022800 
PTS-PCR=3600 
PCR=924026400 
PTS=924026400 
PTS-PCR=0 
PCR=924026400 
PTS=924030000 
PTS-PCR=3600 
PCR=924033600 
PTS=924033600 
PTS-PCR=0 
PCR=924033600 
PTS=924037200 
PTS-PCR=3600 
PCR=924040800 
PTS=924040800 
PTS-PCR=0 
PCR=924040800 
PTS=924044400 
PTS-PCR=3600 
PCR=924048000 
PTS=924048000 
PTS-PCR=0 
PCR=924048000 
PTS=924051600 
PTS-PCR=3600 
PCR=924055200 
PTS=924055200 
PTS-PCR=0 
PCR=924055200 
PTS=924058800 
PTS-PCR=3600 
PCR=924062400 
PTS=924062400 
PTS-PCR=0 
PCR=924062400 
PTS=924066000 
PTS-PCR=3600 
PCR=924069600 
PTS=924069600 
PTS-PCR=0 
PCR=924069600 
PTS=924073200 
PTS-PCR=3600 
PCR=924076800 
PTS=924076800 
PTS-PCR=0 
PCR=924076800 
PTS=924080400 
PTS-PCR=3600 
PCR=924084000 
PTS=924084000 
PTS-PCR=0 
PCR=924084000 
PTS=924087600 
PTS-PCR=3600 
PCR=924091200 
PTS=924091200 
PTS-PCR=0 
PCR=924091200 
PTS=924094800 
PTS-PCR=3600 
PCR=924098400 
PTS=924098400 
PTS-PCR=0 
PCR=924098400 
PTS=924102000 
PTS-PCR=3600 
PCR=924105600 
PTS=924105600 
PTS-PCR=0 
PCR=924105600 
PTS=924109200 
PTS-PCR=3600 
PCR=924112800 
PTS=924112800 
PTS-PCR=0 
PCR=924112800 
PTS=924116400 
PTS-PCR=3600 
PCR=924120000 
PTS=924120000 
PTS-PCR=0 
PCR=924120000 
PTS=924123600 
PTS-PCR=3600 
PCR=924127200 
PTS=924127200 
PTS-PCR=0 
PCR=924127200 
PTS=924130800 
PTS-PCR=3600 
PCR=924134400 
PTS=924134400 
PTS-PCR=0 
PCR=924134400 
PTS=924138000 
PTS-PCR=3600 
PCR=924141600 
PTS=924141600 
PTS-PCR=0 
PCR=924141600 
PTS=924145200 
PTS-PCR=3600 
PCR=924148800 
PTS=924148800 
PTS-PCR=0 
PCR=924148800 
PTS=924152400 
PTS-PCR=3600 
PCR=924156000 
PTS=924156000 
PTS-PCR=0 
PCR=924156000 
PTS=924159600 
PTS-PCR=3600 
PCR=924163200 
PTS=924163200 
PTS-PCR=0 
PCR=924163200 
PTS=924166800 
PTS-PCR=3600 
PCR=924170400 
PTS=924170400 
PTS-PCR=0 
PCR=924170400 
PTS=924174000 
PTS-PCR=3600 
PCR=924177600 
PTS=924177600 
PTS-PCR=0 
PCR=924177600 
PTS=924181200 
PTS-PCR=3600 
PCR=924184800 
PTS=924184800 
PTS-PCR=0 
PCR=924184800 
PTS=924188400 
PTS-PCR=3600 
PCR=924192000 
PTS=924192000 
PTS-PCR=0 
  Gop index=0 gopsize=73
PCR=924192000 
PTS=924195600 
PTS-PCR=3600 
PCR=924199200 
PTS=924199200 
PTS-PCR=0 
PCR=924199200 
PTS=924202800 
PTS-PCR=3600 
PCR=924206400 
PTS=924206400 
PTS-PCR=0 
PCR=924206400 
PTS=924210000 
PTS-PCR=3600 
PCR=924213600 
PTS=924213600 
PTS-PCR=0 
PCR=924213600 
PTS=924217200 
PTS-PCR=3600 
PCR=924220800 
PTS=924220800 
PTS-PCR=0 
PCR=924220800 
PTS=924224400 
PTS-PCR=3600 
PCR=924228000 
PTS=924228000 
PTS-PCR=0 
PCR=924228000 
PTS=924231600 
PTS-PCR=3600 
PCR=924235200 
PTS=924235200 
PTS-PCR=0 
PCR=924235200 
PTS=924238800 
PTS-PCR=3600 
PCR=924242400 
PTS=924242400 
PTS-PCR=0 
PCR=924242400 
PTS=924246000 
PTS-PCR=3600 
PCR=924249600 
PTS=924249600 
PTS-PCR=0 
PCR=924249600 
PTS=924253200 
PTS-PCR=3600 
PCR=924256800 
PTS=924256800 
PTS-PCR=0 
PCR=924256800 
PTS=924260400 
PTS-PCR=3600 
PCR=924264000 
PTS=924264000 
PTS-PCR=0 
PCR=924264000 
PTS=924267600 
PTS-PCR=3600 
PCR=924271200 
PTS=924271200 
PTS-PCR=0 
PCR=924271200 
PTS=924274800 
PTS-PCR=3600 
PCR=924278400 
PTS=924278400 
PTS-PCR=0 
PCR=924278400 
PTS=924282000 
PTS-PCR=3600 
PCR=924285600 
PTS=924285600 
PTS-PCR=0 
PCR=924285600 
PTS=924289200 
PTS-PCR=3600 
PCR=924292800 
PTS=924292800 
PTS-PCR=0 
PCR=924292800 
PTS=924296400 
PTS-PCR=3600 
PCR=924300000 
PTS=924300000 
PTS-PCR=0 
PCR=924300000 
PTS=924303600 
PTS-PCR=3600 
PCR=924307200 
PTS=924307200 
PTS-PCR=0 
PCR=924307200 
PTS=924310800 
PTS-PCR=3600 
PCR=924314400 
PTS=924314400 
PTS-PCR=0 
PCR=924314400 
PTS=924318000 
PTS-PCR=3600 
PCR=924321600 
PTS=924321600 
PTS-PCR=0 
PCR=924321600 
PTS=924325200 
PTS-PCR=3600 
PCR=924328800 
PTS=924328800 
PTS-PCR=0 
PCR=924328800 
PTS=924332400 
PTS-PCR=3600 
PCR=924336000 
PTS=924336000 
PTS-PCR=0 
PCR=924336000 
PTS=924339600 
PTS-PCR=3600 
PCR=924343200 
PTS=924343200 
PTS-PCR=0 
PCR=924343200 
PTS=924346800 
PTS-PCR=3600 
PCR=924350400 
PTS=924350400 
PTS-PCR=0 
PCR=924350400 
PTS=924354000 
PTS-PCR=3600 
PCR=924357600 
PTS=924357600 
PTS-PCR=0 
PCR=924357600 
PTS=924361200 
PTS-PCR=3600 
PCR=924364800 
PTS=924364800 
PTS-PCR=0 
PCR=924364800 
PTS=924368400 
PTS-PCR=3600 
PCR=924372000 
PTS=924372000 
PTS-PCR=0 
PCR=924372000 
PTS=924375600 
PTS-PCR=3600 
PCR=924379200 
PTS=924379200 
PTS-PCR=0 
PCR=924379200 
PTS=924382800 
PTS-PCR=3600 
PCR=924386400 
PTS=924386400 
PTS-PCR=0 
PCR=924386400 
PTS=924390000 
PTS-PCR=3600 
PCR=924393600 
PTS=924393600 
PTS-PCR=0 
PCR=924393600 
PTS=924397200 
PTS-PCR=3600 
PCR=924400800 
PTS=924400800 
PTS-PCR=0 
PCR=924400800 
PTS=924404400 
PTS-PCR=3600 
PCR=924408000 
PTS=924408000 
PTS-PCR=0 
PCR=924408000 
PTS=924411600 
PTS-PCR=3600 
PCR=924415200 
PTS=924415200 
PTS-PCR=0 
PCR=924415200 
PTS=924418800 
PTS-PCR=3600 
PCR=924422400 
PTS=924422400 
PTS-PCR=0 
PCR=924422400 
PTS=924426000 
PTS-PCR=3600 
PCR=924429600 
PTS=924429600 
PTS-PCR=0 
PCR=924429600 
PTS=924433200 
PTS-PCR=3600 
PCR=924436800 
PTS=924436800 
PTS-PCR=0 
PCR=924436800 
PTS=924440400 
PTS-PCR=3600 
PCR=924444000 
PTS=924444000 
PTS-PCR=0 
PCR=924444000 
PTS=924447600 
PTS-PCR=3600 
PCR=924451200 
PTS=924451200 
PTS-PCR=0 
PCR=924451200 
PTS=924454800 
PTS-PCR=3600 
PCR=924458400 
PTS=924458400 
PTS-PCR=0 
PCR=924458400 
PTS=924462000 
PTS-PCR=3600 
PCR=924465600 
PTS=924465600 
PTS-PCR=0 
PCR=924465600 
PTS=924469200 
PTS-PCR=3600 
PCR=924472800 
PTS=924472800 
PTS-PCR=0 
PCR=924472800 
PTS=924476400 
PTS-PCR=3600 
PCR=924480000 
PTS=924480000 
PTS-PCR=0 
PCR=924480000 
PTS=924483600 
PTS-PCR=3600 
PCR=924487200 
PTS=924487200 
PTS-PCR=0 
PCR=924487200 
PTS=924490800 
PTS-PCR=3600 
PCR=924494400 
PTS=924494400 
PTS-PCR=0 
PCR=924494400 
PTS=924498000 
PTS-PCR=3600 
PCR=924501600 
PTS=924501600 
PTS-PCR=0 
PCR=924501600 
PTS=924505200 
PTS-PCR=3600 
PCR=924508800 
PTS=924508800 
PTS-PCR=0 
PCR=924508800 
PTS=924512400 
PTS-PCR=3600 
PCR=924516000 
PTS=924516000 
PTS-PCR=0 
PCR=924516000 
PTS=924519600 
PTS-PCR=3600 
PCR=924523200 
PTS=924523200 
PTS-PCR=0 
PCR=924523200 
PTS=924526800 
PTS-PCR=3600 
PCR=924530400 
PTS=924530400 
PTS-PCR=0 
PCR=924530400 
PTS=924534000 
PTS-PCR=3600 
PCR=924537600 
PTS=924537600 
PTS-PCR=0 
PCR=924537600 
PTS=924541200 
PTS-PCR=3600 
PCR=924544800 
PTS=924544800 
PTS-PCR=0 
PCR=924544800 
PTS=924548400 
PTS-PCR=3600 
PCR=924552000 
PTS=924552000 
PTS-PCR=0 
  Gop index=1 gopsize=100
PCR=924552000 
PTS=924555600 
PTS-PCR=3600 
PCR=924559200 
PTS=924559200 
PTS-PCR=0 
PCR=924559200 
PTS=924562800 
PTS-PCR=3600 
PCR=924566400 
PTS=924566400 
PTS-PCR=0 
PCR=924566400 
PTS=924570000 
PTS-PCR=3600 
PCR=924573600 
PTS=924573600 
PTS-PCR=0 
PCR=924573600 
PTS=924577200 
PTS-PCR=3600 
PCR=924580800 
PTS=924580800 
PTS-PCR=0 
PCR=924580800 
PTS=924584400 
PTS-PCR=3600 
PCR=924588000 
PTS=924588000 
PTS-PCR=0 
PCR=924588000 
PTS=924591600 
PTS-PCR=3600 
PCR=924595200 
PTS=924595200 
PTS-PCR=0 
PCR=924595200 
PTS=924598800 
PTS-PCR=3600 
PCR=924602400 
PTS=924602400 
PTS-PCR=0 
PCR=924602400 
PTS=924606000 
PTS-PCR=3600 
PCR=924609600 
PTS=924609600 
PTS-PCR=0 
PCR=924609600 
PTS=924613200 
PTS-PCR=3600 
PCR=924616800 
PTS=924616800 
PTS-PCR=0 
PCR=924616800 
PTS=924620400 
PTS-PCR=3600 
PCR=924624000 
PTS=924624000 
PTS-PCR=0 
PCR=924624000 
PTS=924627600 
PTS-PCR=3600 
PCR=924631200 
PTS=924631200 
PTS-PCR=0 
PCR=924631200 
PTS=924634800 
PTS-PCR=3600 
PCR=924638400 
PTS=924638400 
PTS-PCR=0 
PCR=924638400 
PTS=924642000 
PTS-PCR=3600 
PCR=924645600 
PTS=924645600 
PTS-PCR=0 
PCR=924645600 
PTS=924649200 
PTS-PCR=3600 
PCR=924652800 
PTS=924652800 
PTS-PCR=0 
PCR=924652800 
PTS=924656400 
PTS-PCR=3600 
PCR=924660000 
PTS=924660000 
PTS-PCR=0 
PCR=924660000 
PTS=924663600 
PTS-PCR=3600 
PCR=924667200 
PTS=924667200 
PTS-PCR=0 
PCR=924667200 
PTS=924670800 
PTS-PCR=3600 
PCR=924674400 
PTS=924674400 
PTS-PCR=0 
PCR=924674400 
PTS=924678000 
PTS-PCR=3600 
PCR=924681600 
PTS=924681600 
PTS-PCR=0 
PCR=924681600 
PTS=924685200 
PTS-PCR=3600 
PCR=924688800 
PTS=924688800 
PTS-PCR=0 
PCR=924688800 
PTS=924692400 
PTS-PCR=3600 
PCR=924696000 
PTS=924696000 
PTS-PCR=0 
PCR=924696000 
PTS=924699600 
PTS-PCR=3600 
PCR=924703200 
PTS=924703200 
PTS-PCR=0 
PCR=924703200 
PTS=924706800 
PTS-PCR=3600 
PCR=924710400 
PTS=924710400 
PTS-PCR=0 
PCR=924710400 
PTS=924714000 
PTS-PCR=3600 
PCR=924717600 
PTS=924717600 
PTS-PCR=0 
PCR=924717600 
PTS=924721200 
PTS-PCR=3600 
PCR=924724800 
PTS=924724800 
PTS-PCR=0 
PCR=924724800 
PTS=924728400 
PTS-PCR=3600 
PCR=924732000 
PTS=924732000 
PTS-PCR=0 
PCR=924732000 
PTS=924735600 
PTS-PCR=3600 
PCR=924739200 
PTS=924739200 
PTS-PCR=0 
PCR=924739200 
PTS=924742800 
PTS-PCR=3600 
PCR=924746400 
PTS=924746400 
PTS-PCR=0 
PCR=924746400 
PTS=924750000 
PTS-PCR=3600 
PCR=924753600 
PTS=924753600 
PTS-PCR=0 
PCR=924753600 
PTS=924757200 
PTS-PCR=3600 
PCR=924760800 
PTS=924760800 
PTS-PCR=0 
PCR=924760800 
PTS=924764400 
PTS-PCR=3600 
PCR=924768000 
PTS=924768000 
PTS-PCR=0 
PCR=924768000 
PTS=924771600 
PTS-PCR=3600 
PCR=924775200 
PTS=924775200 
PTS-PCR=0 
PCR=924775200 
PTS=924778800 
PTS-PCR=3600 
PCR=924782400 
PTS=924782400 
PTS-PCR=0 
PCR=924782400 
PTS=924786000 
PTS-PCR=3600 
PCR=924789600 
PTS=924789600 
PTS-PCR=0 
PCR=924789600 
PTS=924793200 
PTS-PCR=3600 
PCR=924796800 
PTS=924796800 
PTS-PCR=0 
PCR=924796800 
PTS=924800400 
PTS-PCR=3600 
PCR=924804000 
PTS=924804000 
PTS-PCR=0 
PCR=924804000 
PTS=924807600 
PTS-PCR=3600 
PCR=924811200 
PTS=924811200 
PTS-PCR=0 
PCR=924811200 
PTS=924814800 
PTS-PCR=3600 
PCR=924818400 
PTS=924818400 
PTS-PCR=0 
PCR=924818400 
PTS=924822000 
PTS-PCR=3600 
PCR=924825600 
PTS=924825600 
PTS-PCR=0 
PCR=924825600 
PTS=924829200 
PTS-PCR=3600 
PCR=924832800 
PTS=924832800 
PTS-PCR=0 
PCR=924832800 
PTS=924836400 
PTS-PCR=3600 
PCR=924840000 
PTS=924840000 
PTS-PCR=0 
PCR=924840000 
PTS=924843600 
PTS-PCR=3600 
PCR=924847200 
PTS=924847200 
PTS-PCR=0 
PCR=924847200 
PTS=924850800 
PTS-PCR=3600 
PCR=924854400 
PTS=924854400 
PTS-PCR=0 
PCR=924854400 
PTS=924858000 
PTS-PCR=3600 
PCR=924861600 
PTS=924861600 
PTS-PCR=0 
PCR=924861600 
PTS=924865200 
PTS-PCR=3600 
PCR=924868800 
PTS=924868800 
PTS-PCR=0 
PCR=924868800 
PTS=924872400 
PTS-PCR=3600 
PCR=924876000 
PTS=924876000 
PTS-PCR=0 
PCR=924876000 
PTS=924879600 
PTS-PCR=3600 
PCR=924883200 
PTS=924883200 
PTS-PCR=0 
PCR=924883200 
PTS=924886800 
PTS-PCR=3600 
PCR=924890400 
PTS=924890400 
PTS-PCR=0 
PCR=924890400 
PTS=924894000 
PTS-PCR=3600 
PCR=924897600 
PTS=924897600 
PTS-PCR=0 
PCR=924897600 
PTS=924901200 
PTS-PCR=3600 
PCR=924904800 
PTS=924904800 
PTS-PCR=0 
PCR=924904800 
PTS=924908400 
PTS-PCR=3600 
PCR=924912000 
PTS=924912000 
PTS-PCR=0 
  Gop index=2 gopsize=100
PCR=924912000 
PTS=924915600 
PTS-PCR=3600 
PCR=924919200 
PTS=924919200 
PTS-PCR=0 
PCR=924919200 
PTS=924922800 
PTS-PCR=3600 
PCR=924926400 
PTS=924926400 
PTS-PCR=0 
PCR=924926400 
PTS=924930000 
PTS-PCR=3600 
PCR=924933600 
PTS=924933600 
PTS-PCR=0 
PCR=924933600 
PTS=924937200 
PTS-PCR=3600 
PCR=924940800 
PTS=924940800 
PTS-PCR=0 
PCR=924940800 
PTS=924944400 
PTS-PCR=3600 
PCR=924948000 
PTS=924948000 
PTS-PCR=0 
PCR=924948000 
PTS=924951600 
PTS-PCR=3600 
PCR=924955200 
PTS=924955200 
PTS-PCR=0 
PCR=924955200 
PTS=924958800 
PTS-PCR=3600 
PCR=924962400 
PTS=924962400 
PTS-PCR=0 
PCR=924962400 
PTS=924966000 
PTS-PCR=3600 
PCR=924969600 
PTS=924969600 
PTS-PCR=0 
PCR=924969600 
PTS=924973200 
PTS-PCR=3600 
PCR=924976800 
PTS=924976800 
PTS-PCR=0 
PCR=924976800 
PTS=924980400 
PTS-PCR=3600 
PCR=924984000 
PTS=924984000 
PTS-PCR=0 
PCR=924984000 
PTS=924987600 
PTS-PCR=3600 
PCR=924991200 
PTS=924991200 
PTS-PCR=0 
PCR=924991200 
PTS=924994800 
PTS-PCR=3600 
PCR=924998400 
PTS=924998400 
PTS-PCR=0 
PCR=924998400 
PTS=925002000 
PTS-PCR=3600 
PCR=925005600 
PTS=925005600 
PTS-PCR=0 
PCR=925005600 
PTS=925009200 
PTS-PCR=3600 
PCR=925012800 
PTS=925012800 
PTS-PCR=0 
PCR=925012800 
PTS=925016400 
PTS-PCR=3600 
PCR=925020000 
PTS=925020000 
PTS-PCR=0 
PCR=925020000 
PTS=925023600 
PTS-PCR=3600 
PCR=925027200 
PTS=925027200 
PTS-PCR=0 
PCR=925027200 
PTS=925030800 
PTS-PCR=3600 
PCR=925034400 
PTS=925034400 
PTS-PCR=0 
PCR=925034400 
PTS=925038000 
PTS-PCR=3600 
PCR=925041600 
PTS=925041600 
PTS-PCR=0 
PCR=925041600 
PTS=925045200 
PTS-PCR=3600 
PCR=925048800 
PTS=925048800 
PTS-PCR=0 
PCR=925048800 
PTS=925052400 
PTS-PCR=3600 
PCR=925056000 
PTS=925056000 
PTS-PCR=0 
PCR=925056000 
PTS=925059600 
PTS-PCR=3600 
PCR=925063200 
PTS=925063200 
PTS-PCR=0 
PCR=925063200 
PTS=925066800 
PTS-PCR=3600 
PCR=925070400 
PTS=925070400 
PTS-PCR=0 
PCR=925070400 
PTS=925074000 
PTS-PCR=3600 
PCR=925077600 
PTS=925077600 
PTS-PCR=0 
PCR=925077600 
PTS=925081200 
PTS-PCR=3600 
PCR=925084800 
PTS=925084800 
PTS-PCR=0 
PCR=925084800 
PTS=925088400 
PTS-PCR=3600 
PCR=925092000 
PTS=925092000 
PTS-PCR=0 
PCR=925092000 
PTS=925095600 
PTS-PCR=3600 
PCR=925099200 
PTS=925099200 
PTS-PCR=0 
PCR=925099200 
PTS=925102800 
PTS-PCR=3600 
PCR=925106400 
PTS=925106400 
PTS-PCR=0 
PCR=925106400 
PTS=925110000 
PTS-PCR=3600 
PCR=925113600 
PTS=925113600 
PTS-PCR=0 
PCR=925113600 
PTS=925117200 
PTS-PCR=3600 
PCR=925120800 
PTS=925120800 
PTS-PCR=0 
PCR=925120800 
PTS=925124400 
PTS-PCR=3600 
PCR=925128000 
PTS=925128000 
PTS-PCR=0 
PCR=925128000 
PTS=925131600 
PTS-PCR=3600 
PCR=925135200 
PTS=925135200 
PTS-PCR=0 
PCR=925135200 
PTS=925138800 
PTS-PCR=3600 
PCR=925142400 
PTS=925142400 
PTS-PCR=0 
PCR=925142400 
PTS=925146000 
PTS-PCR=3600 
PCR=925149600 
PTS=925149600 
PTS-PCR=0 
PCR=925149600 
PTS=925153200 
PTS-PCR=3600 
PCR=925156800 
PTS=925156800 
PTS-PCR=0 
PCR=925156800 
PTS=925160400 
PTS-PCR=3600 
PCR=925164000 
PTS=925164000 
PTS-PCR=0 
PCR=925164000 
PTS=925167600 
PTS-PCR=3600 
PCR=925171200 
PTS=925171200 
PTS-PCR=0 
PCR=925171200 
PTS=925174800 
PTS-PCR=3600 
PCR=925178400 
PTS=925178400 
PTS-PCR=0 
PCR=925178400 
PTS=925182000 
PTS-PCR=3600 
PCR=925185600 
PTS=925185600 
PTS-PCR=0 
PCR=925185600 
PTS=925189200 
PTS-PCR=3600 
PCR=925192800 
PTS=925192800 
PTS-PCR=0 
PCR=925192800 
PTS=925196400 
PTS-PCR=3600 
PCR=925200000 
PTS=925200000 
PTS-PCR=0 
PCR=925200000 
PTS=925203600 
PTS-PCR=3600 
PCR=925207200 
PTS=925207200 
PTS-PCR=0 
PCR=925207200 
PTS=925210800 
PTS-PCR=3600 
PCR=925214400 
PTS=925214400 
PTS-PCR=0 
PCR=925214400 
PTS=925218000 
PTS-PCR=3600 
PCR=925221600 
PTS=925221600 
PTS-PCR=0 
PCR=925221600 
PTS=925225200 
PTS-PCR=3600 
PCR=925228800 
PTS=925228800 
PTS-PCR=0 
PCR=925228800 
PTS=925232400 
PTS-PCR=3600 
PCR=925236000 
PTS=925236000 
PTS-PCR=0 
PCR=925236000 
PTS=925239600 
PTS-PCR=3600 
PCR=925243200 
PTS=925243200 
PTS-PCR=0 
PCR=925243200 
PTS=925246800 
PTS-PCR=3600 
PCR=925250400 
PTS=925250400 
PTS-PCR=0 
PCR=925250400 
PTS=925254000 
PTS-PCR=3600 
PCR=925257600 
PTS=925257600 
PTS-PCR=0 
PCR=925257600 
PTS=925261200 
PTS-PCR=3600 
PCR=925264800 
PTS=925264800 
PTS-PCR=0 
PCR=925264800 
PTS=925268400 
PTS-PCR=3600 
PCR=925272000 
PTS=925272000 
PTS-PCR=0 
  Gop index=3 gopsize=100
PCR=925272000 
PTS=925275600 
PTS-PCR=3600 
PCR=925279200 
PTS=925279200 
PTS-PCR=0 
PCR=925279200 
PTS=925282800 
PTS-PCR=3600 
PCR=925286400 
PTS=925286400 
PTS-PCR=0 
PCR=925286400 
PTS=925290000 
PTS-PCR=3600 
PCR=925293600 
PTS=925293600 
PTS-PCR=0 
PCR=925293600 
PTS=925297200 
PTS-PCR=3600 
PCR=925300800 
PTS=925300800 
PTS-PCR=0 
PCR=925300800 
PTS=925304400 
PTS-PCR=3600 
PCR=925308000 
PTS=925308000 
PTS-PCR=0 
PCR=925308000 
PTS=925311600 
PTS-PCR=3600 
PCR=925315200 
PTS=925315200 
PTS-PCR=0 
PCR=925315200 
PTS=925318800 
PTS-PCR=3600 
PCR=925322400 
PTS=925322400 
PTS-PCR=0 
PCR=925322400 
PTS=925326000 
PTS-PCR=3600 
PCR=925329600 
PTS=925329600 
PTS-PCR=0 
PCR=925329600 
PTS=925333200 
PTS-PCR=3600 
PCR=925336800 
PTS=925336800 
PTS-PCR=0 
PCR=925336800 
PTS=925340400 
PTS-PCR=3600 
PCR=925344000 
PTS=925344000 
PTS-PCR=0 
PCR=925344000 
PTS=925347600 
PTS-PCR=3600 
PCR=925351200 
PTS=925351200 
PTS-PCR=0 
PCR=925351200 
PTS=925354800 
PTS-PCR=3600 
PCR=925358400 
PTS=925358400 
PTS-PCR=0 
PCR=925358400 
PTS=925362000 
PTS-PCR=3600 
PCR=925365600 
PTS=925365600 
PTS-PCR=0 
PCR=925365600 
PTS=925369200 
PTS-PCR=3600 
PCR=925372800 
PTS=925372800 
PTS-PCR=0 
PCR=925372800 
PTS=925376400 
PTS-PCR=3600 
PCR=925380000 
PTS=925380000 
PTS-PCR=0 
PCR=925380000 
PTS=925383600 
PTS-PCR=3600 
PCR=925387200 
PTS=925387200 
PTS-PCR=0 
PCR=925387200 
PTS=925390800 
PTS-PCR=3600 
PCR=925394400 
PTS=925394400 
PTS-PCR=0 
PCR=925394400 
PTS=925398000 
PTS-PCR=3600 
PCR=925401600 
PTS=925401600 
PTS-PCR=0 
PCR=925401600 
PTS=925405200 
PTS-PCR=3600 
PCR=925408800 
PTS=925408800 
PTS-PCR=0 
PCR=925408800 
PTS=925412400 
PTS-PCR=3600 
PCR=925416000 
PTS=925416000 
PTS-PCR=0 
PCR=925416000 
PTS=925419600 
PTS-PCR=3600 
PCR=925423200 
PTS=925423200 
PTS-PCR=0 
PCR=925423200 
PTS=925426800 
PTS-PCR=3600 
PCR=925430400 
PTS=925430400 
PTS-PCR=0 
PCR=925430400 
PTS=925434000 
PTS-PCR=3600 
PCR=925437600 
PTS=925437600 
PTS-PCR=0 
PCR=925437600 
PTS=925441200 
PTS-PCR=3600 
PCR=925444800 
PTS=925444800 
PTS-PCR=0 
PCR=925444800 
PTS=925448400 
PTS-PCR=3600 
PCR=925452000 
PTS=925452000 
PTS-PCR=0 
PCR=925452000 
PTS=925455600 
PTS-PCR=3600 
PCR=925459200 
PTS=925459200 
PTS-PCR=0 
PCR=925459200 
PTS=925462800 
PTS-PCR=3600 
PCR=925466400 
PTS=925466400 
PTS-PCR=0 
PCR=925466400 
PTS=925470000 
PTS-PCR=3600 
PCR=925473600 
PTS=925473600 
PTS-PCR=0 
PCR=925473600 
PTS=925477200 
PTS-PCR=3600 
PCR=925480800 
PTS=925480800 
PTS-PCR=0 
PCR=925480800 
PTS=925484400 
PTS-PCR=3600 
PCR=925488000 
PTS=925488000 
PTS-PCR=0 
PCR=925488000 
PTS=925491600 
PTS-PCR=3600 
PCR=925495200 
PTS=925495200 
PTS-PCR=0 
PCR=925495200 
PTS=925498800 
PTS-PCR=3600 
PCR=925502400 
PTS=925502400 
PTS-PCR=0 
PCR=925502400 
PTS=925506000 
PTS-PCR=3600 
PCR=925509600 
PTS=925509600 
PTS-PCR=0 
PCR=925509600 
PTS=925513200 
PTS-PCR=3600 
PCR=925516800 
PTS=925516800 
PTS-PCR=0 
PCR=925516800 
PTS=925520400 
PTS-PCR=3600 
PCR=925524000 
PTS=925524000 
PTS-PCR=0 
PCR=925524000 
PTS=925527600 
PTS-PCR=3600 
PCR=925531200 
PTS=925531200 
PTS-PCR=0 
PCR=925531200 
PTS=925534800 
PTS-PCR=3600 
PCR=925538400 
PTS=925538400 
PTS-PCR=0 
PCR=925538400 
PTS=925542000 
PTS-PCR=3600 
PCR=925545600 
PTS=925545600 
PTS-PCR=0 
PCR=925545600 
PTS=925549200 
PTS-PCR=3600 
PCR=925552800 
PTS=925552800 
PTS-PCR=0 
PCR=925552800 
PTS=925556400 
PTS-PCR=3600 
PCR=925560000 
PTS=925560000 
PTS-PCR=0 
PCR=925560000 
PTS=925563600 
PTS-PCR=3600 
PCR=925567200 
PTS=925567200 
PTS-PCR=0 
PCR=925567200 
PTS=925570800 
PTS-PCR=3600 
PCR=925574400 
PTS=925574400 
PTS-PCR=0 
PCR=925574400 
PTS=925578000 
PTS-PCR=3600 
PCR=925581600 
PTS=925581600 
PTS-PCR=0 
PCR=925581600 
PTS=925585200 
PTS-PCR=3600 
PCR=925588800 
PTS=925588800 
PTS-PCR=0 
PCR=925588800 
PTS=925592400 
PTS-PCR=3600 
PCR=925596000 
PTS=925596000 
PTS-PCR=0 
PCR=925596000 
PTS=925599600 
PTS-PCR=3600 
PCR=925603200 
PTS=925603200 
PTS-PCR=0 
PCR=925603200 
PTS=925606800 
PTS-PCR=3600 
PCR=925610400 
PTS=925610400 
PTS-PCR=0 
PCR=925610400 
PTS=925614000 
PTS-PCR=3600 
PCR=925617600 
PTS=925617600 
PTS-PCR=0 
PCR=925617600 
PTS=925621200 
PTS-PCR=3600 
PCR=925624800 
PTS=925624800 
PTS-PCR=0 
PCR=925624800 
PTS=925628400 
PTS-PCR=3600 
PCR=925632000 
PTS=925632000 
PTS-PCR=0 
  Gop index=4 gopsize=100
PCR=925632000 
PTS=925635600 
PTS-PCR=3600 
PCR=925639200 
PTS=925639200 
PTS-PCR=0 
PCR=925639200 
PTS=925642800 
PTS-PCR=3600 
PCR=925646400 
PTS=925646400 
PTS-PCR=0 
PCR=925646400 
PTS=925650000 
PTS-PCR=3600 
PCR=925653600 
PTS=925653600 
PTS-PCR=0 
PCR=925653600 
PTS=925657200 
PTS-PCR=3600 
PCR=925660800 
PTS=925660800 
PTS-PCR=0 
PCR=925660800 
PTS=925664400 
PTS-PCR=3600 
PCR=925668000 
PTS=925668000 
PTS-PCR=0 
PCR=925668000 
PTS=925671600 
PTS-PCR=3600 
PCR=925675200 
PTS=925675200 
PTS-PCR=0 
PCR=925675200 
PTS=925678800 
PTS-PCR=3600 
PCR=925682400 
PTS=925682400 
PTS-PCR=0 
PCR=925682400 
PTS=925686000 
PTS-PCR=3600 
PCR=925689600 
PTS=925689600 
PTS-PCR=0 
PCR=925689600 
PTS=925693200 
PTS-PCR=3600 
PCR=925696800 
PTS=925696800 
PTS-PCR=0 
PCR=925696800 
PTS=925700400 
PTS-PCR=3600 
PCR=925704000 
PTS=925704000 
PTS-PCR=0 
PCR=925704000 
PTS=925707600 
PTS-PCR=3600 
PCR=925711200 
PTS=925711200 
PTS-PCR=0 
PCR=925711200 
PTS=925714800 
PTS-PCR=3600 
PCR=925718400 
PTS=925718400 
PTS-PCR=0 
PCR=925718400 
PTS=925722000 
PTS-PCR=3600 
PCR=925725600 
PTS=925725600 
PTS-PCR=0 
PCR=925725600 
PTS=925729200 
PTS-PCR=3600 
PCR=925732800 
PTS=925732800 
PTS-PCR=0 
PCR=925732800 
PTS=925736400 
PTS-PCR=3600 
PCR=925740000 
PTS=925740000 
PTS-PCR=0 
PCR=925740000 
PTS=925743600 
PTS-PCR=3600 
PCR=925747200 
PTS=925747200 
PTS-PCR=0 
PCR=925747200 
PTS=925750800 
PTS-PCR=3600 
PCR=925754400 
PTS=925754400 
PTS-PCR=0 
PCR=925754400 
PTS=925758000 
PTS-PCR=3600 
PCR=925761600 
PTS=925761600 
PTS-PCR=0 
PCR=925761600 
PTS=925765200 
PTS-PCR=3600 
PCR=925768800 
PTS=925768800 
PTS-PCR=0 
PCR=925768800 
PTS=925772400 
PTS-PCR=3600 
PCR=925776000 
PTS=925776000 
PTS-PCR=0 
PCR=925776000 
PTS=925779600 
PTS-PCR=3600 
PCR=925783200 
PTS=925783200 
PTS-PCR=0 
PCR=925783200 
PTS=925786800 
PTS-PCR=3600 
PCR=925790400 
PTS=925790400 
PTS-PCR=0 
PCR=925790400 
PTS=925794000 
PTS-PCR=3600 
PCR=925797600 
PTS=925797600 
PTS-PCR=0 
PCR=925797600 
PTS=925801200 
PTS-PCR=3600 
PCR=925804800 
PTS=925804800 
PTS-PCR=0 
PCR=925804800 
PTS=925808400 
PTS-PCR=3600 
PCR=925812000 
PTS=925812000 
PTS-PCR=0 
PCR=925812000 
PTS=925815600 
PTS-PCR=3600 
PCR=925819200 
PTS=925819200 
PTS-PCR=0 
PCR=925819200 
PTS=925822800 
PTS-PCR=3600 
PCR=925826400 
PTS=925826400 
PTS-PCR=0 
PCR=925826400 
PTS=925830000 
PTS-PCR=3600 
PCR=925833600 
PTS=925833600 
PTS-PCR=0 
PCR=925833600 
PTS=925837200 
PTS-PCR=3600 
PCR=925840800 
PTS=925840800 
PTS-PCR=0 
PCR=925840800 
PTS=925844400 
PTS-PCR=3600 
PCR=925848000 
PTS=925848000 
PTS-PCR=0 
PCR=925848000 
PTS=925851600 
PTS-PCR=3600 
PCR=925855200 
PTS=925855200 
PTS-PCR=0 
PCR=925855200 
PTS=925858800 
PTS-PCR=3600 
PCR=925862400 
PTS=925862400 
PTS-PCR=0 
PCR=925862400 
PTS=925866000 
PTS-PCR=3600 
PCR=925869600 
PTS=925869600 
PTS-PCR=0 
PCR=925869600 
PTS=925873200 
PTS-PCR=3600 
PCR=925876800 
PTS=925876800 
PTS-PCR=0 
PCR=925876800 
PTS=925880400 
PTS-PCR=3600 
PCR=925884000 
PTS=925884000 
PTS-PCR=0 
PCR=925884000 
PTS=925887600 
PTS-PCR=3600 
PCR=925891200 
PTS=925891200 
PTS-PCR=0 
PCR=925891200 
PTS=925894800 
PTS-PCR=3600 
PCR=925898400 
PTS=925898400 
PTS-PCR=0 
PCR=925898400 
PTS=925902000 
PTS-PCR=3600 
PCR=925905600 
PTS=925905600 
PTS-PCR=0 
PCR=925905600 
PTS=925909200 
PTS-PCR=3600 
PCR=925912800 
PTS=925912800 
PTS-PCR=0 
PCR=925912800 
PTS=925916400 
PTS-PCR=3600 
PCR=925920000 
PTS=925920000 
PTS-PCR=0 
PCR=925920000 
PTS=925923600 
PTS-PCR=3600 
PCR=925927200 
PTS=925927200 
PTS-PCR=0 
PCR=925927200 
PTS=925930800 
PTS-PCR=3600 
PCR=925934400 
PTS=925934400 
PTS-PCR=0 
PCR=925934400 
PTS=925938000 
PTS-PCR=3600 
PCR=925941600 
PTS=925941600 
PTS-PCR=0 
PCR=925941600 
PTS=925945200 
PTS-PCR=3600 
PCR=925948800 
PTS=925948800 
PTS-PCR=0 
PCR=925948800 
PTS=925952400 
PTS-PCR=3600 
PCR=925956000 
PTS=925956000 
PTS-PCR=0 
PCR=925956000 
PTS=925959600 
PTS-PCR=3600 
PCR=925963200 
PTS=925963200 
PTS-PCR=0 
PCR=925963200 
PTS=925966800 
PTS-PCR=3600 
PCR=925970400 
PTS=925970400 
PTS-PCR=0 
PCR=925970400 
PTS=925974000 
PTS-PCR=3600 
PCR=925977600 
PTS=925977600 
PTS-PCR=0 
PCR=925977600 
PTS=925981200 
PTS-PCR=3600 
PCR=925984800 
PTS=925984800 
PTS-PCR=0 
PCR=925984800 
PTS=925988400 
PTS-PCR=3600 
PCR=925992000 
PTS=925992000 
PTS-PCR=0 
  Gop index=5 gopsize=100
PCR=925992000 
PTS=925995600 
PTS-PCR=3600 
PCR=925999200 
PTS=925999200 
PTS-PCR=0 
PCR=925999200 
PTS=926002800 
PTS-PCR=3600 
PCR=926006400 
PTS=926006400 
PTS-PCR=0 
PCR=926006400 
PTS=926010000 
PTS-PCR=3600 
PCR=926013600 
PTS=926013600 
PTS-PCR=0 
PCR=926013600 
PTS=926017200 
PTS-PCR=3600 
PCR=926020800 
PTS=926020800 
PTS-PCR=0 
PCR=926020800 
PTS=926024400 
PTS-PCR=3600 
PCR=926028000 
PTS=926028000 
PTS-PCR=0 
PCR=926028000 
PTS=926031600 
PTS-PCR=3600 
PCR=926035200 
PTS=926035200 
PTS-PCR=0 
PCR=926035200 
PTS=926038800 
PTS-PCR=3600 
PCR=926042400 
PTS=926042400 
PTS-PCR=0 
PCR=926042400 
PTS=926046000 
PTS-PCR=3600 
PCR=926049600 
PTS=926049600 
PTS-PCR=0 
PCR=926049600 
PTS=926053200 
PTS-PCR=3600 
PCR=926056800 
PTS=926056800 
PTS-PCR=0 
PCR=926056800 
PTS=926060400 
PTS-PCR=3600 
PCR=926064000 
PTS=926064000 
PTS-PCR=0 
PCR=926064000 
PTS=926067600 
PTS-PCR=3600 
PCR=926071200 
PTS=926071200 
PTS-PCR=0 
PCR=926071200 
PTS=926074800 
PTS-PCR=3600 
PCR=926078400 
PTS=926078400 
PTS-PCR=0 
PCR=926078400 
PTS=926082000 
PTS-PCR=3600 
PCR=926085600 
PTS=926085600 
PTS-PCR=0 
PCR=926085600 
PTS=926089200 
PTS-PCR=3600 
PCR=926092800 
PTS=926092800 
PTS-PCR=0 
PCR=926092800 
PTS=926096400 
PTS-PCR=3600 
PCR=926100000 
PTS=926100000 
PTS-PCR=0 
PCR=926100000 
PTS=926103600 
PTS-PCR=3600 
PCR=926107200 
PTS=926107200 
PTS-PCR=0 
PCR=926107200 
PTS=926110800 
PTS-PCR=3600 
PCR=926114400 
PTS=926114400 
PTS-PCR=0 
PCR=926114400 
PTS=926118000 
PTS-PCR=3600 
PCR=926121600 
PTS=926121600 
PTS-PCR=0 
PCR=926121600 
PTS=926125200 
PTS-PCR=3600 
PCR=926128800 
PTS=926128800 
PTS-PCR=0 
PCR=926128800 
PTS=926132400 
PTS-PCR=3600 
PCR=926136000 
PTS=926136000 
PTS-PCR=0 
PCR=926136000 
PTS=926139600 
PTS-PCR=3600 
PCR=926143200 
PTS=926143200 
PTS-PCR=0 
PCR=926143200 
PTS=926146800 
PTS-PCR=3600 
PCR=926150400 
PTS=926150400 
PTS-PCR=0 
PCR=926150400 
PTS=926154000 
PTS-PCR=3600 
PCR=926157600 
PTS=926157600 
PTS-PCR=0 
PCR=926157600 
PTS=926161200 
PTS-PCR=3600 
PCR=926164800 
PTS=926164800 
PTS-PCR=0 
PCR=926164800 
PTS=926168400 
PTS-PCR=3600 
PCR=926172000 
PTS=926172000 
PTS-PCR=0 
PCR=926172000 
PTS=926175600 
PTS-PCR=3600 
PCR=926179200 
PTS=926179200 
PTS-PCR=0 
PCR=926179200 
PTS=926182800 
PTS-PCR=3600 
PCR=926186400 
PTS=926186400 
PTS-PCR=0 
PCR=926186400 
PTS=926190000 
PTS-PCR=3600 
PCR=926193600 
PTS=926193600 
PTS-PCR=0 
PCR=926193600 
PTS=926197200 
PTS-PCR=3600 
PCR=926200800 
PTS=926200800 
PTS-PCR=0 
PCR=926200800 
PTS=926204400 
PTS-PCR=3600 
PCR=926208000 
PTS=926208000 
PTS-PCR=0 
PCR=926208000 
PTS=926211600 
PTS-PCR=3600 
PCR=926215200 
PTS=926215200 
PTS-PCR=0 
PCR=926215200 
PTS=926218800 
PTS-PCR=3600 
PCR=926222400 
PTS=926222400 
PTS-PCR=0 
PCR=926222400 
PTS=926226000 
PTS-PCR=3600 
PCR=926229600 
PTS=926229600 
PTS-PCR=0 
PCR=926229600 
PTS=926233200 
PTS-PCR=3600 
PCR=926236800 
PTS=926236800 
PTS-PCR=0 
PCR=926236800 
PTS=926240400 
PTS-PCR=3600 
PCR=926244000 
PTS=926244000 
PTS-PCR=0 
PCR=926244000 
PTS=926247600 
PTS-PCR=3600 
PCR=926251200 
PTS=926251200 
PTS-PCR=0 
PCR=926251200 
PTS=926254800 
PTS-PCR=3600 
PCR=926258400 
PTS=926258400 
PTS-PCR=0 
PCR=926258400 
PTS=926262000 
PTS-PCR=3600 
PCR=926265600 
PTS=926265600 
PTS-PCR=0 
PCR=926265600 
PTS=926269200 
PTS-PCR=3600 
PCR=926272800 
PTS=926272800 
PTS-PCR=0 
PCR=926272800 
PTS=926276400 
PTS-PCR=3600 
PCR=926280000 
PTS=926280000 
PTS-PCR=0 
PCR=926280000 
PTS=926283600 
PTS-PCR=3600 
PCR=926287200 
PTS=926287200 
PTS-PCR=0 
PCR=926287200 
PTS=926290800 
PTS-PCR=3600 
PCR=926294400 
PTS=926294400 
PTS-PCR=0 
PCR=926294400 
PTS=926298000 
PTS-PCR=3600 
PCR=926301600 
PTS=926301600 
PTS-PCR=0 
PCR=926301600 
PTS=926305200 
PTS-PCR=3600 
PCR=926308800 
PTS=926308800 
PTS-PCR=0 
PCR=926308800 
PTS=926312400 
PTS-PCR=3600 
PCR=926316000 
PTS=926316000 
PTS-PCR=0 
PCR=926316000 
PTS=926319600 
PTS-PCR=3600 
PCR=926323200 
PTS=926323200 
PTS-PCR=0 
PCR=926323200 
PTS=926326800 
PTS-PCR=3600 
PCR=926330400 
PTS=926330400 
PTS-PCR=0 
PCR=926330400 
PTS=926334000 
PTS-PCR=3600 
PCR=926337600 
PTS=926337600 
PTS-PCR=0 
PCR=926337600 
PTS=926341200 
PTS-PCR=3600 
PCR=926344800 
PTS=926344800 
PTS-PCR=0 
PCR=926344800 
PTS=926348400 
PTS-PCR=3600 
PCR=926352000 
PTS=926352000 
PTS-PCR=0 
  Gop index=6 gopsize=100
PCR=926352000 
PTS=926355600 
PTS-PCR=3600 
PCR=926359200 
PTS=926359200 
PTS-PCR=0 
PCR=926359200 
PTS=926362800 
PTS-PCR=3600 
PCR=926366400 
PTS=926366400 
PTS-PCR=0 
PCR=926366400 
PTS=926370000 
PTS-PCR=3600 
PCR=926373600 
PTS=926373600 
PTS-PCR=0 
PCR=926373600 
PTS=926377200 
PTS-PCR=3600 
PCR=926380800 
PTS=926380800 
PTS-PCR=0 
PCR=926380800 
PTS=926384400 
PTS-PCR=3600 
PCR=926388000 
PTS=926388000 
PTS-PCR=0 
PCR=926388000 
PTS=926391600 
PTS-PCR=3600 
PCR=926395200 
PTS=926395200 
PTS-PCR=0 
PCR=926395200 
PTS=926398800 
PTS-PCR=3600 
PCR=926402400 
PTS=926402400 
PTS-PCR=0 
PCR=926402400 
PTS=926406000 
PTS-PCR=3600 
PCR=926409600 
PTS=926409600 
PTS-PCR=0 
PCR=926409600 
PTS=926413200 
PTS-PCR=3600 
PCR=926416800 
PTS=926416800 
PTS-PCR=0 
PCR=926416800 
PTS=926420400 
PTS-PCR=3600 
PCR=926424000 
PTS=926424000 
PTS-PCR=0 
PCR=926424000 
PTS=926427600 
PTS-PCR=3600 
PCR=926431200 
PTS=926431200 
PTS-PCR=0 
PCR=926431200 
PTS=926434800 
PTS-PCR=3600 
PCR=926438400 
PTS=926438400 
PTS-PCR=0 
PCR=926438400 
PTS=926442000 
PTS-PCR=3600 
PCR=926445600 
PTS=926445600 
PTS-PCR=0 
PCR=926445600 
PTS=926449200 
PTS-PCR=3600 
PCR=926452800 
PTS=926452800 
PTS-PCR=0 
PCR=926452800 
PTS=926456400 
PTS-PCR=3600 
PCR=926460000 
PTS=926460000 
PTS-PCR=0 
PCR=926460000 
PTS=926463600 
PTS-PCR=3600 
PCR=926467200 
PTS=926467200 
PTS-PCR=0 
PCR=926467200 
PTS=926470800 
PTS-PCR=3600 
PCR=926474400 
PTS=926474400 
PTS-PCR=0 
PCR=926474400 
PTS=926478000 
PTS-PCR=3600 
PCR=926481600 
PTS=926481600 
PTS-PCR=0 
PCR=926481600 
PTS=926485200 
PTS-PCR=3600 
PCR=926488800 
PTS=926488800 
PTS-PCR=0 
PCR=926488800 
PTS=926492400 
PTS-PCR=3600 
PCR=926496000 
PTS=926496000 
PTS-PCR=0 
PCR=926496000 
PTS=926499600 
PTS-PCR=3600 
PCR=926503200 
PTS=926503200 
PTS-PCR=0 
PCR=926503200 
PTS=926506800 
PTS-PCR=3600 
PCR=926510400 
PTS=926510400 
PTS-PCR=0 
PCR=926510400 
PTS=926514000 
PTS-PCR=3600 
PCR=926517600 
PTS=926517600 
PTS-PCR=0 
PCR=926517600 
PTS=926521200 
PTS-PCR=3600 
PCR=926524800 
PTS=926524800 
PTS-PCR=0 
PCR=926524800 
PTS=926528400 
PTS-PCR=3600 
PCR=926532000 
PTS=926532000 
PTS-PCR=0 
PCR=926532000 
PTS=926535600 
PTS-PCR=3600 
PCR=926539200 
PTS=926539200 
PTS-PCR=0 
PCR=926539200 
PTS=926542800 
PTS-PCR=3600 
PCR=926546400 
PTS=926546400 
PTS-PCR=0 
PCR=926546400 
PTS=926550000 
PTS-PCR=3600 
PCR=926553600 
PTS=926553600 
PTS-PCR=0 
PCR=926553600 
PTS=926557200 
PTS-PCR=3600 
PCR=926560800 
PTS=926560800 
PTS-PCR=0 
PCR=926560800 
PTS=926564400 
PTS-PCR=3600 
PCR=926568000 
PTS=926568000 
PTS-PCR=0 
PCR=926568000 
PTS=926571600 
PTS-PCR=3600 
PCR=926575200 
PTS=926575200 
PTS-PCR=0 
PCR=926575200 
PTS=926578800 
PTS-PCR=3600 
PCR=926582400 
PTS=926582400 
PTS-PCR=0 
PCR=926582400 
PTS=926586000 
PTS-PCR=3600 
PCR=926589600 
PTS=926589600 
PTS-PCR=0 
PCR=926589600 
PTS=926593200 
PTS-PCR=3600 
PCR=926596800 
PTS=926596800 
PTS-PCR=0 
PCR=926596800 
PTS=926600400 
PTS-PCR=3600 
PCR=926604000 
PTS=926604000 
PTS-PCR=0 
PCR=926604000 
PTS=926607600 
PTS-PCR=3600 
PCR=926611200 
PTS=926611200 
PTS-PCR=0 
PCR=926611200 
PTS=926614800 
PTS-PCR=3600 
PCR=926618400 
PTS=926618400 
PTS-PCR=0 
PCR=926618400 
PTS=926622000 
PTS-PCR=3600 
PCR=926625600 
PTS=926625600 
PTS-PCR=0 
PCR=926625600 
PTS=926629200 
PTS-PCR=3600 
PCR=926632800 
PTS=926632800 
PTS-PCR=0 
PCR=926632800 
PTS=926636400 
PTS-PCR=3600 
PCR=926640000 
PTS=926640000 
PTS-PCR=0 
PCR=926640000 
PTS=926643600 
PTS-PCR=3600 
PCR=926647200 
PTS=926647200 
PTS-PCR=0 
PCR=926647200 
PTS=926650800 
PTS-PCR=3600 
PCR=926654400 
PTS=926654400 
PTS-PCR=0 
PCR=926654400 
PTS=926658000 
PTS-PCR=3600 
PCR=926661600 
PTS=926661600 
PTS-PCR=0 
PCR=926661600 
PTS=926665200 
PTS-PCR=3600 
PCR=926668800 
PTS=926668800 
PTS-PCR=0 
PCR=926668800 
PTS=926672400 
PTS-PCR=3600 
PCR=926676000 
PTS=926676000 
PTS-PCR=0 
PCR=926676000 
PTS=926679600 
PTS-PCR=3600 
PCR=926683200 
PTS=926683200 
PTS-PCR=0 
PCR=926683200 
PTS=926686800 
PTS-PCR=3600 
PCR=926690400 
PTS=926690400 
PTS-PCR=0 
PCR=926690400 
PTS=926694000 
PTS-PCR=3600 
PCR=926697600 
PTS=926697600 
PTS-PCR=0 
PCR=926697600 
PTS=926701200 
PTS-PCR=3600 
PCR=926704800 
PTS=926704800 
PTS-PCR=0 
PCR=926704800 
PTS=926708400 
PTS-PCR=3600 
PCR=926712000 
PTS=926712000 
PTS-PCR=0 
  Gop index=7 gopsize=100
PCR=926712000 
PTS=926715600 
PTS-PCR=3600 
PCR=926719200 
PTS=926719200 
PTS-PCR=0 
PCR=926719200 
PTS=926722800 
PTS-PCR=3600 
PCR=926726400 
PTS=926726400 
PTS-PCR=0 
PCR=926726400 
PTS=926730000 
PTS-PCR=3600 
PCR=926733600 
PTS=926733600 
PTS-PCR=0 
PCR=926733600 
PTS=926737200 
PTS-PCR=3600 
PCR=926740800 
PTS=926740800 
PTS-PCR=0 
PCR=926740800 
PTS=926744400 
PTS-PCR=3600 
PCR=926748000 
PTS=926748000 
PTS-PCR=0 
PCR=926748000 
PTS=926751600 
PTS-PCR=3600 
PCR=926755200 
PTS=926755200 
PTS-PCR=0 
PCR=926755200 
PTS=926758800 
PTS-PCR=3600 
PCR=926762400 
PTS=926762400 
PTS-PCR=0 
PCR=926762400 
PTS=926766000 
PTS-PCR=3600 
PCR=926769600 
PTS=926769600 
PTS-PCR=0 
PCR=926769600 
PTS=926773200 
PTS-PCR=3600 
PCR=926776800 
PTS=926776800 
PTS-PCR=0 
PCR=926776800 
PTS=926780400 
PTS-PCR=3600 
PCR=926784000 
PTS=926784000 
PTS-PCR=0 
PCR=926784000 
PTS=926787600 
PTS-PCR=3600 
PCR=926791200 
PTS=926791200 
PTS-PCR=0 
PCR=926791200 
PTS=926794800 
PTS-PCR=3600 
PCR=926798400 
PTS=926798400 
PTS-PCR=0 
PCR=926798400 
PTS=926802000 
PTS-PCR=3600 
PCR=926805600 
PTS=926805600 
PTS-PCR=0 
PCR=926805600 
PTS=926809200 
PTS-PCR=3600 
PCR=926812800 
PTS=926812800 
PTS-PCR=0 
PCR=926812800 
PTS=926816400 
PTS-PCR=3600 
PCR=926820000 
PTS=926820000 
PTS-PCR=0 
PCR=926820000 
PTS=926823600 
PTS-PCR=3600 
PCR=926827200 
PTS=926827200 
PTS-PCR=0 
PCR=926827200 
PTS=926830800 
PTS-PCR=3600 
PCR=926834400 
PTS=926834400 
PTS-PCR=0 
PCR=926834400 
PTS=926838000 
PTS-PCR=3600 
PCR=926841600 
PTS=926841600 
PTS-PCR=0 
PCR=926841600 
PTS=926845200 
PTS-PCR=3600 
PCR=926848800 
PTS=926848800 
PTS-PCR=0 
PCR=926848800 
PTS=926852400 
PTS-PCR=3600 
PCR=926856000 
PTS=926856000 
PTS-PCR=0 
PCR=926856000 
PTS=926859600 
PTS-PCR=3600 
PCR=926863200 
PTS=926863200 
PTS-PCR=0 
PCR=926863200 
PTS=926866800 
PTS-PCR=3600 
PCR=926870400 
PTS=926870400 
PTS-PCR=0 
PCR=926870400 
PTS=926874000 
PTS-PCR=3600 
PCR=926877600 
PTS=926877600 
PTS-PCR=0 
PCR=926877600 
PTS=926881200 
PTS-PCR=3600 
PCR=926884800 
PTS=926884800 
PTS-PCR=0 
PCR=926884800 
PTS=926888400 
PTS-PCR=3600 
PCR=926892000 
PTS=926892000 
PTS-PCR=0 
PCR=926892000 
PTS=926895600 
PTS-PCR=3600 
PCR=926899200 
PTS=926899200 
PTS-PCR=0 
PCR=926899200 
PTS=926902800 
PTS-PCR=3600 
PCR=926906400 
PTS=926906400 
PTS-PCR=0 
PCR=926906400 
PTS=926910000 
PTS-PCR=3600 
PCR=926913600 
PTS=926913600 
PTS-PCR=0 
PCR=926913600 
PTS=926917200 
PTS-PCR=3600 
PCR=926920800 
PTS=926920800 
PTS-PCR=0 
PCR=926920800 
PTS=926924400 
PTS-PCR=3600 
PCR=926928000 
PTS=926928000 
PTS-PCR=0 
PCR=926928000 
PTS=926931600 
PTS-PCR=3600 
PCR=926935200 
PTS=926935200 
PTS-PCR=0 
PCR=926935200 
PTS=926938800 
PTS-PCR=3600 
PCR=926942400 
PTS=926942400 
PTS-PCR=0 
PCR=926942400 
PTS=926946000 
PTS-PCR=3600 
PCR=926949600 
PTS=926949600 
PTS-PCR=0 
PCR=926949600 
PTS=926953200 
PTS-PCR=3600 
PCR=926956800 
PTS=926956800 
PTS-PCR=0 
PCR=926956800 
PTS=926960400 
PTS-PCR=3600 
PCR=926964000 
PTS=926964000 
PTS-PCR=0 
PCR=926964000 
PTS=926967600 
PTS-PCR=3600 
PCR=926971200 
PTS=926971200 
PTS-PCR=0 
PCR=926971200 
PTS=926974800 
PTS-PCR=3600 
PCR=926978400 
PTS=926978400 
PTS-PCR=0 
PCR=926978400 
PTS=926982000 
PTS-PCR=3600 
PCR=926985600 
PTS=926985600 
PTS-PCR=0 
PCR=926985600 
PTS=926989200 
PTS-PCR=3600 
PCR=926992800 
PTS=926992800 
PTS-PCR=0 
PCR=926992800 
PTS=926996400 
PTS-PCR=3600 
PCR=927000000 
PTS=927000000 
PTS-PCR=0 
PCR=927000000 
PTS=927003600 
PTS-PCR=3600 
PCR=927007200 
PTS=927007200 
PTS-PCR=0 
PCR=927007200 
PTS=927010800 
PTS-PCR=3600 
PCR=927014400 
PTS=927014400 
PTS-PCR=0 
PCR=927014400 
PTS=927018000 
PTS-PCR=3600 
PCR=927021600 
PTS=927021600 
PTS-PCR=0 
PCR=927021600 
PTS=927025200 
PTS-PCR=3600 
PCR=927028800 
PTS=927028800 
PTS-PCR=0 
PCR=927028800 
PTS=927032400 
PTS-PCR=3600 
PCR=927036000 
PTS=927036000 
PTS-PCR=0 
PCR=927036000 
PTS=927039600 
PTS-PCR=3600 
PCR=927043200 
PTS=927043200 
PTS-PCR=0 
PCR=927043200 
PTS=927046800 
PTS-PCR=3600 
PCR=927050400 
PTS=927050400 
PTS-PCR=0 
PCR=927050400 
PTS=927054000 
PTS-PCR=3600 
PCR=927057600 
PTS=927057600 
PTS-PCR=0 
PCR=927057600 
PTS=927061200 
PTS-PCR=3600 
PCR=927064800 
PTS=927064800 
PTS-PCR=0 
PCR=927064800 
PTS=927068400 
PTS-PCR=3600 
PCR=927072000 
PTS=927072000 
PTS-PCR=0 
  Gop index=8 gopsize=100
PCR=927072000 
PTS=927075600 
PTS-PCR=3600 
PCR=927079200 
PTS=927079200 
PTS-PCR=0 
PCR=927079200 
PTS=927082800 
PTS-PCR=3600 
PCR=927086400 
PTS=927086400 
PTS-PCR=0 
PCR=927086400 
PTS=927090000 
PTS-PCR=3600 
PCR=927093600 
PTS=927093600 
PTS-PCR=0 
PCR=927093600 
PTS=927097200 
PTS-PCR=3600 
PCR=927100800 
PTS=927100800 
PTS-PCR=0 
PCR=927100800 
PTS=927104400 
PTS-PCR=3600 
PCR=927108000 
PTS=927108000 
PTS-PCR=0 
PCR=927108000 
PTS=927111600 
PTS-PCR=3600 
PCR=927115200 
PTS=927115200 
PTS-PCR=0 
PCR=927115200 
PTS=927118800 
PTS-PCR=3600 
PCR=927122400 
PTS=927122400 
PTS-PCR=0 
PCR=927122400 
PTS=927126000 
PTS-PCR=3600 
PCR=927129600 
PTS=927129600 
PTS-PCR=0 
PCR=927129600 
PTS=927133200 
PTS-PCR=3600 
PCR=927136800 
PTS=927136800 
PTS-PCR=0 
PCR=927136800 
PTS=927140400 
PTS-PCR=3600 
PCR=927144000 
PTS=927144000 
PTS-PCR=0 
PCR=927144000 
PTS=927147600 
PTS-PCR=3600 
PCR=927151200 
PTS=927151200 
PTS-PCR=0 
PCR=927151200 
PTS=927154800 
PTS-PCR=3600 
PCR=927158400 
PTS=927158400 
PTS-PCR=0 
PCR=927158400 
PTS=927162000 
PTS-PCR=3600 
PCR=927165600 
PTS=927165600 
PTS-PCR=0 
PCR=927165600 
PTS=927169200 
PTS-PCR=3600 
PCR=927172800 
PTS=927172800 
PTS-PCR=0 
PCR=927172800 
PTS=927176400 
PTS-PCR=3600 
PCR=927180000 
PTS=927180000 
PTS-PCR=0 
PCR=927180000 
PTS=927183600 
PTS-PCR=3600 
PCR=927187200 
PTS=927187200 
PTS-PCR=0 
PCR=927187200 
PTS=927190800 
PTS-PCR=3600 
PCR=927194400 
PTS=927194400 
PTS-PCR=0 
PCR=927194400 
PTS=927198000 
PTS-PCR=3600 
PCR=927201600 
PTS=927201600 
PTS-PCR=0 
PCR=927201600 
PTS=927205200 
PTS-PCR=3600 
PCR=927208800 
PTS=927208800 
PTS-PCR=0 
PCR=927208800 
PTS=927212400 
PTS-PCR=3600 
PCR=927216000 
PTS=927216000 
PTS-PCR=0 
PCR=927216000 
PTS=927219600 
PTS-PCR=3600 
PCR=927223200 
PTS=927223200 
PTS-PCR=0 
PCR=927223200 
PTS=927226800 
PTS-PCR=3600 
PCR=927230400 
PTS=927230400 
PTS-PCR=0 
PCR=927230400 
PTS=927234000 
PTS-PCR=3600 
PCR=927237600 
PTS=927237600 
PTS-PCR=0 
PCR=927237600 
PTS=927241200 
PTS-PCR=3600 
PCR=927244800 
PTS=927244800 
PTS-PCR=0 
PCR=927244800 
PTS=927248400 
PTS-PCR=3600 
PCR=927252000 
PTS=927252000 
PTS-PCR=0 
PCR=927252000 
PTS=927255600 
PTS-PCR=3600 
PCR=927259200 
PTS=927259200 
PTS-PCR=0 
PCR=927259200 
PTS=927262800 
PTS-PCR=3600 
PCR=927266400 
PTS=927266400 
PTS-PCR=0 
PCR=927266400 
PTS=927270000 
PTS-PCR=3600 
PCR=927273600 
PTS=927273600 
PTS-PCR=0 
PCR=927273600 
PTS=927277200 
PTS-PCR=3600 
PCR=927280800 
PTS=927280800 
PTS-PCR=0 
PCR=927280800 
PTS=927284400 
PTS-PCR=3600 
PCR=927288000 
PTS=927288000 
PTS-PCR=0 
PCR=927288000 
PTS=927291600 
PTS-PCR=3600 
PCR=927295200 
PTS=927295200 
PTS-PCR=0 
PCR=927295200 
PTS=927298800 
PTS-PCR=3600 
PCR=927302400 
PTS=927302400 
PTS-PCR=0 
PCR=927302400 
PTS=927306000 
PTS-PCR=3600 
PCR=927309600 
PTS=927309600 
PTS-PCR=0 
PCR=927309600 
PTS=927313200 
PTS-PCR=3600 
PCR=927316800 
PTS=927316800 
PTS-PCR=0 
PCR=927316800 
PTS=927320400 
PTS-PCR=3600 
PCR=927324000 
PTS=927324000 
PTS-PCR=0 
PCR=927324000 
PTS=927327600 
PTS-PCR=3600 
PCR=927331200 
PTS=927331200 
PTS-PCR=0 
PCR=927331200 
PTS=927334800 
PTS-PCR=3600 
PCR=927338400 
PTS=927338400 
PTS-PCR=0 
PCR=927338400 
PTS=927342000 
PTS-PCR=3600 
PCR=927345600 
PTS=927345600 
PTS-PCR=0 
PCR=927345600 
PTS=927349200 
PTS-PCR=3600 
PCR=927352800 
PTS=927352800 
PTS-PCR=0 
PCR=927352800 
PTS=927356400 
PTS-PCR=3600 
PCR=927360000 
PTS=927360000 
PTS-PCR=0 
PCR=927360000 
PTS=927363600 
PTS-PCR=3600 
PCR=927367200 
PTS=927367200 
PTS-PCR=0 
PCR=927367200 
PTS=927370800 
PTS-PCR=3600 
PCR=927374400 
PTS=927374400 
PTS-PCR=0 
PCR=927374400 
PTS=927378000 
PTS-PCR=3600 
PCR=927381600 
PTS=927381600 
PTS-PCR=0 
PCR=927381600 
PTS=927385200 
PTS-PCR=3600 
PCR=927388800 
PTS=927388800 
PTS-PCR=0 
PCR=927388800 
PTS=927392400 
PTS-PCR=3600 
PCR=927396000 
PTS=927396000 
PTS-PCR=0 
PCR=927396000 
PTS=927399600 
PTS-PCR=3600 
PCR=927403200 
PTS=927403200 
PTS-PCR=0 
PCR=927403200 
PTS=927406800 
PTS-PCR=3600 
PCR=927410400 
PTS=927410400 
PTS-PCR=0 
PCR=927410400 
PTS=927414000 
PTS-PCR=3600 
PCR=927417600 
PTS=927417600 
PTS-PCR=0 
PCR=927417600 
PTS=927421200 
PTS-PCR=3600 
PCR=927424800 
PTS=927424800 
PTS-PCR=0 
PCR=927424800 
PTS=927428400 
PTS-PCR=3600 
PCR=927432000 
PTS=927432000 
PTS-PCR=0 
  Gop index=9 gopsize=100
PCR=927432000 
PTS=927435600 
PTS-PCR=3600 
PCR=927439200 
PTS=927439200 
PTS-PCR=0 
PCR=927439200 
PTS=927442800 
PTS-PCR=3600 
PCR=927446400 
PTS=927446400 
PTS-PCR=0 
PCR=927446400 
PTS=927450000 
PTS-PCR=3600 
PCR=927453600 
PTS=927453600 
PTS-PCR=0 
PCR=927453600 
PTS=927457200 
PTS-PCR=3600 
PCR=927460800 
PTS=927460800 
PTS-PCR=0 
PCR=927460800 
PTS=927464400 
PTS-PCR=3600 
PCR=927468000 
PTS=927468000 
PTS-PCR=0 
PCR=927468000 
PTS=927471600 
PTS-PCR=3600 
PCR=927475200 
PTS=927475200 
PTS-PCR=0 
PCR=927475200 
PTS=927478800 
PTS-PCR=3600 
PCR=927482400 
PTS=927482400 
PTS-PCR=0 
PCR=927482400 
PTS=927486000 
PTS-PCR=3600 
PCR=927489600 
PTS=927489600 
PTS-PCR=0 
PCR=927489600 
PTS=927493200 
PTS-PCR=3600 
PCR=927496800 
PTS=927496800 
PTS-PCR=0 
PCR=927496800 
PTS=927500400 
PTS-PCR=3600 
PCR=927504000 
PTS=927504000 
PTS-PCR=0 
PCR=927504000 
PTS=927507600 
PTS-PCR=3600 
PCR=927511200 
PTS=927511200 
PTS-PCR=0 
PCR=927511200 
PTS=927514800 
PTS-PCR=3600 
PCR=927518400 
PTS=927518400 
PTS-PCR=0 
PCR=927518400 
PTS=927522000 
PTS-PCR=3600 
PCR=927525600 
PTS=927525600 
PTS-PCR=0 
PCR=927525600 
PTS=927529200 
PTS-PCR=3600 
PCR=927532800 
PTS=927532800 
PTS-PCR=0 
PCR=927532800 
PTS=927536400 
PTS-PCR=3600 
PCR=927540000 
PTS=927540000 
PTS-PCR=0 
PCR=927540000 
PTS=927543600 
PTS-PCR=3600 
PCR=927547200 
PTS=927547200 
PTS-PCR=0 
PCR=927547200 
PTS=927550800 
PTS-PCR=3600 
PCR=927554400 
PTS=927554400 
PTS-PCR=0 
PCR=927554400 
PTS=927558000 
PTS-PCR=3600 
PCR=927561600 
PTS=927561600 
PTS-PCR=0 
PCR=927561600 
PTS=927565200 
PTS-PCR=3600 
PCR=927568800 
PTS=927568800 
PTS-PCR=0 
PCR=927568800 
PTS=927572400 
PTS-PCR=3600 
PCR=927576000 
PTS=927576000 
PTS-PCR=0 
PCR=927576000 
PTS=927579600 
PTS-PCR=3600 
PCR=927583200 
PTS=927583200 
PTS-PCR=0 
PCR=927583200 
PTS=927586800 
PTS-PCR=3600 
PCR=927590400 
PTS=927590400 
PTS-PCR=0 
