Video Format H264
Audio Format MP2
decoder failed iFramecount=1 
decoder failed iFramecount=2 
decoder failed iFramecount=3 
decoder failed iFramecount=4 
decoder failed iFramecount=5 
decoder failed iFramecount=6 
decoder failed iFramecount=7 
decoder failed iFramecount=8 
decoder failed iFramecount=9 
decoder failed iFramecount=10 
decoder failed iFramecount=11 
decoder failed iFramecount=12 
decoder failed iFramecount=13 
decoder failed iFramecount=14 
decoder failed iFramecount=15 
decoder failed iFramecount=16 
decoder failed iFramecount=17 
decoder failed iFramecount=18 
decoder failed iFramecount=19 
decoder failed iFramecount=20 
decoder failed iFramecount=21 
decoder failed iFramecount=22 
decoder failed iFramecount=23 
decoder failed iFramecount=24 
decoder failed iFramecount=25 
decoder failed iFramecount=26 
decoder failed iFramecount=27 
decoder failed iFramecount=28 
decoder failed iFramecount=29 
width=1280 height=720 iFramecount=30 
width=1280 height=720 iFramecount=31 
width=1280 height=720 iFramecount=32 
width=1280 height=720 iFramecount=33 
width=1280 height=720 iFramecount=34 
width=1280 height=720 iFramecount=35 
width=1280 height=720 iFramecount=36 
width=1280 height=720 iFramecount=37 
width=1280 height=720 iFramecount=38 
width=1280 height=720 iFramecount=39 
width=1280 height=720 iFramecount=40 
width=1280 height=720 iFramecount=41 
width=1280 height=720 iFramecount=42 
width=1280 height=720 iFramecount=43 
width=1280 height=720 iFramecount=44 
width=1280 height=720 iFramecount=45 
width=1280 height=720 iFramecount=46 
width=1280 height=720 iFramecount=47 
width=1280 height=720 iFramecount=48 
width=1280 height=720 iFramecount=49 
width=1280 height=720 iFramecount=50 
width=1280 height=720 iFramecount=51 
width=1280 height=720 iFramecount=52 
width=1280 height=720 iFramecount=53 
width=1280 height=720 iFramecount=54 
width=1280 height=720 iFramecount=55 
width=1280 height=720 iFramecount=56 
width=1280 height=720 iFramecount=57 
width=1280 height=720 iFramecount=58 
width=1280 height=720 iFramecount=59 
width=1280 height=720 iFramecount=60 
width=1280 height=720 iFramecount=61 
width=1280 height=720 iFramecount=62 
width=1280 height=720 iFramecount=63 
width=1280 height=720 iFramecount=64 
width=1280 height=720 iFramecount=65 
width=1280 height=720 iFramecount=66 
width=1280 height=720 iFramecount=67 
width=1280 height=720 iFramecount=68 
width=1280 height=720 iFramecount=69 
width=1280 height=720 iFramecount=70 
width=1280 height=720 iFramecount=71 
width=1280 height=720 iFramecount=72 
width=1280 height=720 iFramecount=73 
width=1280 height=720 iFramecount=74 
width=1280 height=720 iFramecount=75 
width=1280 height=720 iFramecount=76 
width=1280 height=720 iFramecount=77 
width=1280 height=720 iFramecount=78 
width=1280 height=720 iFramecount=79 
width=1280 height=720 iFramecount=80 
width=1280 height=720 iFramecount=81 
width=1280 height=720 iFramecount=82 
width=1280 height=720 iFramecount=83 
width=1280 height=720 iFramecount=84 
width=1280 height=720 iFramecount=85 
width=1280 height=720 iFramecount=86 
width=1280 height=720 iFramecount=87 
width=1280 height=720 iFramecount=88 
width=1280 height=720 iFramecount=89 
width=1280 height=720 iFramecount=90 
width=1280 height=720 iFramecount=91 
width=1280 height=720 iFramecount=92 
width=1280 height=720 iFramecount=93 
width=1280 height=720 iFramecount=94 
width=1280 height=720 iFramecount=95 
width=1280 height=720 iFramecount=96 
width=1280 height=720 iFramecount=97 
width=1280 height=720 iFramecount=98 
width=1280 height=720 iFramecount=99 
width=1280 height=720 iFramecount=100 
width=1280 height=720 iFramecount=101 
width=1280 height=720 iFramecount=102 
width=1280 height=720 iFramecount=103 
width=1280 height=720 iFramecount=104 
width=1280 height=720 iFramecount=105 
width=1280 height=720 iFramecount=106 
width=1280 height=720 iFramecount=107 
width=1280 height=720 iFramecount=108 
width=1280 height=720 iFramecount=109 
width=1280 height=720 iFramecount=110 
width=1280 height=720 iFramecount=111 
width=1280 height=720 iFramecount=112 
width=1280 height=720 iFramecount=113 
width=1280 height=720 iFramecount=114 
width=1280 height=720 iFramecount=115 
width=1280 height=720 iFramecount=116 
width=1280 height=720 iFramecount=117 
width=1280 height=720 iFramecount=118 
width=1280 height=720 iFramecount=119 
width=1280 height=720 iFramecount=120 
width=1280 height=720 iFramecount=121 
width=1280 height=720 iFramecount=122 
width=1280 height=720 iFramecount=123 
width=1280 height=720 iFramecount=124 
width=1280 height=720 iFramecount=125 
width=1280 height=720 iFramecount=126 
width=1280 height=720 iFramecount=127 
width=1280 height=720 iFramecount=128 
width=1280 height=720 iFramecount=129 
width=1280 height=720 iFramecount=130 
width=1280 height=720 iFramecount=131 
width=1280 height=720 iFramecount=132 
width=1280 height=720 iFramecount=133 
width=1280 height=720 iFramecount=134 
width=1280 height=720 iFramecount=135 
width=1280 height=720 iFramecount=136 
width=1280 height=720 iFramecount=137 
width=1280 height=720 iFramecount=138 
width=1280 height=720 iFramecount=139 
width=1280 height=720 iFramecount=140 
width=1280 height=720 iFramecount=141 
width=1280 height=720 iFramecount=142 
width=1280 height=720 iFramecount=143 
width=1280 height=720 iFramecount=144 
width=1280 height=720 iFramecount=145 
width=1280 height=720 iFramecount=146 
width=1280 height=720 iFramecount=147 
width=1280 height=720 iFramecount=148 
width=1280 height=720 iFramecount=149 
width=1280 height=720 iFramecount=150 
width=1280 height=720 iFramecount=151 
width=1280 height=720 iFramecount=152 
width=1280 height=720 iFramecount=153 
width=1280 height=720 iFramecount=154 
width=1280 height=720 iFramecount=155 
width=1280 height=720 iFramecount=156 
width=1280 height=720 iFramecount=157 
width=1280 height=720 iFramecount=158 
width=1280 height=720 iFramecount=159 
width=1280 height=720 iFramecount=160 
width=1280 height=720 iFramecount=161 
width=1280 height=720 iFramecount=162 
width=1280 height=720 iFramecount=163 
width=1280 height=720 iFramecount=164 
width=1280 height=720 iFramecount=165 
width=1280 height=720 iFramecount=166 
width=1280 height=720 iFramecount=167 
width=1280 height=720 iFramecount=168 
width=1280 height=720 iFramecount=169 
width=1280 height=720 iFramecount=170 
width=1280 height=720 iFramecount=171 
width=1280 height=720 iFramecount=172 
width=1280 height=720 iFramecount=173 
width=1280 height=720 iFramecount=174 
width=1280 height=720 iFramecount=175 
width=1280 height=720 iFramecount=176 
width=1280 height=720 iFramecount=177 
width=1280 height=720 iFramecount=178 
width=1280 height=720 iFramecount=179 
width=1280 height=720 iFramecount=180 
width=1280 height=720 iFramecount=181 
width=1280 height=720 iFramecount=182 
width=1280 height=720 iFramecount=183 
width=1280 height=720 iFramecount=184 
width=1280 height=720 iFramecount=185 
width=1280 height=720 iFramecount=186 
width=1280 height=720 iFramecount=187 
width=1280 height=720 iFramecount=188 
width=1280 height=720 iFramecount=189 
width=1280 height=720 iFramecount=190 
width=1280 height=720 iFramecount=191 
width=1280 height=720 iFramecount=192 
width=1280 height=720 iFramecount=193 
width=1280 height=720 iFramecount=194 
width=1280 height=720 iFramecount=195 
width=1280 height=720 iFramecount=196 
width=1280 height=720 iFramecount=197 
width=1280 height=720 iFramecount=198 
width=1280 height=720 iFramecount=199 
width=1280 height=720 iFramecount=200 
width=1280 height=720 iFramecount=201 
width=1280 height=720 iFramecount=202 
width=1280 height=720 iFramecount=203 
width=1280 height=720 iFramecount=204 
width=1280 height=720 iFramecount=205 
width=1280 height=720 iFramecount=206 
width=1280 height=720 iFramecount=207 
width=1280 height=720 iFramecount=208 
width=1280 height=720 iFramecount=209 
width=1280 height=720 iFramecount=210 
width=1280 height=720 iFramecount=211 
width=1280 height=720 iFramecount=212 
width=1280 height=720 iFramecount=213 
width=1280 height=720 iFramecount=214 
width=1280 height=720 iFramecount=215 
width=1280 height=720 iFramecount=216 
width=1280 height=720 iFramecount=217 
width=1280 height=720 iFramecount=218 
width=1280 height=720 iFramecount=219 
width=1280 height=720 iFramecount=220 
width=1280 height=720 iFramecount=221 
width=1280 height=720 iFramecount=222 
width=1280 height=720 iFramecount=223 
width=1280 height=720 iFramecount=224 
width=1280 height=720 iFramecount=225 
width=1280 height=720 iFramecount=226 
width=1280 height=720 iFramecount=227 
width=1280 height=720 iFramecount=228 
width=1280 height=720 iFramecount=229 
width=1280 height=720 iFramecount=230 
width=1280 height=720 iFramecount=231 
width=1280 height=720 iFramecount=232 
width=1280 height=720 iFramecount=233 
width=1280 height=720 iFramecount=234 
width=1280 height=720 iFramecount=235 
width=1280 height=720 iFramecount=236 
width=1280 height=720 iFramecount=237 
width=1280 height=720 iFramecount=238 
width=1280 height=720 iFramecount=239 
width=1280 height=720 iFramecount=240 
width=1280 height=720 iFramecount=241 
width=1280 height=720 iFramecount=242 
width=1280 height=720 iFramecount=243 
width=1280 height=720 iFramecount=244 
width=1280 height=720 iFramecount=245 
width=1280 height=720 iFramecount=246 
width=1280 height=720 iFramecount=247 
width=1280 height=720 iFramecount=248 
width=1280 height=720 iFramecount=249 
width=1280 height=720 iFramecount=250 
width=1280 height=720 iFramecount=251 
width=1280 height=720 iFramecount=252 
width=1280 height=720 iFramecount=253 
width=1280 height=720 iFramecount=254 
width=1280 height=720 iFramecount=255 
width=1280 height=720 iFramecount=256 
width=1280 height=720 iFramecount=257 
width=1280 height=720 iFramecount=258 
width=1280 height=720 iFramecount=259 
width=1280 height=720 iFramecount=260 
width=1280 height=720 iFramecount=261 
width=1280 height=720 iFramecount=262 
width=1280 height=720 iFramecount=263 
width=1280 height=720 iFramecount=264 
width=1280 height=720 iFramecount=265 
width=1280 height=720 iFramecount=266 
width=1280 height=720 iFramecount=267 
width=1280 height=720 iFramecount=268 
width=1280 height=720 iFramecount=269 
width=1280 height=720 iFramecount=270 
width=1280 height=720 iFramecount=271 
width=1280 height=720 iFramecount=272 
width=1280 height=720 iFramecount=273 
width=1280 height=720 iFramecount=274 
width=1280 height=720 iFramecount=275 
width=1280 height=720 iFramecount=276 
width=1280 height=720 iFramecount=277 
width=1280 height=720 iFramecount=278 
width=1280 height=720 iFramecount=279 
width=1280 height=720 iFramecount=280 
width=1280 height=720 iFramecount=281 
width=1280 height=720 iFramecount=282 
width=1280 height=720 iFramecount=283 
width=1280 height=720 iFramecount=284 
width=1280 height=720 iFramecount=285 
width=1280 height=720 iFramecount=286 
width=1280 height=720 iFramecount=287 
width=1280 height=720 iFramecount=288 
width=1280 height=720 iFramecount=289 
width=1280 height=720 iFramecount=290 
width=1280 height=720 iFramecount=291 
width=1280 height=720 iFramecount=292 
width=1280 height=720 iFramecount=293 
width=1280 height=720 iFramecount=294 
width=1280 height=720 iFramecount=295 
width=1280 height=720 iFramecount=296 
width=1280 height=720 iFramecount=297 
width=1280 height=720 iFramecount=298 
width=1280 height=720 iFramecount=299 
width=1280 height=720 iFramecount=300 
width=1280 height=720 iFramecount=301 
width=1280 height=720 iFramecount=302 
width=1280 height=720 iFramecount=303 
width=1280 height=720 iFramecount=304 
width=1280 height=720 iFramecount=305 
width=1280 height=720 iFramecount=306 
width=1280 height=720 iFramecount=307 
width=1280 height=720 iFramecount=308 
width=1280 height=720 iFramecount=309 
width=1280 height=720 iFramecount=310 
width=1280 height=720 iFramecount=311 
width=1280 height=720 iFramecount=312 
width=1280 height=720 iFramecount=313 
width=1280 height=720 iFramecount=314 
width=1280 height=720 iFramecount=315 
width=1280 height=720 iFramecount=316 
width=1280 height=720 iFramecount=317 
width=1280 height=720 iFramecount=318 
width=1280 height=720 iFramecount=319 
width=1280 height=720 iFramecount=320 
width=1280 height=720 iFramecount=321 
width=1280 height=720 iFramecount=322 
width=1280 height=720 iFramecount=323 
width=1280 height=720 iFramecount=324 
width=1280 height=720 iFramecount=325 
width=1280 height=720 iFramecount=326 
width=1280 height=720 iFramecount=327 
width=1280 height=720 iFramecount=328 
width=1280 height=720 iFramecount=329 
width=1280 height=720 iFramecount=330 
width=1280 height=720 iFramecount=331 
width=1280 height=720 iFramecount=332 
width=1280 height=720 iFramecount=333 
width=1280 height=720 iFramecount=334 
width=1280 height=720 iFramecount=335 
width=1280 height=720 iFramecount=336 
width=1280 height=720 iFramecount=337 
width=1280 height=720 iFramecount=338 
width=1280 height=720 iFramecount=339 
width=1280 height=720 iFramecount=340 
width=1280 height=720 iFramecount=341 
width=1280 height=720 iFramecount=342 
width=1280 height=720 iFramecount=343 
width=1280 height=720 iFramecount=344 
width=1280 height=720 iFramecount=345 
width=1280 height=720 iFramecount=346 
width=1280 height=720 iFramecount=347 
width=1280 height=720 iFramecount=348 
width=1280 height=720 iFramecount=349 
width=1280 height=720 iFramecount=350 
width=1280 height=720 iFramecount=351 
width=1280 height=720 iFramecount=352 
width=1280 height=720 iFramecount=353 
width=1280 height=720 iFramecount=354 
width=1280 height=720 iFramecount=355 
width=1280 height=720 iFramecount=356 
width=1280 height=720 iFramecount=357 
width=1280 height=720 iFramecount=358 
width=1280 height=720 iFramecount=359 
width=1280 height=720 iFramecount=360 
width=1280 height=720 iFramecount=361 
width=1280 height=720 iFramecount=362 
width=1280 height=720 iFramecount=363 
width=1280 height=720 iFramecount=364 
width=1280 height=720 iFramecount=365 
width=1280 height=720 iFramecount=366 
width=1280 height=720 iFramecount=367 
width=1280 height=720 iFramecount=368 
width=1280 height=720 iFramecount=369 
width=1280 height=720 iFramecount=370 
width=1280 height=720 iFramecount=371 
width=1280 height=720 iFramecount=372 
width=1280 height=720 iFramecount=373 
width=1280 height=720 iFramecount=374 
width=1280 height=720 iFramecount=375 
width=1280 height=720 iFramecount=376 
width=1280 height=720 iFramecount=377 
width=1280 height=720 iFramecount=378 
width=1280 height=720 iFramecount=379 
width=1280 height=720 iFramecount=380 
width=1280 height=720 iFramecount=381 
width=1280 height=720 iFramecount=382 
width=1280 height=720 iFramecount=383 
width=1280 height=720 iFramecount=384 
width=1280 height=720 iFramecount=385 
width=1280 height=720 iFramecount=386 
width=1280 height=720 iFramecount=387 
width=1280 height=720 iFramecount=388 
width=1280 height=720 iFramecount=389 
width=1280 height=720 iFramecount=390 
width=1280 height=720 iFramecount=391 
width=1280 height=720 iFramecount=392 
width=1280 height=720 iFramecount=393 
width=1280 height=720 iFramecount=394 
width=1280 height=720 iFramecount=395 
width=1280 height=720 iFramecount=396 
width=1280 height=720 iFramecount=397 
width=1280 height=720 iFramecount=398 
width=1280 height=720 iFramecount=399 
width=1280 height=720 iFramecount=400 
width=1280 height=720 iFramecount=401 
width=1280 height=720 iFramecount=402 
width=1280 height=720 iFramecount=403 
width=1280 height=720 iFramecount=404 
width=1280 height=720 iFramecount=405 
width=1280 height=720 iFramecount=406 
width=1280 height=720 iFramecount=407 
width=1280 height=720 iFramecount=408 
width=1280 height=720 iFramecount=409 
width=1280 height=720 iFramecount=410 
width=1280 height=720 iFramecount=411 
width=1280 height=720 iFramecount=412 
width=1280 height=720 iFramecount=413 
width=1280 height=720 iFramecount=414 
width=1280 height=720 iFramecount=415 
width=1280 height=720 iFramecount=416 
width=1280 height=720 iFramecount=417 
width=1280 height=720 iFramecount=418 
width=1280 height=720 iFramecount=419 
width=1280 height=720 iFramecount=420 
width=1280 height=720 iFramecount=421 
width=1280 height=720 iFramecount=422 
width=1280 height=720 iFramecount=423 
width=1280 height=720 iFramecount=424 
width=1280 height=720 iFramecount=425 
width=1280 height=720 iFramecount=426 
width=1280 height=720 iFramecount=427 
width=1280 height=720 iFramecount=428 
width=1280 height=720 iFramecount=429 
width=1280 height=720 iFramecount=430 
width=1280 height=720 iFramecount=431 
width=1280 height=720 iFramecount=432 
width=1280 height=720 iFramecount=433 
width=1280 height=720 iFramecount=434 
width=1280 height=720 iFramecount=435 
width=1280 height=720 iFramecount=436 
width=1280 height=720 iFramecount=437 
width=1280 height=720 iFramecount=438 
width=1280 height=720 iFramecount=439 
width=1280 height=720 iFramecount=440 
width=1280 height=720 iFramecount=441 
width=1280 height=720 iFramecount=442 
width=1280 height=720 iFramecount=443 
width=1280 height=720 iFramecount=444 
width=1280 height=720 iFramecount=445 
width=1280 height=720 iFramecount=446 
width=1280 height=720 iFramecount=447 
width=1280 height=720 iFramecount=448 
width=1280 height=720 iFramecount=449 
width=1280 height=720 iFramecount=450 
width=1280 height=720 iFramecount=451 
width=1280 height=720 iFramecount=452 
width=1280 height=720 iFramecount=453 
width=1280 height=720 iFramecount=454 
width=1280 height=720 iFramecount=455 
width=1280 height=720 iFramecount=456 
width=1280 height=720 iFramecount=457 
width=1280 height=720 iFramecount=458 
width=1280 height=720 iFramecount=459 
width=1280 height=720 iFramecount=460 
width=1280 height=720 iFramecount=461 
width=1280 height=720 iFramecount=462 
width=1280 height=720 iFramecount=463 
width=1280 height=720 iFramecount=464 
width=1280 height=720 iFramecount=465 
width=1280 height=720 iFramecount=466 
width=1280 height=720 iFramecount=467 
width=1280 height=720 iFramecount=468 
width=1280 height=720 iFramecount=469 
width=1280 height=720 iFramecount=470 
width=1280 height=720 iFramecount=471 
width=1280 height=720 iFramecount=472 
width=1280 height=720 iFramecount=473 
width=1280 height=720 iFramecount=474 
width=1280 height=720 iFramecount=475 
width=1280 height=720 iFramecount=476 
width=1280 height=720 iFramecount=477 
width=1280 height=720 iFramecount=478 
width=1280 height=720 iFramecount=479 
width=1280 height=720 iFramecount=480 
width=1280 height=720 iFramecount=481 
width=1280 height=720 iFramecount=482 
width=1280 height=720 iFramecount=483 
width=1280 height=720 iFramecount=484 
width=1280 height=720 iFramecount=485 
width=1280 height=720 iFramecount=486 
width=1280 height=720 iFramecount=487 
width=1280 height=720 iFramecount=488 
width=1280 height=720 iFramecount=489 
width=1280 height=720 iFramecount=490 
width=1280 height=720 iFramecount=491 
width=1280 height=720 iFramecount=492 
width=1280 height=720 iFramecount=493 
width=1280 height=720 iFramecount=494 
width=1280 height=720 iFramecount=495 
width=1280 height=720 iFramecount=496 
width=1280 height=720 iFramecount=497 
width=1280 height=720 iFramecount=498 
width=1280 height=720 iFramecount=499 
width=1280 height=720 iFramecount=500 
width=1280 height=720 iFramecount=501 
width=1280 height=720 iFramecount=502 
width=1280 height=720 iFramecount=503 
width=1280 height=720 iFramecount=504 
width=1280 height=720 iFramecount=505 
width=1280 height=720 iFramecount=506 
width=1280 height=720 iFramecount=507 
width=1280 height=720 iFramecount=508 
width=1280 height=720 iFramecount=509 
width=1280 height=720 iFramecount=510 
width=1280 height=720 iFramecount=511 
width=1280 height=720 iFramecount=512 
width=1280 height=720 iFramecount=513 
width=1280 height=720 iFramecount=514 
width=1280 height=720 iFramecount=515 
width=1280 height=720 iFramecount=516 
width=1280 height=720 iFramecount=517 
width=1280 height=720 iFramecount=518 
width=1280 height=720 iFramecount=519 
width=1280 height=720 iFramecount=520 
width=1280 height=720 iFramecount=521 
width=1280 height=720 iFramecount=522 
width=1280 height=720 iFramecount=523 
width=1280 height=720 iFramecount=524 
width=1280 height=720 iFramecount=525 
width=1280 height=720 iFramecount=526 
width=1280 height=720 iFramecount=527 
width=1280 height=720 iFramecount=528 
width=1280 height=720 iFramecount=529 
width=1280 height=720 iFramecount=530 
width=1280 height=720 iFramecount=531 
width=1280 height=720 iFramecount=532 
width=1280 height=720 iFramecount=533 
width=1280 height=720 iFramecount=534 
width=1280 height=720 iFramecount=535 
width=1280 height=720 iFramecount=536 
width=1280 height=720 iFramecount=537 
width=1280 height=720 iFramecount=538 
width=1280 height=720 iFramecount=539 
width=1280 height=720 iFramecount=540 
width=1280 height=720 iFramecount=541 
width=1280 height=720 iFramecount=542 
width=1280 height=720 iFramecount=543 
width=1280 height=720 iFramecount=544 
width=1280 height=720 iFramecount=545 
width=1280 height=720 iFramecount=546 
width=1280 height=720 iFramecount=547 
width=1280 height=720 iFramecount=548 
width=1280 height=720 iFramecount=549 
width=1280 height=720 iFramecount=550 
width=1280 height=720 iFramecount=551 
width=1280 height=720 iFramecount=552 
width=1280 height=720 iFramecount=553 
width=1280 height=720 iFramecount=554 
width=1280 height=720 iFramecount=555 
width=1280 height=720 iFramecount=556 
width=1280 height=720 iFramecount=557 
width=1280 height=720 iFramecount=558 
width=1280 height=720 iFramecount=559 
width=1280 height=720 iFramecount=560 
width=1280 height=720 iFramecount=561 
width=1280 height=720 iFramecount=562 
width=1280 height=720 iFramecount=563 
width=1280 height=720 iFramecount=564 
width=1280 height=720 iFramecount=565 
width=1280 height=720 iFramecount=566 
width=1280 height=720 iFramecount=567 
width=1280 height=720 iFramecount=568 
width=1280 height=720 iFramecount=569 
width=1280 height=720 iFramecount=570 
width=1280 height=720 iFramecount=571 
width=1280 height=720 iFramecount=572 
width=1280 height=720 iFramecount=573 
width=1280 height=720 iFramecount=574 
width=1280 height=720 iFramecount=575 
width=1280 height=720 iFramecount=576 
width=1280 height=720 iFramecount=577 
width=1280 height=720 iFramecount=578 
width=1280 height=720 iFramecount=579 
width=1280 height=720 iFramecount=580 
width=1280 height=720 iFramecount=581 
width=1280 height=720 iFramecount=582 
width=1280 height=720 iFramecount=583 
width=1280 height=720 iFramecount=584 
width=1280 height=720 iFramecount=585 
width=1280 height=720 iFramecount=586 
width=1280 height=720 iFramecount=587 
width=1280 height=720 iFramecount=588 
width=1280 height=720 iFramecount=589 
width=1280 height=720 iFramecount=590 
width=1280 height=720 iFramecount=591 
width=1280 height=720 iFramecount=592 
width=1280 height=720 iFramecount=593 
width=1280 height=720 iFramecount=594 
width=1280 height=720 iFramecount=595 
width=1280 height=720 iFramecount=596 
width=1280 height=720 iFramecount=597 
width=1280 height=720 iFramecount=598 
width=1280 height=720 iFramecount=599 
width=1280 height=720 iFramecount=600 
width=1280 height=720 iFramecount=601 
width=1280 height=720 iFramecount=602 
width=1280 height=720 iFramecount=603 
width=1280 height=720 iFramecount=604 
width=1280 height=720 iFramecount=605 
width=1280 height=720 iFramecount=606 
width=1280 height=720 iFramecount=607 
width=1280 height=720 iFramecount=608 
width=1280 height=720 iFramecount=609 
width=1280 height=720 iFramecount=610 
width=1280 height=720 iFramecount=611 
width=1280 height=720 iFramecount=612 
width=1280 height=720 iFramecount=613 
width=1280 height=720 iFramecount=614 
width=1280 height=720 iFramecount=615 
width=1280 height=720 iFramecount=616 
width=1280 height=720 iFramecount=617 
width=1280 height=720 iFramecount=618 
width=1280 height=720 iFramecount=619 
width=1280 height=720 iFramecount=620 
width=1280 height=720 iFramecount=621 
width=1280 height=720 iFramecount=622 
width=1280 height=720 iFramecount=623 
width=1280 height=720 iFramecount=624 
width=1280 height=720 iFramecount=625 
width=1280 height=720 iFramecount=626 
width=1280 height=720 iFramecount=627 
width=1280 height=720 iFramecount=628 
width=1280 height=720 iFramecount=629 
width=1280 height=720 iFramecount=630 
width=1280 height=720 iFramecount=631 
width=1280 height=720 iFramecount=632 
width=1280 height=720 iFramecount=633 
width=1280 height=720 iFramecount=634 
width=1280 height=720 iFramecount=635 
width=1280 height=720 iFramecount=636 
width=1280 height=720 iFramecount=637 
width=1280 height=720 iFramecount=638 
width=1280 height=720 iFramecount=639 
width=1280 height=720 iFramecount=640 
width=1280 height=720 iFramecount=641 
width=1280 height=720 iFramecount=642 
width=1280 height=720 iFramecount=643 
width=1280 height=720 iFramecount=644 
width=1280 height=720 iFramecount=645 
width=1280 height=720 iFramecount=646 
width=1280 height=720 iFramecount=647 
width=1280 height=720 iFramecount=648 
width=1280 height=720 iFramecount=649 
width=1280 height=720 iFramecount=650 
width=1280 height=720 iFramecount=651 
width=1280 height=720 iFramecount=652 
width=1280 height=720 iFramecount=653 
width=1280 height=720 iFramecount=654 
width=1280 height=720 iFramecount=655 
width=1280 height=720 iFramecount=656 
width=1280 height=720 iFramecount=657 
width=1280 height=720 iFramecount=658 
width=1280 height=720 iFramecount=659 
width=1280 height=720 iFramecount=660 
width=1280 height=720 iFramecount=661 
width=1280 height=720 iFramecount=662 
width=1280 height=720 iFramecount=663 
width=1280 height=720 iFramecount=664 
width=1280 height=720 iFramecount=665 
width=1280 height=720 iFramecount=666 
width=1280 height=720 iFramecount=667 
width=1280 height=720 iFramecount=668 
width=1280 height=720 iFramecount=669 
width=1280 height=720 iFramecount=670 
width=1280 height=720 iFramecount=671 
width=1280 height=720 iFramecount=672 
width=1280 height=720 iFramecount=673 
width=1280 height=720 iFramecount=674 
width=1280 height=720 iFramecount=675 
width=1280 height=720 iFramecount=676 
width=1280 height=720 iFramecount=677 
width=1280 height=720 iFramecount=678 
width=1280 height=720 iFramecount=679 
width=1280 height=720 iFramecount=680 
width=1280 height=720 iFramecount=681 
width=1280 height=720 iFramecount=682 
width=1280 height=720 iFramecount=683 
width=1280 height=720 iFramecount=684 
width=1280 height=720 iFramecount=685 
width=1280 height=720 iFramecount=686 
width=1280 height=720 iFramecount=687 
width=1280 height=720 iFramecount=688 
width=1280 height=720 iFramecount=689 
width=1280 height=720 iFramecount=690 
width=1280 height=720 iFramecount=691 
width=1280 height=720 iFramecount=692 
width=1280 height=720 iFramecount=693 
width=1280 height=720 iFramecount=694 
width=1280 height=720 iFramecount=695 
width=1280 height=720 iFramecount=696 
width=1280 height=720 iFramecount=697 
width=1280 height=720 iFramecount=698 
width=1280 height=720 iFramecount=699 
width=1280 height=720 iFramecount=700 
width=1280 height=720 iFramecount=701 
width=1280 height=720 iFramecount=702 
width=1280 height=720 iFramecount=703 
width=1280 height=720 iFramecount=704 
width=1280 height=720 iFramecount=705 
width=1280 height=720 iFramecount=706 
width=1280 height=720 iFramecount=707 
width=1280 height=720 iFramecount=708 
width=1280 height=720 iFramecount=709 
width=1280 height=720 iFramecount=710 
width=1280 height=720 iFramecount=711 
width=1280 height=720 iFramecount=712 
width=1280 height=720 iFramecount=713 
width=1280 height=720 iFramecount=714 
width=1280 height=720 iFramecount=715 
width=1280 height=720 iFramecount=716 
width=1280 height=720 iFramecount=717 
width=1280 height=720 iFramecount=718 
width=1280 height=720 iFramecount=719 
width=1280 height=720 iFramecount=720 
width=1280 height=720 iFramecount=721 
width=1280 height=720 iFramecount=722 
width=1280 height=720 iFramecount=723 
width=1280 height=720 iFramecount=724 
width=1280 height=720 iFramecount=725 
width=1280 height=720 iFramecount=726 
width=1280 height=720 iFramecount=727 
width=1280 height=720 iFramecount=728 
width=1280 height=720 iFramecount=729 
width=1280 height=720 iFramecount=730 
width=1280 height=720 iFramecount=731 
width=1280 height=720 iFramecount=732 
width=1280 height=720 iFramecount=733 
width=1280 height=720 iFramecount=734 
width=1280 height=720 iFramecount=735 
width=1280 height=720 iFramecount=736 
width=1280 height=720 iFramecount=737 
width=1280 height=720 iFramecount=738 
width=1280 height=720 iFramecount=739 
width=1280 height=720 iFramecount=740 
width=1280 height=720 iFramecount=741 
width=1280 height=720 iFramecount=742 
width=1280 height=720 iFramecount=743 
width=1280 height=720 iFramecount=744 
width=1280 height=720 iFramecount=745 
width=1280 height=720 iFramecount=746 
width=1280 height=720 iFramecount=747 
width=1280 height=720 iFramecount=748 
width=1280 height=720 iFramecount=749 
width=1280 height=720 iFramecount=750 
width=1280 height=720 iFramecount=751 
width=1280 height=720 iFramecount=752 
width=1280 height=720 iFramecount=753 
width=1280 height=720 iFramecount=754 
width=1280 height=720 iFramecount=755 
width=1280 height=720 iFramecount=756 
width=1280 height=720 iFramecount=757 
width=1280 height=720 iFramecount=758 
width=1280 height=720 iFramecount=759 
width=1280 height=720 iFramecount=760 
width=1280 height=720 iFramecount=761 
width=1280 height=720 iFramecount=762 
width=1280 height=720 iFramecount=763 
width=1280 height=720 iFramecount=764 
width=1280 height=720 iFramecount=765 
width=1280 height=720 iFramecount=766 
width=1280 height=720 iFramecount=767 
width=1280 height=720 iFramecount=768 
width=1280 height=720 iFramecount=769 
width=1280 height=720 iFramecount=770 
width=1280 height=720 iFramecount=771 
width=1280 height=720 iFramecount=772 
width=1280 height=720 iFramecount=773 
width=1280 height=720 iFramecount=774 
width=1280 height=720 iFramecount=775 
width=1280 height=720 iFramecount=776 
width=1280 height=720 iFramecount=777 
width=1280 height=720 iFramecount=778 
width=1280 height=720 iFramecount=779 
width=1280 height=720 iFramecount=780 
width=1280 height=720 iFramecount=781 
width=1280 height=720 iFramecount=782 
width=1280 height=720 iFramecount=783 
width=1280 height=720 iFramecount=784 
width=1280 height=720 iFramecount=785 
width=1280 height=720 iFramecount=786 
width=1280 height=720 iFramecount=787 
width=1280 height=720 iFramecount=788 
width=1280 height=720 iFramecount=789 
width=1280 height=720 iFramecount=790 
width=1280 height=720 iFramecount=791 
width=1280 height=720 iFramecount=792 
width=1280 height=720 iFramecount=793 
width=1280 height=720 iFramecount=794 
width=1280 height=720 iFramecount=795 
width=1280 height=720 iFramecount=796 
width=1280 height=720 iFramecount=797 
width=1280 height=720 iFramecount=798 
width=1280 height=720 iFramecount=799 
width=1280 height=720 iFramecount=800 
width=1280 height=720 iFramecount=801 
width=1280 height=720 iFramecount=802 
width=1280 height=720 iFramecount=803 
width=1280 height=720 iFramecount=804 
width=1280 height=720 iFramecount=805 
width=1280 height=720 iFramecount=806 
width=1280 height=720 iFramecount=807 
width=1280 height=720 iFramecount=808 
width=1280 height=720 iFramecount=809 
width=1280 height=720 iFramecount=810 
width=1280 height=720 iFramecount=811 
width=1280 height=720 iFramecount=812 
width=1280 height=720 iFramecount=813 
width=1280 height=720 iFramecount=814 
width=1280 height=720 iFramecount=815 
width=1280 height=720 iFramecount=816 
width=1280 height=720 iFramecount=817 
width=1280 height=720 iFramecount=818 
width=1280 height=720 iFramecount=819 
width=1280 height=720 iFramecount=820 
width=1280 height=720 iFramecount=821 
width=1280 height=720 iFramecount=822 
width=1280 height=720 iFramecount=823 
width=1280 height=720 iFramecount=824 
width=1280 height=720 iFramecount=825 
width=1280 height=720 iFramecount=826 
width=1280 height=720 iFramecount=827 
width=1280 height=720 iFramecount=828 
width=1280 height=720 iFramecount=829 
width=1280 height=720 iFramecount=830 
width=1280 height=720 iFramecount=831 
width=1280 height=720 iFramecount=832 
width=1280 height=720 iFramecount=833 
width=1280 height=720 iFramecount=834 
width=1280 height=720 iFramecount=835 
width=1280 height=720 iFramecount=836 
width=1280 height=720 iFramecount=837 
width=1280 height=720 iFramecount=838 
width=1280 height=720 iFramecount=839 
width=1280 height=720 iFramecount=840 
width=1280 height=720 iFramecount=841 
width=1280 height=720 iFramecount=842 
width=1280 height=720 iFramecount=843 
width=1280 height=720 iFramecount=844 
width=1280 height=720 iFramecount=845 
width=1280 height=720 iFramecount=846 
width=1280 height=720 iFramecount=847 
width=1280 height=720 iFramecount=848 
width=1280 height=720 iFramecount=849 
width=1280 height=720 iFramecount=850 
width=1280 height=720 iFramecount=851 
width=1280 height=720 iFramecount=852 
width=1280 height=720 iFramecount=853 
width=1280 height=720 iFramecount=854 
width=1280 height=720 iFramecount=855 
width=1280 height=720 iFramecount=856 
width=1280 height=720 iFramecount=857 
width=1280 height=720 iFramecount=858 
width=1280 height=720 iFramecount=859 
width=1280 height=720 iFramecount=860 
width=1280 height=720 iFramecount=861 
width=1280 height=720 iFramecount=862 
width=1280 height=720 iFramecount=863 
width=1280 height=720 iFramecount=864 
width=1280 height=720 iFramecount=865 
width=1280 height=720 iFramecount=866 
width=1280 height=720 iFramecount=867 
width=1280 height=720 iFramecount=868 
width=1280 height=720 iFramecount=869 
width=1280 height=720 iFramecount=870 
width=1280 height=720 iFramecount=871 
width=1280 height=720 iFramecount=872 
width=1280 height=720 iFramecount=873 
width=1280 height=720 iFramecount=874 
width=1280 height=720 iFramecount=875 
width=1280 height=720 iFramecount=876 
width=1280 height=720 iFramecount=877 
width=1280 height=720 iFramecount=878 
width=1280 height=720 iFramecount=879 
width=1280 height=720 iFramecount=880 
width=1280 height=720 iFramecount=881 
width=1280 height=720 iFramecount=882 
width=1280 height=720 iFramecount=883 
width=1280 height=720 iFramecount=884 
width=1280 height=720 iFramecount=885 
width=1280 height=720 iFramecount=886 
width=1280 height=720 iFramecount=887 
width=1280 height=720 iFramecount=888 
width=1280 height=720 iFramecount=889 
width=1280 height=720 iFramecount=890 
width=1280 height=720 iFramecount=891 
width=1280 height=720 iFramecount=892 
width=1280 height=720 iFramecount=893 
width=1280 height=720 iFramecount=894 
width=1280 height=720 iFramecount=895 
width=1280 height=720 iFramecount=896 
width=1280 height=720 iFramecount=897 
width=1280 height=720 iFramecount=898 
width=1280 height=720 iFramecount=899 
width=1280 height=720 iFramecount=900 
width=1280 height=720 iFramecount=901 
width=1280 height=720 iFramecount=902 
width=1280 height=720 iFramecount=903 
width=1280 height=720 iFramecount=904 
width=1280 height=720 iFramecount=905 
width=1280 height=720 iFramecount=906 
width=1280 height=720 iFramecount=907 
width=1280 height=720 iFramecount=908 
width=1280 height=720 iFramecount=909 
width=1280 height=720 iFramecount=910 
width=1280 height=720 iFramecount=911 
width=1280 height=720 iFramecount=912 
width=1280 height=720 iFramecount=913 
width=1280 height=720 iFramecount=914 
width=1280 height=720 iFramecount=915 
width=1280 height=720 iFramecount=916 
width=1280 height=720 iFramecount=917 
width=1280 height=720 iFramecount=918 
width=1280 height=720 iFramecount=919 
width=1280 height=720 iFramecount=920 
width=1280 height=720 iFramecount=921 
width=1280 height=720 iFramecount=922 
width=1280 height=720 iFramecount=923 
width=1280 height=720 iFramecount=924 
width=1280 height=720 iFramecount=925 
width=1280 height=720 iFramecount=926 
width=1280 height=720 iFramecount=927 
width=1280 height=720 iFramecount=928 
width=1280 height=720 iFramecount=929 
width=1280 height=720 iFramecount=930 
width=1280 height=720 iFramecount=931 
width=1280 height=720 iFramecount=932 
width=1280 height=720 iFramecount=933 
width=1280 height=720 iFramecount=934 
width=1280 height=720 iFramecount=935 
width=1280 height=720 iFramecount=936 
width=1280 height=720 iFramecount=937 
width=1280 height=720 iFramecount=938 
width=1280 height=720 iFramecount=939 
width=1280 height=720 iFramecount=940 
width=1280 height=720 iFramecount=941 
width=1280 height=720 iFramecount=942 
width=1280 height=720 iFramecount=943 
width=1280 height=720 iFramecount=944 
width=1280 height=720 iFramecount=945 
width=1280 height=720 iFramecount=946 
width=1280 height=720 iFramecount=947 
width=1280 height=720 iFramecount=948 
width=1280 height=720 iFramecount=949 
width=1280 height=720 iFramecount=950 
width=1280 height=720 iFramecount=951 
width=1280 height=720 iFramecount=952 
width=1280 height=720 iFramecount=953 
width=1280 height=720 iFramecount=954 
width=1280 height=720 iFramecount=955 
width=1280 height=720 iFramecount=956 
width=1280 height=720 iFramecount=957 
width=1280 height=720 iFramecount=958 
width=1280 height=720 iFramecount=959 
width=1280 height=720 iFramecount=960 
width=1280 height=720 iFramecount=961 
width=1280 height=720 iFramecount=962 
width=1280 height=720 iFramecount=963 
width=1280 height=720 iFramecount=964 
width=1280 height=720 iFramecount=965 
width=1280 height=720 iFramecount=966 
width=1280 height=720 iFramecount=967 
width=1280 height=720 iFramecount=968 
width=1280 height=720 iFramecount=969 
width=1280 height=720 iFramecount=970 
width=1280 height=720 iFramecount=971 
width=1280 height=720 iFramecount=972 
width=1280 height=720 iFramecount=973 
width=1280 height=720 iFramecount=974 
width=1280 height=720 iFramecount=975 
width=1280 height=720 iFramecount=976 
width=1280 height=720 iFramecount=977 
width=1280 height=720 iFramecount=978 
width=1280 height=720 iFramecount=979 
width=1280 height=720 iFramecount=980 
width=1280 height=720 iFramecount=981 
width=1280 height=720 iFramecount=982 
width=1280 height=720 iFramecount=983 
width=1280 height=720 iFramecount=984 
width=1280 height=720 iFramecount=985 
width=1280 height=720 iFramecount=986 
width=1280 height=720 iFramecount=987 
width=1280 height=720 iFramecount=988 
width=1280 height=720 iFramecount=989 
width=1280 height=720 iFramecount=990 
width=1280 height=720 iFramecount=991 
width=1280 height=720 iFramecount=992 
width=1280 height=720 iFramecount=993 
width=1280 height=720 iFramecount=994 
width=1280 height=720 iFramecount=995 
width=1280 height=720 iFramecount=996 
width=1280 height=720 iFramecount=997 
width=1280 height=720 iFramecount=998 
width=1280 height=720 iFramecount=999 
width=1280 height=720 iFramecount=1000 
width=1280 height=720 iFramecount=1001 
width=1280 height=720 iFramecount=1002 
width=1280 height=720 iFramecount=1003 
width=1280 height=720 iFramecount=1004 
width=1280 height=720 iFramecount=1005 
width=1280 height=720 iFramecount=1006 
width=1280 height=720 iFramecount=1007 
width=1280 height=720 iFramecount=1008 
width=1280 height=720 iFramecount=1009 
width=1280 height=720 iFramecount=1010 
width=1280 height=720 iFramecount=1011 
width=1280 height=720 iFramecount=1012 
width=1280 height=720 iFramecount=1013 
width=1280 height=720 iFramecount=1014 
width=1280 height=720 iFramecount=1015 
width=1280 height=720 iFramecount=1016 
width=1280 height=720 iFramecount=1017 
width=1280 height=720 iFramecount=1018 
width=1280 height=720 iFramecount=1019 
width=1280 height=720 iFramecount=1020 
width=1280 height=720 iFramecount=1021 
width=1280 height=720 iFramecount=1022 
width=1280 height=720 iFramecount=1023 
width=1280 height=720 iFramecount=1024 
width=1280 height=720 iFramecount=1025 
width=1280 height=720 iFramecount=1026 
width=1280 height=720 iFramecount=1027 
width=1280 height=720 iFramecount=1028 
width=1280 height=720 iFramecount=1029 
width=1280 height=720 iFramecount=1030 
width=1280 height=720 iFramecount=1031 
width=1280 height=720 iFramecount=1032 
width=1280 height=720 iFramecount=1033 
width=1280 height=720 iFramecount=1034 
width=1280 height=720 iFramecount=1035 
width=1280 height=720 iFramecount=1036 
width=1280 height=720 iFramecount=1037 
width=1280 height=720 iFramecount=1038 
width=1280 height=720 iFramecount=1039 
width=1280 height=720 iFramecount=1040 
width=1280 height=720 iFramecount=1041 
width=1280 height=720 iFramecount=1042 
width=1280 height=720 iFramecount=1043 
width=1280 height=720 iFramecount=1044 
width=1280 height=720 iFramecount=1045 
width=1280 height=720 iFramecount=1046 
width=1280 height=720 iFramecount=1047 
width=1280 height=720 iFramecount=1048 
width=1280 height=720 iFramecount=1049 
width=1280 height=720 iFramecount=1050 
width=1280 height=720 iFramecount=1051 
width=1280 height=720 iFramecount=1052 
width=1280 height=720 iFramecount=1053 
width=1280 height=720 iFramecount=1054 
width=1280 height=720 iFramecount=1055 
width=1280 height=720 iFramecount=1056 
width=1280 height=720 iFramecount=1057 
width=1280 height=720 iFramecount=1058 
width=1280 height=720 iFramecount=1059 
width=1280 height=720 iFramecount=1060 
width=1280 height=720 iFramecount=1061 
width=1280 height=720 iFramecount=1062 
width=1280 height=720 iFramecount=1063 
width=1280 height=720 iFramecount=1064 
width=1280 height=720 iFramecount=1065 
width=1280 height=720 iFramecount=1066 
width=1280 height=720 iFramecount=1067 
width=1280 height=720 iFramecount=1068 
width=1280 height=720 iFramecount=1069 
width=1280 height=720 iFramecount=1070 
width=1280 height=720 iFramecount=1071 
width=1280 height=720 iFramecount=1072 
width=1280 height=720 iFramecount=1073 
width=1280 height=720 iFramecount=1074 
width=1280 height=720 iFramecount=1075 
width=1280 height=720 iFramecount=1076 
width=1280 height=720 iFramecount=1077 
width=1280 height=720 iFramecount=1078 
width=1280 height=720 iFramecount=1079 
width=1280 height=720 iFramecount=1080 
width=1280 height=720 iFramecount=1081 
width=1280 height=720 iFramecount=1082 
width=1280 height=720 iFramecount=1083 
width=1280 height=720 iFramecount=1084 
width=1280 height=720 iFramecount=1085 
width=1280 height=720 iFramecount=1086 
width=1280 height=720 iFramecount=1087 
width=1280 height=720 iFramecount=1088 
width=1280 height=720 iFramecount=1089 
width=1280 height=720 iFramecount=1090 
width=1280 height=720 iFramecount=1091 
width=1280 height=720 iFramecount=1092 
width=1280 height=720 iFramecount=1093 
width=1280 height=720 iFramecount=1094 
width=1280 height=720 iFramecount=1095 
width=1280 height=720 iFramecount=1096 
width=1280 height=720 iFramecount=1097 
width=1280 height=720 iFramecount=1098 
width=1280 height=720 iFramecount=1099 
width=1280 height=720 iFramecount=1100 
width=1280 height=720 iFramecount=1101 
width=1280 height=720 iFramecount=1102 
width=1280 height=720 iFramecount=1103 
width=1280 height=720 iFramecount=1104 
width=1280 height=720 iFramecount=1105 
width=1280 height=720 iFramecount=1106 
width=1280 height=720 iFramecount=1107 
width=1280 height=720 iFramecount=1108 
width=1280 height=720 iFramecount=1109 
width=1280 height=720 iFramecount=1110 
width=1280 height=720 iFramecount=1111 
width=1280 height=720 iFramecount=1112 
width=1280 height=720 iFramecount=1113 
width=1280 height=720 iFramecount=1114 
width=1280 height=720 iFramecount=1115 
width=1280 height=720 iFramecount=1116 
width=1280 height=720 iFramecount=1117 
width=1280 height=720 iFramecount=1118 
width=1280 height=720 iFramecount=1119 
width=1280 height=720 iFramecount=1120 
width=1280 height=720 iFramecount=1121 
width=1280 height=720 iFramecount=1122 
width=1280 height=720 iFramecount=1123 
width=1280 height=720 iFramecount=1124 
width=1280 height=720 iFramecount=1125 
width=1280 height=720 iFramecount=1126 
width=1280 height=720 iFramecount=1127 
width=1280 height=720 iFramecount=1128 
width=1280 height=720 iFramecount=1129 
width=1280 height=720 iFramecount=1130 
width=1280 height=720 iFramecount=1131 
width=1280 height=720 iFramecount=1132 
width=1280 height=720 iFramecount=1133 
width=1280 height=720 iFramecount=1134 
width=1280 height=720 iFramecount=1135 
width=1280 height=720 iFramecount=1136 
width=1280 height=720 iFramecount=1137 
width=1280 height=720 iFramecount=1138 
width=1280 height=720 iFramecount=1139 
width=1280 height=720 iFramecount=1140 
width=1280 height=720 iFramecount=1141 
width=1280 height=720 iFramecount=1142 
width=1280 height=720 iFramecount=1143 
width=1280 height=720 iFramecount=1144 
width=1280 height=720 iFramecount=1145 
width=1280 height=720 iFramecount=1146 
width=1280 height=720 iFramecount=1147 
width=1280 height=720 iFramecount=1148 
width=1280 height=720 iFramecount=1149 
width=1280 height=720 iFramecount=1150 
width=1280 height=720 iFramecount=1151 
width=1280 height=720 iFramecount=1152 
width=1280 height=720 iFramecount=1153 
width=1280 height=720 iFramecount=1154 
width=1280 height=720 iFramecount=1155 
width=1280 height=720 iFramecount=1156 
width=1280 height=720 iFramecount=1157 
width=1280 height=720 iFramecount=1158 
width=1280 height=720 iFramecount=1159 
width=1280 height=720 iFramecount=1160 
width=1280 height=720 iFramecount=1161 
width=1280 height=720 iFramecount=1162 
width=1280 height=720 iFramecount=1163 
width=1280 height=720 iFramecount=1164 
width=1280 height=720 iFramecount=1165 
width=1280 height=720 iFramecount=1166 
width=1280 height=720 iFramecount=1167 
width=1280 height=720 iFramecount=1168 
width=1280 height=720 iFramecount=1169 
width=1280 height=720 iFramecount=1170 
width=1280 height=720 iFramecount=1171 
width=1280 height=720 iFramecount=1172 
width=1280 height=720 iFramecount=1173 
width=1280 height=720 iFramecount=1174 
width=1280 height=720 iFramecount=1175 
width=1280 height=720 iFramecount=1176 
width=1280 height=720 iFramecount=1177 
width=1280 height=720 iFramecount=1178 
width=1280 height=720 iFramecount=1179 
width=1280 height=720 iFramecount=1180 
width=1280 height=720 iFramecount=1181 
width=1280 height=720 iFramecount=1182 
width=1280 height=720 iFramecount=1183 
width=1280 height=720 iFramecount=1184 
width=1280 height=720 iFramecount=1185 
width=1280 height=720 iFramecount=1186 
width=1280 height=720 iFramecount=1187 
width=1280 height=720 iFramecount=1188 
width=1280 height=720 iFramecount=1189 
width=1280 height=720 iFramecount=1190 
width=1280 height=720 iFramecount=1191 
width=1280 height=720 iFramecount=1192 
width=1280 height=720 iFramecount=1193 
width=1280 height=720 iFramecount=1194 
width=1280 height=720 iFramecount=1195 
width=1280 height=720 iFramecount=1196 
width=1280 height=720 iFramecount=1197 
width=1280 height=720 iFramecount=1198 
width=1280 height=720 iFramecount=1199 
width=1280 height=720 iFramecount=1200 
width=1280 height=720 iFramecount=1201 
width=1280 height=720 iFramecount=1202 
width=1280 height=720 iFramecount=1203 
width=1280 height=720 iFramecount=1204 
width=1280 height=720 iFramecount=1205 
width=1280 height=720 iFramecount=1206 
width=1280 height=720 iFramecount=1207 
width=1280 height=720 iFramecount=1208 
width=1280 height=720 iFramecount=1209 
width=1280 height=720 iFramecount=1210 
width=1280 height=720 iFramecount=1211 
width=1280 height=720 iFramecount=1212 
width=1280 height=720 iFramecount=1213 
width=1280 height=720 iFramecount=1214 
width=1280 height=720 iFramecount=1215 
width=1280 height=720 iFramecount=1216 
width=1280 height=720 iFramecount=1217 
width=1280 height=720 iFramecount=1218 
width=1280 height=720 iFramecount=1219 
width=1280 height=720 iFramecount=1220 
width=1280 height=720 iFramecount=1221 
width=1280 height=720 iFramecount=1222 
width=1280 height=720 iFramecount=1223 
width=1280 height=720 iFramecount=1224 
width=1280 height=720 iFramecount=1225 
width=1280 height=720 iFramecount=1226 
width=1280 height=720 iFramecount=1227 
width=1280 height=720 iFramecount=1228 
width=1280 height=720 iFramecount=1229 
width=1280 height=720 iFramecount=1230 
width=1280 height=720 iFramecount=1231 
width=1280 height=720 iFramecount=1232 
width=1280 height=720 iFramecount=1233 
width=1280 height=720 iFramecount=1234 
width=1280 height=720 iFramecount=1235 
width=1280 height=720 iFramecount=1236 
width=1280 height=720 iFramecount=1237 
width=1280 height=720 iFramecount=1238 
width=1280 height=720 iFramecount=1239 
width=1280 height=720 iFramecount=1240 
width=1280 height=720 iFramecount=1241 
width=1280 height=720 iFramecount=1242 
width=1280 height=720 iFramecount=1243 
width=1280 height=720 iFramecount=1244 
width=1280 height=720 iFramecount=1245 
width=1280 height=720 iFramecount=1246 
width=1280 height=720 iFramecount=1247 
width=1280 height=720 iFramecount=1248 
width=1280 height=720 iFramecount=1249 
width=1280 height=720 iFramecount=1250 
width=1280 height=720 iFramecount=1251 
width=1280 height=720 iFramecount=1252 
width=1280 height=720 iFramecount=1253 
width=1280 height=720 iFramecount=1254 
width=1280 height=720 iFramecount=1255 
width=1280 height=720 iFramecount=1256 
width=1280 height=720 iFramecount=1257 
width=1280 height=720 iFramecount=1258 
width=1280 height=720 iFramecount=1259 
width=1280 height=720 iFramecount=1260 
width=1280 height=720 iFramecount=1261 
width=1280 height=720 iFramecount=1262 
width=1280 height=720 iFramecount=1263 
width=1280 height=720 iFramecount=1264 
width=1280 height=720 iFramecount=1265 
width=1280 height=720 iFramecount=1266 
width=1280 height=720 iFramecount=1267 
width=1280 height=720 iFramecount=1268 
width=1280 height=720 iFramecount=1269 
width=1280 height=720 iFramecount=1270 
width=1280 height=720 iFramecount=1271 
width=1280 height=720 iFramecount=1272 
width=1280 height=720 iFramecount=1273 
width=1280 height=720 iFramecount=1274 
width=1280 height=720 iFramecount=1275 
width=1280 height=720 iFramecount=1276 
width=1280 height=720 iFramecount=1277 
width=1280 height=720 iFramecount=1278 
width=1280 height=720 iFramecount=1279 
width=1280 height=720 iFramecount=1280 
width=1280 height=720 iFramecount=1281 
width=1280 height=720 iFramecount=1282 
width=1280 height=720 iFramecount=1283 
width=1280 height=720 iFramecount=1284 
width=1280 height=720 iFramecount=1285 
width=1280 height=720 iFramecount=1286 
width=1280 height=720 iFramecount=1287 
width=1280 height=720 iFramecount=1288 
width=1280 height=720 iFramecount=1289 
width=1280 height=720 iFramecount=1290 
width=1280 height=720 iFramecount=1291 
width=1280 height=720 iFramecount=1292 
width=1280 height=720 iFramecount=1293 
width=1280 height=720 iFramecount=1294 
width=1280 height=720 iFramecount=1295 
width=1280 height=720 iFramecount=1296 
width=1280 height=720 iFramecount=1297 
width=1280 height=720 iFramecount=1298 
width=1280 height=720 iFramecount=1299 
width=1280 height=720 iFramecount=1300 
width=1280 height=720 iFramecount=1301 
width=1280 height=720 iFramecount=1302 
width=1280 height=720 iFramecount=1303 
width=1280 height=720 iFramecount=1304 
width=1280 height=720 iFramecount=1305 
width=1280 height=720 iFramecount=1306 
width=1280 height=720 iFramecount=1307 
width=1280 height=720 iFramecount=1308 
width=1280 height=720 iFramecount=1309 
width=1280 height=720 iFramecount=1310 
width=1280 height=720 iFramecount=1311 
width=1280 height=720 iFramecount=1312 
width=1280 height=720 iFramecount=1313 
width=1280 height=720 iFramecount=1314 
width=1280 height=720 iFramecount=1315 
width=1280 height=720 iFramecount=1316 
width=1280 height=720 iFramecount=1317 
width=1280 height=720 iFramecount=1318 
width=1280 height=720 iFramecount=1319 
width=1280 height=720 iFramecount=1320 
width=1280 height=720 iFramecount=1321 
width=1280 height=720 iFramecount=1322 
width=1280 height=720 iFramecount=1323 
width=1280 height=720 iFramecount=1324 
