PMT PID=2307 
Service PID=124 
PCR PID=515 
Video PID=515 
Auido PID=680 
PCR=419439929 
PTS=282538800 
PTS-PCR=-136901129 
PCR=419439929 
PTS=282538800 
PTS-PCR=-136901129 
PCR=-1680941446 
PTS=282553200 
PTS-PCR=1963494646 
PCR=-1680941446 
PTS=282553200 
PTS-PCR=1963494646 
PCR=-1680941446 
PTS=282553200 
PTS-PCR=1963494646 
PCR=-1680941446 
PTS=282553200 
PTS-PCR=1963494646 
PCR=-1680941446 
PTS=282553200 
PTS-PCR=1963494646 
PCR=-1680941446 
PTS=282553200 
PTS-PCR=1963494646 
PCR=-1680941446 
PTS=282553200 
PTS-PCR=1963494646 
PCR=-1680941446 
PTS=282553200 
PTS-PCR=1963494646 
PCR=-1680941446 
PTS=282553200 
PTS-PCR=1963494646 
PCR=-1680941446 
PTS=282553200 
PTS-PCR=1963494646 
PCR=-1680941446 
PTS=282553200 
PTS-PCR=1963494646 
PCR=-1680941446 
PTS=282553200 
PTS-PCR=1963494646 
PCR=-1680941446 
PTS=282553200 
PTS-PCR=1963494646 
PCR=-1680941446 
PTS=282553200 
PTS-PCR=1963494646 
PCR=-1680941446 
PTS=282553200 
PTS-PCR=1963494646 
PCR=-1680941446 
PTS=282553200 
PTS-PCR=1963494646 
PCR=-1680941446 
PTS=282553200 
PTS-PCR=1963494646 
PCR=-1680941446 
PTS=282553200 
PTS-PCR=1963494646 
PCR=-1680941446 
PTS=282553200 
PTS-PCR=1963494646 
PCR=-1680941446 
PTS=282553200 
PTS-PCR=1963494646 
PCR=-1680941446 
PTS=282553200 
PTS-PCR=1963494646 
PCR=-1680941446 
PTS=282553200 
PTS-PCR=1963494646 
PCR=-1680941446 
PTS=282553200 
PTS-PCR=1963494646 
PCR=-1680941446 
PTS=282553200 
PTS-PCR=1963494646 
PCR=-1680941446 
PTS=282553200 
PTS-PCR=1963494646 
PCR=-1680941446 
PTS=282553200 
PTS-PCR=1963494646 
PCR=-1680941446 
PTS=282553200 
PTS-PCR=1963494646 
PCR=-1680941446 
PTS=282553200 
PTS-PCR=1963494646 
PCR=-1680941446 
PTS=282553200 
PTS-PCR=1963494646 
PCR=-1680941446 
PTS=282553200 
PTS-PCR=1963494646 
PCR=-1680941446 
PTS=282553200 
PTS-PCR=1963494646 
PCR=-1680941446 
PTS=282553200 
PTS-PCR=1963494646 
PCR=-1680941446 
PTS=282553200 
PTS-PCR=1963494646 
PCR=-1680941446 
PTS=282553200 
PTS-PCR=1963494646 
PCR=-1680941446 
PTS=282553200 
PTS-PCR=1963494646 
PCR=-1680941446 
PTS=282553200 
PTS-PCR=1963494646 
PCR=-1680941446 
PTS=282553200 
PTS-PCR=1963494646 
PCR=-1680941446 
PTS=282553200 
PTS-PCR=1963494646 
PCR=-1680941446 
PTS=282553200 
PTS-PCR=1963494646 
PCR=234944921 
PTS=282639600 
PTS-PCR=47694679 
PCR=234944921 
PTS=282639600 
PTS-PCR=47694679 
PCR=234944921 
PTS=282639600 
PTS-PCR=47694679 
PCR=234944921 
PTS=282639600 
PTS-PCR=47694679 
PCR=234944921 
PTS=282639600 
PTS-PCR=47694679 
PCR=234944921 
PTS=282639600 
PTS-PCR=47694679 
PCR=234944921 
PTS=282639600 
PTS-PCR=47694679 
PCR=234944921 
PTS=282639600 
PTS-PCR=47694679 
PCR=234944921 
PTS=282639600 
PTS-PCR=47694679 
PCR=234944921 
PTS=282639600 
PTS-PCR=47694679 
PCR=234944921 
PTS=282639600 
PTS-PCR=47694679 
PCR=234944921 
PTS=282639600 
PTS-PCR=47694679 
PCR=234944921 
PTS=282639600 
PTS-PCR=47694679 
PCR=234944921 
PTS=282639600 
PTS-PCR=47694679 
PCR=234944921 
PTS=282639600 
PTS-PCR=47694679 
PCR=234944921 
PTS=282639600 
PTS-PCR=47694679 
PCR=234944921 
PTS=282639600 
PTS-PCR=47694679 
PCR=234944921 
PTS=282639600 
PTS-PCR=47694679 
PCR=234944921 
PTS=282639600 
PTS-PCR=47694679 
PCR=234944921 
PTS=282639600 
PTS-PCR=47694679 
PCR=234944921 
PTS=282639600 
PTS-PCR=47694679 
PCR=234944921 
PTS=282639600 
PTS-PCR=47694679 
PCR=234944921 
PTS=282639600 
PTS-PCR=47694679 
PCR=234944921 
PTS=282639600 
PTS-PCR=47694679 
PCR=234944921 
PTS=282639600 
PTS-PCR=47694679 
PCR=234944921 
PTS=282639600 
PTS-PCR=47694679 
PCR=234944921 
PTS=282639600 
PTS-PCR=47694679 
PCR=234944921 
PTS=282639600 
PTS-PCR=47694679 
PCR=234944921 
PTS=282639600 
PTS-PCR=47694679 
PCR=234944921 
PTS=282639600 
PTS-PCR=47694679 
PCR=234944921 
PTS=282639600 
PTS-PCR=47694679 
PCR=234944921 
PTS=282639600 
PTS-PCR=47694679 
PCR=234944921 
PTS=282639600 
PTS-PCR=47694679 
PCR=234944921 
PTS=282639600 
PTS-PCR=47694679 
PCR=234944921 
PTS=282639600 
PTS-PCR=47694679 
PCR=234944921 
PTS=282639600 
PTS-PCR=47694679 
PCR=234944921 
PTS=282639600 
PTS-PCR=47694679 
PCR=234944921 
PTS=282639600 
PTS-PCR=47694679 
PCR=234944921 
PTS=282639600 
PTS-PCR=47694679 
PCR=234944921 
PTS=282639600 
PTS-PCR=47694679 
PCR=1599585967 
PTS=282682800 
PTS-PCR=-1316903167 
PCR=1599585967 
PTS=282704400 
PTS-PCR=-1316881567 
PCR=1599585967 
PTS=282704400 
PTS-PCR=-1316881567 
PCR=1599585967 
PTS=282704400 
PTS-PCR=-1316881567 
PCR=1599585967 
PTS=282704400 
PTS-PCR=-1316881567 
PCR=1599585967 
PTS=282704400 
PTS-PCR=-1316881567 
PCR=1599585967 
PTS=282704400 
PTS-PCR=-1316881567 
PCR=1599585967 
PTS=282704400 
PTS-PCR=-1316881567 
PCR=282816000 
PTS=282816000 
PTS-PCR=0 
PCR=282816000 
PTS=282819600 
PTS-PCR=3600 
rate=25.0 
PCR=282816000 
PTS=282819600 
PTS-PCR=3600 
PCR=282816000 
PTS=282819600 
PTS-PCR=3600 
PCR=282816000 
PTS=282819600 
PTS-PCR=3600 
PCR=282816000 
PTS=282819600 
PTS-PCR=3600 
PCR=282816000 
PTS=282834000 
PTS-PCR=18000 
PCR=282844800 
PTS=282844800 
PTS-PCR=0 
PCR=282844800 
PTS=282844800 
PTS-PCR=0 
PCR=282844800 
PTS=282844800 
PTS-PCR=0 
PCR=282844800 
PTS=282844800 
PTS-PCR=0 
PCR=282844800 
PTS=282844800 
PTS-PCR=0 
PCR=282844800 
PTS=282844800 
PTS-PCR=0 
PCR=282844800 
PTS=282844800 
PTS-PCR=0 
PCR=282844800 
PTS=282844800 
PTS-PCR=0 
PCR=282844800 
PTS=282844800 
PTS-PCR=0 
PCR=282844800 
PTS=282844800 
PTS-PCR=0 
PCR=282844800 
PTS=282844800 
PTS-PCR=0 
PCR=282844800 
PTS=282844800 
PTS-PCR=0 
PCR=282844800 
PTS=282844800 
PTS-PCR=0 
PCR=282844800 
PTS=282844800 
PTS-PCR=0 
PCR=282844800 
PTS=282844800 
PTS-PCR=0 
PCR=282844800 
PTS=282844800 
PTS-PCR=0 
PCR=282844800 
PTS=282844800 
PTS-PCR=0 
PCR=282844800 
PTS=282844800 
PTS-PCR=0 
PCR=282844800 
PTS=282844800 
PTS-PCR=0 
PCR=282844800 
PTS=282844800 
PTS-PCR=0 
PCR=282844800 
PTS=282844800 
PTS-PCR=0 
PCR=282844800 
PTS=282844800 
PTS-PCR=0 
PCR=282844800 
PTS=282844800 
PTS-PCR=0 
PCR=282844800 
PTS=282844800 
PTS-PCR=0 
PCR=282844800 
PTS=282844800 
PTS-PCR=0 
PCR=282844800 
PTS=282844800 
PTS-PCR=0 
PCR=282844800 
PTS=282844800 
PTS-PCR=0 
PCR=282844800 
PTS=282844800 
PTS-PCR=0 
PCR=282844800 
PTS=282844800 
PTS-PCR=0 
PCR=282844800 
PTS=282844800 
PTS-PCR=0 
PCR=282844800 
PTS=282844800 
PTS-PCR=0 
PCR=282844800 
PTS=282844800 
PTS-PCR=0 
PCR=282844800 
PTS=282844800 
PTS-PCR=0 
PCR=282844800 
PTS=282844800 
PTS-PCR=0 
PCR=282844800 
PTS=282844800 
PTS-PCR=0 
PCR=282844800 
PTS=282844800 
PTS-PCR=0 
PCR=282844800 
PTS=282844800 
PTS-PCR=0 
PCR=282844800 
PTS=282844800 
PTS-PCR=0 
PCR=282844800 
PTS=282844800 
PTS-PCR=0 
PCR=205201772 
PTS=282855600 
PTS-PCR=77653828 
PCR=205201772 
PTS=282855600 
PTS-PCR=77653828 
PCR=205201772 
PTS=282855600 
PTS-PCR=77653828 
PCR=205201772 
PTS=282855600 
PTS-PCR=77653828 
PCR=205201772 
PTS=282855600 
PTS-PCR=77653828 
PCR=553801810 
PTS=282985200 
PTS-PCR=-270816610 
PCR=553801810 
PTS=282985200 
PTS-PCR=-270816610 
PCR=994499881 
PTS=283014000 
PTS-PCR=-711485881 
PCR=994499881 
PTS=283014000 
PTS-PCR=-711485881 
PCR=994499881 
PTS=283014000 
PTS-PCR=-711485881 
PCR=994499881 
PTS=283014000 
PTS-PCR=-711485881 
PCR=994499881 
PTS=283014000 
PTS-PCR=-711485881 
PCR=994499881 
PTS=283014000 
PTS-PCR=-711485881 
PCR=994499881 
PTS=283014000 
PTS-PCR=-711485881 
PCR=994499881 
PTS=283014000 
PTS-PCR=-711485881 
PCR=994499881 
PTS=283014000 
PTS-PCR=-711485881 
PCR=994499881 
PTS=283014000 
PTS-PCR=-711485881 
PCR=994499881 
PTS=283014000 
PTS-PCR=-711485881 
PCR=994499881 
PTS=283014000 
PTS-PCR=-711485881 
PCR=994499881 
PTS=283014000 
PTS-PCR=-711485881 
PCR=994499881 
PTS=283014000 
PTS-PCR=-711485881 
PCR=994499881 
PTS=283014000 
PTS-PCR=-711485881 
PCR=994499881 
PTS=283014000 
PTS-PCR=-711485881 
PCR=994499881 
PTS=283014000 
PTS-PCR=-711485881 
PCR=994499881 
PTS=283014000 
PTS-PCR=-711485881 
PCR=994499881 
PTS=283014000 
PTS-PCR=-711485881 
PCR=994499881 
PTS=283014000 
PTS-PCR=-711485881 
PCR=994499881 
PTS=283014000 
PTS-PCR=-711485881 
PCR=994499881 
PTS=283014000 
PTS-PCR=-711485881 
PCR=994499881 
PTS=283014000 
PTS-PCR=-711485881 
PCR=994499881 
PTS=283014000 
PTS-PCR=-711485881 
PCR=994499881 
PTS=283014000 
PTS-PCR=-711485881 
PCR=994499881 
PTS=283014000 
PTS-PCR=-711485881 
PCR=994499881 
PTS=283014000 
PTS-PCR=-711485881 
PCR=994499881 
PTS=283014000 
PTS-PCR=-711485881 
PCR=994499881 
PTS=283014000 
PTS-PCR=-711485881 
PCR=994499881 
PTS=283014000 
PTS-PCR=-711485881 
PCR=994499881 
PTS=283014000 
PTS-PCR=-711485881 
PCR=994499881 
PTS=283014000 
PTS-PCR=-711485881 
PCR=994499881 
PTS=283014000 
PTS-PCR=-711485881 
PCR=994499881 
PTS=283014000 
PTS-PCR=-711485881 
PCR=994499881 
PTS=283014000 
PTS-PCR=-711485881 
PCR=994499881 
PTS=283014000 
PTS-PCR=-711485881 
PCR=994499881 
PTS=283014000 
PTS-PCR=-711485881 
PCR=994499881 
PTS=283014000 
PTS-PCR=-711485881 
PCR=994499881 
PTS=283014000 
PTS-PCR=-711485881 
PCR=994499881 
PTS=283014000 
PTS-PCR=-711485881 
PCR=994499881 
PTS=283014000 
PTS-PCR=-711485881 
PCR=994499881 
PTS=283014000 
PTS-PCR=-711485881 
PCR=994499881 
PTS=283014000 
PTS-PCR=-711485881 
PCR=994499881 
PTS=283014000 
PTS-PCR=-711485881 
PCR=1567353695 
PTS=283050000 
PTS-PCR=-1284303695 
PCR=283068000 
PTS=283068000 
PTS-PCR=0 
PCR=283089600 
PTS=283089600 
PTS-PCR=0 
PCR=283089600 
PTS=283089600 
PTS-PCR=0 
PCR=283089600 
PTS=283089600 
PTS-PCR=0 
PCR=283089600 
PTS=283089600 
PTS-PCR=0 
PCR=283089600 
PTS=283089600 
PTS-PCR=0 
PCR=283089600 
PTS=283089600 
PTS-PCR=0 
PCR=283089600 
PTS=283089600 
PTS-PCR=0 
PCR=283089600 
PTS=283089600 
PTS-PCR=0 
PCR=283089600 
PTS=283089600 
PTS-PCR=0 
PCR=283089600 
PTS=283089600 
PTS-PCR=0 
PCR=283089600 
PTS=283089600 
PTS-PCR=0 
PCR=283089600 
PTS=283089600 
PTS-PCR=0 
PCR=283089600 
PTS=283089600 
PTS-PCR=0 
PCR=283089600 
PTS=283089600 
PTS-PCR=0 
PCR=283089600 
PTS=283089600 
PTS-PCR=0 
PCR=283089600 
PTS=283089600 
PTS-PCR=0 
PCR=283089600 
PTS=283089600 
PTS-PCR=0 
PCR=283089600 
PTS=283089600 
PTS-PCR=0 
PCR=283089600 
PTS=283089600 
PTS-PCR=0 
PCR=283089600 
PTS=283089600 
PTS-PCR=0 
PCR=283089600 
PTS=283089600 
PTS-PCR=0 
PCR=283089600 
PTS=283089600 
PTS-PCR=0 
PCR=283089600 
PTS=283089600 
PTS-PCR=0 
PCR=283089600 
PTS=283089600 
PTS-PCR=0 
PCR=283089600 
PTS=283089600 
PTS-PCR=0 
PCR=283089600 
PTS=283089600 
PTS-PCR=0 
PCR=283089600 
PTS=283089600 
PTS-PCR=0 
PCR=283089600 
PTS=283089600 
PTS-PCR=0 
PCR=283089600 
PTS=283089600 
PTS-PCR=0 
PCR=283089600 
PTS=283089600 
PTS-PCR=0 
PCR=283089600 
PTS=283089600 
PTS-PCR=0 
PCR=283089600 
PTS=283089600 
PTS-PCR=0 
PCR=283089600 
PTS=283089600 
PTS-PCR=0 
PCR=283089600 
PTS=283089600 
PTS-PCR=0 
PCR=283089600 
PTS=283089600 
PTS-PCR=0 
PCR=283104000 
PTS=283104000 
PTS-PCR=0 
PCR=283111200 
PTS=283111200 
PTS-PCR=0 
PCR=283111200 
PTS=283114800 
PTS-PCR=3600 
PCR=283111200 
PTS=283114800 
PTS-PCR=3600 
PCR=283154400 
PTS=283154400 
PTS-PCR=0 
PCR=1469391186 
PTS=283222800 
PTS-PCR=-1186168386 
PCR=1696384261 
PTS=283251600 
PTS-PCR=-1413132661 
PCR=1696384261 
PTS=283251600 
PTS-PCR=-1413132661 
PCR=1696384261 
PTS=283251600 
PTS-PCR=-1413132661 
PCR=1696384261 
PTS=283251600 
PTS-PCR=-1413132661 
PCR=1696384261 
PTS=283251600 
PTS-PCR=-1413132661 
PCR=1696384261 
PTS=283251600 
PTS-PCR=-1413132661 
PCR=1696384261 
PTS=283251600 
PTS-PCR=-1413132661 
PCR=1696384261 
PTS=283251600 
PTS-PCR=-1413132661 
PCR=1696384261 
PTS=283251600 
PTS-PCR=-1413132661 
PCR=1696384261 
PTS=283251600 
PTS-PCR=-1413132661 
PCR=1696384261 
PTS=283251600 
PTS-PCR=-1413132661 
PCR=1696384261 
PTS=283251600 
PTS-PCR=-1413132661 
PCR=1696384261 
PTS=283251600 
PTS-PCR=-1413132661 
PCR=1696384261 
PTS=283251600 
PTS-PCR=-1413132661 
PCR=1696384261 
PTS=283251600 
PTS-PCR=-1413132661 
PCR=1696384261 
PTS=283251600 
PTS-PCR=-1413132661 
PCR=1696384261 
PTS=283251600 
PTS-PCR=-1413132661 
PCR=1696384261 
PTS=283251600 
PTS-PCR=-1413132661 
PCR=1696384261 
PTS=283251600 
PTS-PCR=-1413132661 
PCR=1696384261 
PTS=283251600 
PTS-PCR=-1413132661 
PCR=1696384261 
PTS=283251600 
PTS-PCR=-1413132661 
PCR=1696384261 
PTS=283251600 
PTS-PCR=-1413132661 
PCR=1696384261 
PTS=283251600 
PTS-PCR=-1413132661 
PCR=1696384261 
PTS=283251600 
PTS-PCR=-1413132661 
PCR=1696384261 
PTS=283251600 
PTS-PCR=-1413132661 
PCR=1696384261 
PTS=283251600 
PTS-PCR=-1413132661 
PCR=1696384261 
PTS=283251600 
PTS-PCR=-1413132661 
PCR=1696384261 
PTS=283251600 
PTS-PCR=-1413132661 
PCR=1696384261 
PTS=283251600 
PTS-PCR=-1413132661 
PCR=1696384261 
PTS=283251600 
PTS-PCR=-1413132661 
PCR=1696384261 
PTS=283251600 
PTS-PCR=-1413132661 
PCR=1696384261 
PTS=283251600 
PTS-PCR=-1413132661 
PCR=1696384261 
PTS=283251600 
PTS-PCR=-1413132661 
PCR=1696384261 
PTS=283251600 
PTS-PCR=-1413132661 
PCR=1696384261 
PTS=283251600 
PTS-PCR=-1413132661 
PCR=1696384261 
PTS=283251600 
PTS-PCR=-1413132661 
PCR=1696384261 
PTS=283251600 
PTS-PCR=-1413132661 
PCR=1696384261 
PTS=283251600 
PTS-PCR=-1413132661 
PCR=203464562 
PTS=283309200 
PTS-PCR=79844638 
PCR=203464562 
PTS=283309200 
PTS-PCR=79844638 
PCR=203464562 
PTS=283345200 
PTS-PCR=79880638 
PCR=203464562 
PTS=283345200 
PTS-PCR=79880638 
PCR=203464562 
PTS=283345200 
PTS-PCR=79880638 
PCR=283399200 
PTS=283399200 
PTS-PCR=0 
PCR=-1746914890 
PTS=283446000 
PTS-PCR=2030360890 
PCR=-1746914890 
PTS=283446000 
PTS-PCR=2030360890 
PCR=-1746914890 
PTS=283446000 
PTS-PCR=2030360890 
PCR=-1746914890 
PTS=283446000 
PTS-PCR=2030360890 
PCR=443521561 
PTS=283575600 
PTS-PCR=-159945961 
PCR=443521561 
PTS=283575600 
PTS-PCR=-159945961 
PCR=443521561 
PTS=283575600 
PTS-PCR=-159945961 
PCR=443521561 
PTS=283575600 
PTS-PCR=-159945961 
PCR=443521561 
PTS=283575600 
PTS-PCR=-159945961 
PCR=443521561 
PTS=283575600 
PTS-PCR=-159945961 
PCR=443521561 
PTS=283575600 
PTS-PCR=-159945961 
PCR=443521561 
PTS=283575600 
PTS-PCR=-159945961 
PCR=443521561 
PTS=283575600 
PTS-PCR=-159945961 
PCR=443521561 
PTS=283575600 
PTS-PCR=-159945961 
PCR=443521561 
PTS=283575600 
PTS-PCR=-159945961 
PCR=443521561 
PTS=283575600 
PTS-PCR=-159945961 
PCR=443521561 
PTS=283575600 
PTS-PCR=-159945961 
PCR=443521561 
PTS=283575600 
PTS-PCR=-159945961 
PCR=443521561 
PTS=283575600 
PTS-PCR=-159945961 
PCR=443521561 
PTS=283575600 
PTS-PCR=-159945961 
PCR=443521561 
PTS=283575600 
PTS-PCR=-159945961 
PCR=443521561 
PTS=283575600 
PTS-PCR=-159945961 
PCR=443521561 
PTS=283575600 
PTS-PCR=-159945961 
PCR=443521561 
PTS=283575600 
PTS-PCR=-159945961 
PCR=443521561 
PTS=283575600 
PTS-PCR=-159945961 
PCR=443521561 
PTS=283575600 
PTS-PCR=-159945961 
PCR=443521561 
PTS=283575600 
PTS-PCR=-159945961 
PCR=443521561 
PTS=283575600 
PTS-PCR=-159945961 
PCR=443521561 
PTS=283575600 
PTS-PCR=-159945961 
PCR=443521561 
PTS=283575600 
PTS-PCR=-159945961 
PCR=443521561 
PTS=283575600 
PTS-PCR=-159945961 
PCR=443521561 
PTS=283575600 
PTS-PCR=-159945961 
PCR=443521561 
PTS=283575600 
PTS-PCR=-159945961 
PCR=443521561 
PTS=283575600 
PTS-PCR=-159945961 
PCR=443521561 
PTS=283575600 
PTS-PCR=-159945961 
PCR=443521561 
PTS=283575600 
PTS-PCR=-159945961 
PCR=443521561 
PTS=283575600 
PTS-PCR=-159945961 
PCR=443521561 
PTS=283575600 
PTS-PCR=-159945961 
PCR=443521561 
PTS=283575600 
PTS-PCR=-159945961 
PCR=443521561 
PTS=283575600 
PTS-PCR=-159945961 
PCR=443521561 
PTS=283575600 
PTS-PCR=-159945961 
PCR=283737600 
PTS=283737600 
PTS-PCR=0 
PCR=283737600 
PTS=283737600 
PTS-PCR=0 
PCR=283737600 
PTS=283737600 
PTS-PCR=0 
PCR=283737600 
PTS=283737600 
PTS-PCR=0 
PCR=283737600 
PTS=283737600 
PTS-PCR=0 
PCR=283752000 
PTS=283752000 
PTS-PCR=0 
PCR=283752000 
PTS=283752000 
PTS-PCR=0 
PCR=283752000 
PTS=283752000 
PTS-PCR=0 
PCR=283752000 
PTS=283752000 
PTS-PCR=0 
PCR=283752000 
PTS=283752000 
PTS-PCR=0 
PCR=283752000 
PTS=283752000 
PTS-PCR=0 
PCR=283752000 
PTS=283752000 
PTS-PCR=0 
PCR=283752000 
PTS=283752000 
PTS-PCR=0 
PCR=283752000 
PTS=283752000 
PTS-PCR=0 
PCR=283752000 
PTS=283752000 
PTS-PCR=0 
PCR=283752000 
PTS=283752000 
PTS-PCR=0 
PCR=283752000 
PTS=283752000 
PTS-PCR=0 
PCR=283752000 
PTS=283752000 
PTS-PCR=0 
PCR=283752000 
PTS=283752000 
PTS-PCR=0 
PCR=283752000 
PTS=283752000 
PTS-PCR=0 
PCR=283752000 
PTS=283752000 
PTS-PCR=0 
PCR=283752000 
PTS=283752000 
PTS-PCR=0 
PCR=283752000 
PTS=283752000 
PTS-PCR=0 
PCR=283752000 
PTS=283752000 
PTS-PCR=0 
PCR=283752000 
PTS=283752000 
PTS-PCR=0 
PCR=283752000 
PTS=283752000 
PTS-PCR=0 
PCR=283752000 
PTS=283752000 
PTS-PCR=0 
PCR=283752000 
PTS=283752000 
PTS-PCR=0 
PCR=283752000 
PTS=283752000 
PTS-PCR=0 
PCR=283752000 
PTS=283752000 
PTS-PCR=0 
PCR=283752000 
PTS=283752000 
PTS-PCR=0 
PCR=283752000 
PTS=283752000 
PTS-PCR=0 
PCR=283752000 
PTS=283752000 
PTS-PCR=0 
PCR=283752000 
PTS=283752000 
PTS-PCR=0 
PCR=283752000 
PTS=283752000 
PTS-PCR=0 
PCR=283752000 
PTS=283752000 
PTS-PCR=0 
PCR=283752000 
PTS=283752000 
PTS-PCR=0 
PCR=283752000 
PTS=283752000 
PTS-PCR=0 
PCR=283752000 
PTS=283752000 
PTS-PCR=0 
PCR=283752000 
PTS=283752000 
PTS-PCR=0 
PCR=283752000 
PTS=283752000 
PTS-PCR=0 
PCR=283752000 
PTS=283752000 
PTS-PCR=0 
PCR=283752000 
PTS=283752000 
PTS-PCR=0 
PCR=283752000 
PTS=283752000 
PTS-PCR=0 
PCR=283752000 
PTS=283752000 
PTS-PCR=0 
PCR=283752000 
PTS=283752000 
PTS-PCR=0 
PCR=-1690477522 
PTS=283834800 
PTS-PCR=1974312322 
PCR=-1690477522 
PTS=283834800 
PTS-PCR=1974312322 
PCR=283867200 
PTS=283867200 
PTS-PCR=0 
PCR=283867200 
PTS=283867200 
PTS-PCR=0 
PCR=283867200 
PTS=283867200 
PTS-PCR=0 
PCR=283881600 
PTS=283881600 
PTS-PCR=0 
PCR=283881600 
PTS=283881600 
PTS-PCR=0 
PCR=283917600 
PTS=283917600 
PTS-PCR=0 
PCR=283917600 
PTS=283917600 
PTS-PCR=0 
PCR=283917600 
PTS=283917600 
PTS-PCR=0 
PCR=283917600 
PTS=283917600 
PTS-PCR=0 
PCR=283939200 
PTS=283939200 
PTS-PCR=0 
PCR=284061600 
PTS=284061600 
PTS-PCR=0 
PCR=1481165021 
PTS=284079600 
PTS-PCR=-1197085421 
PCR=284155200 
PTS=284155200 
PTS-PCR=0 
PCR=284155200 
PTS=284155200 
PTS-PCR=0 
PCR=1308032991 
PTS=284166000 
PTS-PCR=-1023866991 
PCR=1308032991 
PTS=284166000 
PTS-PCR=-1023866991 
PCR=1308032991 
PTS=284166000 
PTS-PCR=-1023866991 
PCR=1308032991 
PTS=284166000 
PTS-PCR=-1023866991 
PCR=284184000 
PTS=284184000 
PTS-PCR=0 
PCR=284191200 
PTS=284191200 
PTS-PCR=0 
PCR=284191200 
PTS=284191200 
PTS-PCR=0 
PCR=284191200 
PTS=284191200 
PTS-PCR=0 
PCR=284191200 
PTS=284191200 
PTS-PCR=0 
PCR=284191200 
PTS=284191200 
PTS-PCR=0 
PCR=284205600 
PTS=284205600 
PTS-PCR=0 
PCR=284205600 
PTS=284205600 
PTS-PCR=0 
PCR=284227200 
PTS=284227200 
PTS-PCR=0 
PCR=284227200 
PTS=284230800 
PTS-PCR=3600 
PCR=1340308498 
PTS=284274000 
PTS-PCR=-1056034498 
PCR=1340308498 
PTS=284274000 
PTS-PCR=-1056034498 
PCR=284306400 
PTS=284306400 
PTS-PCR=0 
PCR=284306400 
PTS=284306400 
PTS-PCR=0 
PCR=284407200 
PTS=284407200 
PTS-PCR=0 
PCR=284472000 
PTS=284472000 
PTS-PCR=0 
PCR=284472000 
PTS=284472000 
PTS-PCR=0 
PCR=284536800 
PTS=284536800 
PTS-PCR=0 
PCR=284536800 
PTS=284536800 
PTS-PCR=0 
PCR=284536800 
PTS=284536800 
PTS-PCR=0 
PCR=284536800 
PTS=284540400 
PTS-PCR=3600 
PCR=2027601948 
PTS=284583600 
PTS-PCR=-1743018348 
PCR=284644800 
PTS=284644800 
PTS-PCR=0 
PCR=284716800 
PTS=284716800 
PTS-PCR=0 
PCR=1343773531 
PTS=284770800 
PTS-PCR=-1059002731 
PCR=1343773531 
PTS=284770800 
PTS-PCR=-1059002731 
PCR=1343773531 
PTS=284770800 
PTS-PCR=-1059002731 
PCR=284810400 
PTS=284810400 
PTS-PCR=0 
PCR=893706413 
PTS=284842800 
PTS-PCR=-608863613 
PCR=893706413 
PTS=284842800 
PTS-PCR=-608863613 
PCR=893706413 
PTS=284842800 
PTS-PCR=-608863613 
PCR=893706413 
PTS=284842800 
PTS-PCR=-608863613 
PCR=893706413 
PTS=284842800 
PTS-PCR=-608863613 
PCR=284925600 
PTS=284925600 
PTS-PCR=0 
PCR=284983200 
PTS=284983200 
PTS-PCR=0 
PCR=284983200 
PTS=284983200 
PTS-PCR=0 
PCR=284983200 
PTS=284983200 
PTS-PCR=0 
PCR=284983200 
PTS=284983200 
PTS-PCR=0 
PCR=284983200 
PTS=284983200 
PTS-PCR=0 
PCR=284983200 
PTS=284983200 
PTS-PCR=0 
PCR=284983200 
PTS=284983200 
PTS-PCR=0 
PCR=284983200 
PTS=284983200 
PTS-PCR=0 
PCR=284983200 
PTS=284983200 
PTS-PCR=0 
PCR=284983200 
PTS=284983200 
PTS-PCR=0 
PCR=284983200 
PTS=284983200 
PTS-PCR=0 
PCR=284983200 
PTS=284983200 
PTS-PCR=0 
PCR=284983200 
PTS=284983200 
PTS-PCR=0 
PCR=284983200 
PTS=284983200 
PTS-PCR=0 
PCR=284983200 
PTS=284983200 
PTS-PCR=0 
PCR=284983200 
PTS=284983200 
PTS-PCR=0 
PCR=284983200 
PTS=284983200 
PTS-PCR=0 
PCR=284983200 
PTS=284983200 
PTS-PCR=0 
PCR=284983200 
PTS=284983200 
PTS-PCR=0 
PCR=284983200 
PTS=284983200 
PTS-PCR=0 
PCR=284983200 
PTS=284983200 
PTS-PCR=0 
PCR=284983200 
PTS=284983200 
PTS-PCR=0 
PCR=284983200 
PTS=284983200 
PTS-PCR=0 
PCR=284983200 
PTS=284983200 
PTS-PCR=0 
PCR=284983200 
PTS=284983200 
PTS-PCR=0 
PCR=284983200 
PTS=284983200 
PTS-PCR=0 
PCR=284983200 
PTS=284983200 
PTS-PCR=0 
PCR=284983200 
PTS=284983200 
PTS-PCR=0 
PCR=284983200 
PTS=284983200 
PTS-PCR=0 
PCR=284983200 
PTS=284983200 
PTS-PCR=0 
PCR=284983200 
PTS=284983200 
PTS-PCR=0 
PCR=284983200 
PTS=284983200 
PTS-PCR=0 
PCR=284983200 
PTS=284983200 
PTS-PCR=0 
PCR=284983200 
PTS=284983200 
PTS-PCR=0 
PCR=284983200 
PTS=284983200 
PTS-PCR=0 
PCR=284983200 
PTS=284983200 
PTS-PCR=0 
PCR=284983200 
PTS=284983200 
PTS-PCR=0 
PCR=284990400 
PTS=284990400 
PTS-PCR=0 
PCR=284990400 
PTS=285058800 
PTS-PCR=68400 
PCR=284990400 
PTS=285058800 
PTS-PCR=68400 
PCR=284990400 
PTS=285058800 
PTS-PCR=68400 
PCR=284990400 
PTS=285058800 
PTS-PCR=68400 
PCR=284990400 
PTS=285058800 
PTS-PCR=68400 
PCR=284990400 
PTS=285058800 
PTS-PCR=68400 
PCR=284990400 
PTS=285058800 
PTS-PCR=68400 
PCR=284990400 
PTS=285058800 
PTS-PCR=68400 
PCR=284990400 
PTS=285058800 
PTS-PCR=68400 
PCR=284990400 
PTS=285058800 
PTS-PCR=68400 
PCR=284990400 
PTS=285058800 
PTS-PCR=68400 
PCR=284990400 
PTS=285058800 
PTS-PCR=68400 
PCR=284990400 
PTS=285058800 
PTS-PCR=68400 
PCR=284990400 
PTS=285058800 
PTS-PCR=68400 
PCR=284990400 
PTS=285058800 
PTS-PCR=68400 
PCR=284990400 
PTS=285058800 
PTS-PCR=68400 
PCR=284990400 
PTS=285058800 
PTS-PCR=68400 
PCR=284990400 
PTS=285058800 
PTS-PCR=68400 
PCR=284990400 
PTS=285058800 
PTS-PCR=68400 
PCR=284990400 
PTS=285058800 
PTS-PCR=68400 
PCR=284990400 
PTS=285058800 
PTS-PCR=68400 
PCR=284990400 
PTS=285058800 
PTS-PCR=68400 
PCR=284990400 
PTS=285058800 
PTS-PCR=68400 
PCR=284990400 
PTS=285058800 
PTS-PCR=68400 
PCR=284990400 
PTS=285058800 
PTS-PCR=68400 
PCR=284990400 
PTS=285058800 
PTS-PCR=68400 
PCR=284990400 
PTS=285058800 
PTS-PCR=68400 
PCR=284990400 
PTS=285058800 
PTS-PCR=68400 
PCR=284990400 
PTS=285058800 
PTS-PCR=68400 
PCR=284990400 
PTS=285058800 
PTS-PCR=68400 
PCR=284990400 
PTS=285058800 
PTS-PCR=68400 
PCR=284990400 
PTS=285058800 
PTS-PCR=68400 
PCR=284990400 
PTS=285058800 
PTS-PCR=68400 
PCR=284990400 
PTS=285058800 
PTS-PCR=68400 
PCR=284990400 
PTS=285058800 
PTS-PCR=68400 
PCR=284990400 
PTS=285058800 
PTS-PCR=68400 
PCR=284990400 
PTS=285058800 
PTS-PCR=68400 
PCR=284990400 
PTS=285058800 
PTS-PCR=68400 
PCR=284990400 
PTS=285058800 
PTS-PCR=68400 
PCR=284990400 
PTS=285058800 
PTS-PCR=68400 
PCR=285098400 
PTS=285098400 
PTS-PCR=0 
PCR=285141600 
PTS=285141600 
PTS-PCR=0 
PCR=285141600 
PTS=285141600 
PTS-PCR=0 
PCR=285141600 
PTS=285141600 
PTS-PCR=0 
PCR=285141600 
PTS=285141600 
PTS-PCR=0 
PCR=285141600 
PTS=285141600 
PTS-PCR=0 
PCR=285141600 
PTS=285141600 
PTS-PCR=0 
PCR=285141600 
PTS=285141600 
PTS-PCR=0 
PCR=285141600 
PTS=285141600 
PTS-PCR=0 
PCR=285141600 
PTS=285141600 
PTS-PCR=0 
PCR=285141600 
PTS=285141600 
PTS-PCR=0 
PCR=285141600 
PTS=285141600 
PTS-PCR=0 
PCR=285141600 
PTS=285141600 
PTS-PCR=0 
PCR=285141600 
PTS=285141600 
PTS-PCR=0 
PCR=285141600 
PTS=285141600 
PTS-PCR=0 
PCR=285141600 
PTS=285141600 
PTS-PCR=0 
PCR=285141600 
PTS=285141600 
PTS-PCR=0 
PCR=285141600 
PTS=285141600 
PTS-PCR=0 
PCR=285141600 
PTS=285141600 
PTS-PCR=0 
PCR=285141600 
PTS=285141600 
PTS-PCR=0 
PCR=285141600 
PTS=285141600 
PTS-PCR=0 
PCR=285141600 
PTS=285141600 
PTS-PCR=0 
PCR=285141600 
PTS=285141600 
PTS-PCR=0 
PCR=285141600 
PTS=285141600 
PTS-PCR=0 
PCR=285141600 
PTS=285141600 
PTS-PCR=0 
PCR=285141600 
PTS=285141600 
PTS-PCR=0 
PCR=285141600 
PTS=285141600 
PTS-PCR=0 
PCR=285141600 
PTS=285141600 
PTS-PCR=0 
PCR=285141600 
PTS=285141600 
PTS-PCR=0 
PCR=285141600 
PTS=285141600 
PTS-PCR=0 
PCR=285141600 
PTS=285141600 
PTS-PCR=0 
PCR=285141600 
PTS=285141600 
PTS-PCR=0 
PCR=285141600 
PTS=285141600 
PTS-PCR=0 
PCR=285141600 
PTS=285141600 
PTS-PCR=0 
PCR=285141600 
PTS=285141600 
PTS-PCR=0 
PCR=285141600 
PTS=285141600 
PTS-PCR=0 
PCR=285141600 
PTS=285141600 
PTS-PCR=0 
PCR=285141600 
PTS=285141600 
PTS-PCR=0 
PCR=285141600 
PTS=285141600 
PTS-PCR=0 
PCR=285141600 
PTS=285141600 
PTS-PCR=0 
PCR=285141600 
PTS=285141600 
PTS-PCR=0 
PCR=285141600 
PTS=285141600 
PTS-PCR=0 
PCR=285141600 
PTS=285141600 
PTS-PCR=0 
PCR=285141600 
PTS=285141600 
PTS-PCR=0 
PCR=285206400 
PTS=285206400 
PTS-PCR=0 
PCR=285206400 
PTS=285206400 
PTS-PCR=0 
PCR=285206400 
PTS=285206400 
PTS-PCR=0 
PCR=285206400 
PTS=285206400 
PTS-PCR=0 
PCR=285206400 
PTS=285206400 
PTS-PCR=0 
PCR=285206400 
PTS=285206400 
PTS-PCR=0 
PCR=285206400 
PTS=285206400 
PTS-PCR=0 
PCR=285206400 
PTS=285206400 
PTS-PCR=0 
PCR=285206400 
PTS=285206400 
PTS-PCR=0 
PCR=285206400 
PTS=285206400 
PTS-PCR=0 
PCR=285206400 
PTS=285206400 
PTS-PCR=0 
PCR=285206400 
PTS=285206400 
PTS-PCR=0 
PCR=285206400 
PTS=285206400 
PTS-PCR=0 
PCR=285206400 
PTS=285206400 
PTS-PCR=0 
PCR=285206400 
PTS=285206400 
PTS-PCR=0 
PCR=285206400 
PTS=285206400 
PTS-PCR=0 
PCR=285206400 
PTS=285206400 
PTS-PCR=0 
PCR=285206400 
PTS=285206400 
PTS-PCR=0 
PCR=285206400 
PTS=285206400 
PTS-PCR=0 
PCR=285206400 
PTS=285206400 
PTS-PCR=0 
PCR=285206400 
PTS=285206400 
PTS-PCR=0 
PCR=285206400 
PTS=285206400 
PTS-PCR=0 
PCR=285206400 
PTS=285206400 
PTS-PCR=0 
PCR=285206400 
PTS=285206400 
PTS-PCR=0 
PCR=285206400 
PTS=285206400 
PTS-PCR=0 
PCR=285206400 
PTS=285206400 
PTS-PCR=0 
PCR=285206400 
PTS=285206400 
PTS-PCR=0 
PCR=285206400 
PTS=285206400 
PTS-PCR=0 
PCR=285206400 
PTS=285206400 
PTS-PCR=0 
PCR=285206400 
PTS=285206400 
PTS-PCR=0 
PCR=285206400 
PTS=285206400 
PTS-PCR=0 
PCR=285206400 
PTS=285206400 
PTS-PCR=0 
PCR=285206400 
PTS=285206400 
PTS-PCR=0 
PCR=285206400 
PTS=285206400 
PTS-PCR=0 
PCR=285206400 
PTS=285206400 
PTS-PCR=0 
PCR=285206400 
PTS=285206400 
PTS-PCR=0 
PCR=285206400 
PTS=285206400 
PTS-PCR=0 
PCR=285206400 
PTS=285206400 
PTS-PCR=0 
PCR=285206400 
PTS=285206400 
PTS-PCR=0 
PCR=285206400 
PTS=285206400 
PTS-PCR=0 
PCR=285206400 
PTS=285206400 
PTS-PCR=0 
PCR=285206400 
PTS=285206400 
PTS-PCR=0 
PCR=285206400 
PTS=285206400 
PTS-PCR=0 
PCR=285249600 
PTS=285249600 
PTS-PCR=0 
PCR=285336000 
PTS=285336000 
PTS-PCR=0 
PCR=285336000 
PTS=285336000 
PTS-PCR=0 
PCR=285336000 
PTS=285336000 
PTS-PCR=0 
PCR=285336000 
PTS=285336000 
PTS-PCR=0 
PCR=285336000 
PTS=285336000 
PTS-PCR=0 
PCR=285336000 
PTS=285336000 
PTS-PCR=0 
PCR=285336000 
PTS=285336000 
PTS-PCR=0 
PCR=285336000 
PTS=285336000 
PTS-PCR=0 
PCR=285336000 
PTS=285336000 
PTS-PCR=0 
PCR=285336000 
PTS=285336000 
PTS-PCR=0 
PCR=285336000 
PTS=285336000 
PTS-PCR=0 
PCR=285336000 
PTS=285336000 
PTS-PCR=0 
PCR=285336000 
PTS=285336000 
PTS-PCR=0 
PCR=285336000 
PTS=285336000 
PTS-PCR=0 
PCR=285336000 
PTS=285336000 
PTS-PCR=0 
PCR=285336000 
PTS=285336000 
PTS-PCR=0 
PCR=285336000 
PTS=285336000 
PTS-PCR=0 
PCR=285336000 
PTS=285336000 
PTS-PCR=0 
PCR=285336000 
PTS=285336000 
PTS-PCR=0 
PCR=285336000 
PTS=285336000 
PTS-PCR=0 
PCR=285336000 
PTS=285336000 
PTS-PCR=0 
PCR=285336000 
PTS=285336000 
PTS-PCR=0 
PCR=285336000 
PTS=285336000 
PTS-PCR=0 
PCR=285336000 
PTS=285336000 
PTS-PCR=0 
PCR=285336000 
PTS=285336000 
PTS-PCR=0 
PCR=285336000 
PTS=285336000 
PTS-PCR=0 
PCR=285336000 
PTS=285336000 
PTS-PCR=0 
PCR=285336000 
PTS=285336000 
PTS-PCR=0 
PCR=285336000 
PTS=285336000 
PTS-PCR=0 
PCR=285336000 
PTS=285336000 
PTS-PCR=0 
PCR=285336000 
PTS=285336000 
PTS-PCR=0 
PCR=285336000 
PTS=285336000 
PTS-PCR=0 
PCR=285336000 
PTS=285336000 
PTS-PCR=0 
PCR=285336000 
PTS=285336000 
PTS-PCR=0 
PCR=285336000 
PTS=285336000 
PTS-PCR=0 
PCR=285336000 
PTS=285336000 
PTS-PCR=0 
PCR=285336000 
PTS=285336000 
PTS-PCR=0 
PCR=285336000 
PTS=285336000 
PTS-PCR=0 
PCR=285343200 
PTS=285343200 
PTS-PCR=0 
PCR=285343200 
PTS=285343200 
PTS-PCR=0 
PCR=285343200 
PTS=285343200 
PTS-PCR=0 
PCR=285343200 
PTS=285343200 
PTS-PCR=0 
PCR=285343200 
PTS=285343200 
PTS-PCR=0 
PCR=285343200 
PTS=285343200 
PTS-PCR=0 
PCR=285343200 
PTS=285343200 
PTS-PCR=0 
PCR=285343200 
PTS=285343200 
PTS-PCR=0 
PCR=285343200 
PTS=285343200 
PTS-PCR=0 
PCR=285343200 
PTS=285343200 
PTS-PCR=0 
PCR=285343200 
PTS=285343200 
PTS-PCR=0 
PCR=285343200 
PTS=285343200 
PTS-PCR=0 
PCR=285343200 
PTS=285343200 
PTS-PCR=0 
PCR=285343200 
PTS=285343200 
PTS-PCR=0 
PCR=285343200 
PTS=285343200 
PTS-PCR=0 
PCR=285343200 
PTS=285343200 
PTS-PCR=0 
PCR=285343200 
PTS=285343200 
PTS-PCR=0 
PCR=285343200 
PTS=285343200 
PTS-PCR=0 
PCR=285343200 
PTS=285343200 
PTS-PCR=0 
PCR=285343200 
PTS=285343200 
PTS-PCR=0 
PCR=285343200 
PTS=285343200 
PTS-PCR=0 
PCR=285343200 
PTS=285343200 
PTS-PCR=0 
PCR=285343200 
PTS=285343200 
PTS-PCR=0 
PCR=285343200 
PTS=285343200 
PTS-PCR=0 
PCR=285343200 
PTS=285343200 
PTS-PCR=0 
PCR=285343200 
PTS=285343200 
PTS-PCR=0 
PCR=285343200 
PTS=285343200 
PTS-PCR=0 
PCR=285343200 
PTS=285343200 
PTS-PCR=0 
PCR=285343200 
PTS=285343200 
PTS-PCR=0 
PCR=285343200 
PTS=285343200 
PTS-PCR=0 
PCR=285343200 
PTS=285343200 
PTS-PCR=0 
PCR=285343200 
PTS=285343200 
PTS-PCR=0 
PCR=285343200 
PTS=285343200 
PTS-PCR=0 
PCR=285343200 
PTS=285343200 
PTS-PCR=0 
PCR=285343200 
PTS=285343200 
PTS-PCR=0 
PCR=285343200 
PTS=285343200 
PTS-PCR=0 
PCR=285343200 
PTS=285343200 
PTS-PCR=0 
PCR=285343200 
PTS=285343200 
PTS-PCR=0 
PCR=285343200 
PTS=285343200 
PTS-PCR=0 
PCR=285343200 
PTS=285343200 
PTS-PCR=0 
PCR=285343200 
PTS=285343200 
PTS-PCR=0 
PCR=285343200 
PTS=285343200 
PTS-PCR=0 
PCR=285400800 
PTS=285400800 
PTS-PCR=0 
PCR=285400800 
PTS=285400800 
PTS-PCR=0 
PCR=285400800 
PTS=285400800 
PTS-PCR=0 
PCR=285400800 
PTS=285400800 
PTS-PCR=0 
PCR=285400800 
PTS=285400800 
PTS-PCR=0 
PCR=285400800 
PTS=285400800 
PTS-PCR=0 
PCR=285400800 
PTS=285400800 
PTS-PCR=0 
PCR=285400800 
PTS=285400800 
PTS-PCR=0 
PCR=285400800 
PTS=285400800 
PTS-PCR=0 
PCR=285400800 
PTS=285400800 
PTS-PCR=0 
PCR=285400800 
PTS=285400800 
PTS-PCR=0 
PCR=285400800 
PTS=285400800 
PTS-PCR=0 
PCR=285400800 
PTS=285400800 
PTS-PCR=0 
PCR=285400800 
PTS=285400800 
PTS-PCR=0 
PCR=285400800 
PTS=285400800 
PTS-PCR=0 
PCR=285400800 
PTS=285400800 
PTS-PCR=0 
PCR=285400800 
PTS=285400800 
PTS-PCR=0 
PCR=285400800 
PTS=285400800 
PTS-PCR=0 
PCR=285400800 
PTS=285400800 
PTS-PCR=0 
PCR=285400800 
PTS=285400800 
PTS-PCR=0 
PCR=285400800 
PTS=285400800 
PTS-PCR=0 
PCR=285400800 
PTS=285400800 
PTS-PCR=0 
PCR=285400800 
PTS=285400800 
PTS-PCR=0 
PCR=285400800 
PTS=285400800 
PTS-PCR=0 
PCR=285400800 
PTS=285400800 
PTS-PCR=0 
PCR=285400800 
PTS=285400800 
PTS-PCR=0 
PCR=285400800 
PTS=285400800 
PTS-PCR=0 
PCR=285400800 
PTS=285400800 
PTS-PCR=0 
PCR=285400800 
PTS=285400800 
PTS-PCR=0 
PCR=285400800 
PTS=285400800 
PTS-PCR=0 
PCR=285400800 
PTS=285400800 
PTS-PCR=0 
PCR=285400800 
PTS=285400800 
PTS-PCR=0 
PCR=285400800 
PTS=285400800 
PTS-PCR=0 
PCR=285400800 
PTS=285400800 
PTS-PCR=0 
PCR=285400800 
PTS=285400800 
PTS-PCR=0 
PCR=285400800 
PTS=285400800 
PTS-PCR=0 
PCR=285400800 
PTS=285400800 
PTS-PCR=0 
PCR=285400800 
PTS=285400800 
PTS-PCR=0 
PCR=285400800 
PTS=285400800 
PTS-PCR=0 
PCR=285400800 
PTS=285400800 
PTS-PCR=0 
PCR=285422400 
PTS=285422400 
PTS-PCR=0 
PCR=285422400 
PTS=285422400 
PTS-PCR=0 
PCR=285422400 
PTS=285422400 
PTS-PCR=0 
PCR=285422400 
PTS=285422400 
PTS-PCR=0 
PCR=285422400 
PTS=285422400 
PTS-PCR=0 
PCR=285422400 
PTS=285422400 
PTS-PCR=0 
PCR=285422400 
PTS=285422400 
PTS-PCR=0 
PCR=285422400 
PTS=285422400 
PTS-PCR=0 
PCR=285422400 
PTS=285422400 
PTS-PCR=0 
PCR=285422400 
PTS=285422400 
PTS-PCR=0 
PCR=285422400 
PTS=285422400 
PTS-PCR=0 
PCR=285422400 
PTS=285422400 
PTS-PCR=0 
PCR=285422400 
PTS=285422400 
PTS-PCR=0 
PCR=285422400 
PTS=285422400 
PTS-PCR=0 
PCR=285422400 
PTS=285422400 
PTS-PCR=0 
PCR=285422400 
PTS=285422400 
PTS-PCR=0 
PCR=285422400 
PTS=285422400 
PTS-PCR=0 
PCR=285422400 
PTS=285422400 
PTS-PCR=0 
PCR=285422400 
PTS=285422400 
PTS-PCR=0 
PCR=285422400 
PTS=285422400 
PTS-PCR=0 
PCR=285422400 
PTS=285422400 
PTS-PCR=0 
PCR=285422400 
PTS=285422400 
PTS-PCR=0 
PCR=285422400 
PTS=285422400 
PTS-PCR=0 
PCR=285422400 
PTS=285422400 
PTS-PCR=0 
PCR=285422400 
PTS=285422400 
PTS-PCR=0 
PCR=285422400 
PTS=285422400 
PTS-PCR=0 
PCR=285422400 
PTS=285422400 
PTS-PCR=0 
PCR=285422400 
PTS=285422400 
PTS-PCR=0 
PCR=285422400 
PTS=285422400 
PTS-PCR=0 
PCR=285422400 
PTS=285422400 
PTS-PCR=0 
PCR=285422400 
PTS=285422400 
PTS-PCR=0 
PCR=285422400 
PTS=285422400 
PTS-PCR=0 
PCR=285422400 
PTS=285422400 
PTS-PCR=0 
PCR=285422400 
PTS=285422400 
PTS-PCR=0 
PCR=285422400 
PTS=285422400 
PTS-PCR=0 
PCR=285422400 
PTS=285422400 
PTS-PCR=0 
PCR=285422400 
PTS=285422400 
PTS-PCR=0 
PCR=285422400 
PTS=285422400 
PTS-PCR=0 
PCR=285422400 
PTS=285422400 
PTS-PCR=0 
PCR=285422400 
PTS=285422400 
PTS-PCR=0 
PCR=285422400 
PTS=285422400 
PTS-PCR=0 
PCR=285422400 
PTS=285454800 
PTS-PCR=32400 
PCR=285422400 
PTS=285454800 
PTS-PCR=32400 
PCR=285422400 
PTS=285454800 
PTS-PCR=32400 
PCR=285422400 
PTS=285454800 
PTS-PCR=32400 
PCR=285422400 
PTS=285454800 
PTS-PCR=32400 
PCR=285422400 
PTS=285454800 
PTS-PCR=32400 
PCR=285422400 
PTS=285454800 
PTS-PCR=32400 
PCR=285422400 
PTS=285454800 
PTS-PCR=32400 
PCR=285422400 
PTS=285454800 
PTS-PCR=32400 
PCR=285422400 
PTS=285454800 
PTS-PCR=32400 
PCR=285422400 
PTS=285454800 
PTS-PCR=32400 
PCR=285422400 
PTS=285454800 
PTS-PCR=32400 
PCR=285422400 
PTS=285454800 
PTS-PCR=32400 
PCR=285422400 
PTS=285454800 
PTS-PCR=32400 
PCR=285422400 
PTS=285454800 
PTS-PCR=32400 
PCR=285422400 
PTS=285454800 
PTS-PCR=32400 
PCR=285422400 
PTS=285454800 
PTS-PCR=32400 
PCR=285422400 
PTS=285454800 
PTS-PCR=32400 
PCR=285422400 
PTS=285454800 
PTS-PCR=32400 
PCR=285422400 
PTS=285454800 
PTS-PCR=32400 
PCR=285422400 
PTS=285454800 
PTS-PCR=32400 
PCR=285422400 
PTS=285454800 
PTS-PCR=32400 
PCR=285422400 
PTS=285454800 
PTS-PCR=32400 
PCR=285422400 
PTS=285454800 
PTS-PCR=32400 
PCR=285422400 
PTS=285454800 
PTS-PCR=32400 
PCR=285422400 
PTS=285454800 
PTS-PCR=32400 
PCR=285422400 
PTS=285454800 
PTS-PCR=32400 
PCR=285422400 
PTS=285454800 
PTS-PCR=32400 
PCR=285422400 
PTS=285454800 
PTS-PCR=32400 
PCR=285422400 
PTS=285454800 
PTS-PCR=32400 
PCR=285422400 
PTS=285454800 
PTS-PCR=32400 
PCR=285422400 
PTS=285454800 
PTS-PCR=32400 
PCR=285422400 
PTS=285454800 
PTS-PCR=32400 
PCR=285422400 
PTS=285454800 
PTS-PCR=32400 
PCR=285422400 
PTS=285454800 
PTS-PCR=32400 
PCR=285422400 
PTS=285454800 
PTS-PCR=32400 
PCR=285422400 
PTS=285454800 
PTS-PCR=32400 
PCR=285422400 
PTS=285454800 
PTS-PCR=32400 
PCR=-1521762001 
PTS=285534000 
PTS-PCR=1807296001 
PCR=-1521762001 
PTS=285534000 
PTS-PCR=1807296001 
PCR=-1521762001 
PTS=285534000 
PTS-PCR=1807296001 
PCR=-1521762001 
PTS=285534000 
PTS-PCR=1807296001 
PCR=-1521762001 
PTS=285534000 
PTS-PCR=1807296001 
PCR=-1521762001 
PTS=285534000 
PTS-PCR=1807296001 
PCR=-1521762001 
PTS=285534000 
PTS-PCR=1807296001 
PCR=-1521762001 
PTS=285534000 
PTS-PCR=1807296001 
PCR=-1521762001 
PTS=285534000 
PTS-PCR=1807296001 
PCR=-1521762001 
PTS=285534000 
PTS-PCR=1807296001 
PCR=-1521762001 
PTS=285534000 
PTS-PCR=1807296001 
PCR=-1521762001 
PTS=285534000 
PTS-PCR=1807296001 
PCR=-1521762001 
PTS=285534000 
PTS-PCR=1807296001 
PCR=-1521762001 
PTS=285534000 
PTS-PCR=1807296001 
PCR=-1521762001 
PTS=285534000 
PTS-PCR=1807296001 
PCR=-1521762001 
PTS=285534000 
PTS-PCR=1807296001 
PCR=-1521762001 
PTS=285534000 
PTS-PCR=1807296001 
PCR=-1521762001 
PTS=285534000 
PTS-PCR=1807296001 
PCR=-1521762001 
PTS=285534000 
PTS-PCR=1807296001 
PCR=-1521762001 
PTS=285534000 
PTS-PCR=1807296001 
PCR=-1521762001 
PTS=285534000 
PTS-PCR=1807296001 
PCR=-1521762001 
PTS=285534000 
PTS-PCR=1807296001 
PCR=-1521762001 
PTS=285534000 
PTS-PCR=1807296001 
PCR=-1521762001 
PTS=285534000 
PTS-PCR=1807296001 
PCR=-1521762001 
PTS=285534000 
PTS-PCR=1807296001 
PCR=-1521762001 
PTS=285534000 
PTS-PCR=1807296001 
PCR=-1521762001 
PTS=285534000 
PTS-PCR=1807296001 
PCR=-1521762001 
PTS=285534000 
PTS-PCR=1807296001 
PCR=-1521762001 
PTS=285534000 
PTS-PCR=1807296001 
PCR=-1521762001 
PTS=285534000 
PTS-PCR=1807296001 
PCR=-1521762001 
PTS=285534000 
PTS-PCR=1807296001 
PCR=-1521762001 
PTS=285534000 
PTS-PCR=1807296001 
PCR=-1521762001 
PTS=285534000 
PTS-PCR=1807296001 
PCR=-1521762001 
PTS=285534000 
PTS-PCR=1807296001 
PCR=-1521762001 
PTS=285534000 
PTS-PCR=1807296001 
PCR=-1521762001 
PTS=285534000 
PTS-PCR=1807296001 
PCR=-1521762001 
PTS=285534000 
PTS-PCR=1807296001 
PCR=-1521762001 
PTS=285534000 
PTS-PCR=1807296001 
PCR=-1521762001 
PTS=285541200 
PTS-PCR=1807303201 
PCR=-1521762001 
PTS=285541200 
PTS-PCR=1807303201 
PCR=-1521762001 
PTS=285541200 
PTS-PCR=1807303201 
PCR=-1521762001 
PTS=285541200 
PTS-PCR=1807303201 
PCR=-1521762001 
PTS=285541200 
PTS-PCR=1807303201 
PCR=-1521762001 
PTS=285541200 
PTS-PCR=1807303201 
PCR=-1521762001 
PTS=285541200 
PTS-PCR=1807303201 
PCR=-1521762001 
PTS=285541200 
PTS-PCR=1807303201 
PCR=-1521762001 
PTS=285541200 
PTS-PCR=1807303201 
PCR=-1521762001 
PTS=285541200 
PTS-PCR=1807303201 
PCR=-1521762001 
PTS=285541200 
PTS-PCR=1807303201 
PCR=-1521762001 
PTS=285541200 
PTS-PCR=1807303201 
PCR=-1521762001 
PTS=285541200 
PTS-PCR=1807303201 
PCR=-1521762001 
PTS=285541200 
PTS-PCR=1807303201 
PCR=-1521762001 
PTS=285541200 
PTS-PCR=1807303201 
PCR=-1521762001 
PTS=285541200 
PTS-PCR=1807303201 
PCR=-1521762001 
PTS=285541200 
PTS-PCR=1807303201 
PCR=-1521762001 
PTS=285541200 
PTS-PCR=1807303201 
PCR=-1521762001 
PTS=285541200 
PTS-PCR=1807303201 
PCR=-1521762001 
PTS=285541200 
PTS-PCR=1807303201 
PCR=-1521762001 
PTS=285541200 
PTS-PCR=1807303201 
PCR=-1521762001 
PTS=285541200 
PTS-PCR=1807303201 
PCR=-1521762001 
PTS=285541200 
PTS-PCR=1807303201 
PCR=-1521762001 
PTS=285541200 
PTS-PCR=1807303201 
PCR=-1521762001 
PTS=285541200 
PTS-PCR=1807303201 
PCR=-1521762001 
PTS=285541200 
PTS-PCR=1807303201 
PCR=-1521762001 
PTS=285541200 
PTS-PCR=1807303201 
PCR=-1521762001 
PTS=285541200 
PTS-PCR=1807303201 
PCR=-1521762001 
PTS=285541200 
PTS-PCR=1807303201 
PCR=-1521762001 
PTS=285541200 
PTS-PCR=1807303201 
PCR=-1521762001 
PTS=285541200 
PTS-PCR=1807303201 
PCR=-1521762001 
PTS=285541200 
PTS-PCR=1807303201 
PCR=-1521762001 
PTS=285541200 
PTS-PCR=1807303201 
PCR=-1521762001 
PTS=285541200 
PTS-PCR=1807303201 
PCR=-1521762001 
PTS=285541200 
PTS-PCR=1807303201 
PCR=-1521762001 
PTS=285541200 
PTS-PCR=1807303201 
PCR=-1521762001 
PTS=285541200 
PTS-PCR=1807303201 
PCR=-1521762001 
PTS=285541200 
PTS-PCR=1807303201 
PCR=-1521762001 
PTS=285541200 
PTS-PCR=1807303201 
PCR=-1521762001 
PTS=285541200 
PTS-PCR=1807303201 
PCR=-1521762001 
PTS=285541200 
PTS-PCR=1807303201 
PCR=-1521762001 
PTS=285541200 
PTS-PCR=1807303201 
PCR=-1521762001 
PTS=285541200 
PTS-PCR=1807303201 
PCR=285573600 
PTS=285573600 
PTS-PCR=0 
PCR=285573600 
PTS=285573600 
PTS-PCR=0 
PCR=285573600 
PTS=285573600 
PTS-PCR=0 
PCR=285573600 
PTS=285573600 
PTS-PCR=0 
PCR=285573600 
PTS=285573600 
PTS-PCR=0 
PCR=285573600 
PTS=285573600 
PTS-PCR=0 
PCR=285573600 
PTS=285573600 
PTS-PCR=0 
PCR=285573600 
PTS=285573600 
PTS-PCR=0 
PCR=285573600 
PTS=285573600 
PTS-PCR=0 
PCR=285573600 
PTS=285573600 
PTS-PCR=0 
PCR=285573600 
PTS=285573600 
PTS-PCR=0 
PCR=285573600 
PTS=285573600 
PTS-PCR=0 
PCR=285573600 
PTS=285573600 
PTS-PCR=0 
PCR=285573600 
PTS=285573600 
PTS-PCR=0 
PCR=285573600 
PTS=285573600 
PTS-PCR=0 
PCR=285573600 
PTS=285573600 
PTS-PCR=0 
PCR=285573600 
PTS=285573600 
PTS-PCR=0 
PCR=285573600 
PTS=285573600 
PTS-PCR=0 
PCR=285573600 
PTS=285573600 
PTS-PCR=0 
PCR=285573600 
PTS=285573600 
PTS-PCR=0 
PCR=285573600 
PTS=285573600 
PTS-PCR=0 
PCR=285573600 
PTS=285573600 
PTS-PCR=0 
PCR=285573600 
PTS=285573600 
PTS-PCR=0 
PCR=285573600 
PTS=285573600 
PTS-PCR=0 
PCR=285573600 
PTS=285573600 
PTS-PCR=0 
PCR=285573600 
PTS=285573600 
PTS-PCR=0 
PCR=285573600 
PTS=285573600 
PTS-PCR=0 
PCR=285573600 
PTS=285573600 
PTS-PCR=0 
PCR=285573600 
PTS=285573600 
PTS-PCR=0 
PCR=285573600 
PTS=285573600 
PTS-PCR=0 
PCR=285573600 
PTS=285573600 
PTS-PCR=0 
PCR=285573600 
PTS=285573600 
PTS-PCR=0 
PCR=285573600 
PTS=285573600 
PTS-PCR=0 
PCR=285573600 
PTS=285573600 
PTS-PCR=0 
PCR=285573600 
PTS=285573600 
PTS-PCR=0 
PCR=285573600 
PTS=285573600 
PTS-PCR=0 
PCR=285573600 
PTS=285573600 
PTS-PCR=0 
PCR=285573600 
PTS=285573600 
PTS-PCR=0 
PCR=285573600 
PTS=285598800 
PTS-PCR=25200 
PCR=285573600 
PTS=285598800 
PTS-PCR=25200 
PCR=285573600 
PTS=285598800 
PTS-PCR=25200 
PCR=285573600 
PTS=285598800 
PTS-PCR=25200 
PCR=285573600 
PTS=285598800 
PTS-PCR=25200 
PCR=285573600 
PTS=285598800 
PTS-PCR=25200 
PCR=285573600 
PTS=285598800 
PTS-PCR=25200 
PCR=285573600 
PTS=285598800 
PTS-PCR=25200 
PCR=285573600 
PTS=285598800 
PTS-PCR=25200 
PCR=285573600 
PTS=285598800 
PTS-PCR=25200 
PCR=285573600 
PTS=285598800 
PTS-PCR=25200 
PCR=285573600 
PTS=285598800 
PTS-PCR=25200 
PCR=285573600 
PTS=285598800 
PTS-PCR=25200 
PCR=285573600 
PTS=285598800 
PTS-PCR=25200 
PCR=285573600 
PTS=285598800 
PTS-PCR=25200 
PCR=285573600 
PTS=285598800 
PTS-PCR=25200 
PCR=285573600 
PTS=285598800 
PTS-PCR=25200 
PCR=285573600 
PTS=285598800 
PTS-PCR=25200 
PCR=285573600 
PTS=285598800 
PTS-PCR=25200 
PCR=285573600 
PTS=285598800 
PTS-PCR=25200 
PCR=285573600 
PTS=285598800 
PTS-PCR=25200 
PCR=285573600 
PTS=285598800 
PTS-PCR=25200 
PCR=285573600 
PTS=285598800 
PTS-PCR=25200 
PCR=285573600 
PTS=285598800 
PTS-PCR=25200 
PCR=285573600 
PTS=285598800 
PTS-PCR=25200 
PCR=285573600 
PTS=285598800 
PTS-PCR=25200 
PCR=285573600 
PTS=285598800 
PTS-PCR=25200 
PCR=285573600 
PTS=285598800 
PTS-PCR=25200 
PCR=285573600 
PTS=285598800 
PTS-PCR=25200 
PCR=285573600 
PTS=285598800 
PTS-PCR=25200 
PCR=285573600 
PTS=285598800 
PTS-PCR=25200 
PCR=285573600 
PTS=285598800 
PTS-PCR=25200 
PCR=285573600 
PTS=285598800 
PTS-PCR=25200 
PCR=285573600 
PTS=285598800 
PTS-PCR=25200 
PCR=285573600 
PTS=285598800 
PTS-PCR=25200 
PCR=285573600 
PTS=285598800 
PTS-PCR=25200 
PCR=285573600 
PTS=285598800 
PTS-PCR=25200 
PCR=285573600 
PTS=285598800 
PTS-PCR=25200 
PCR=285573600 
PTS=285598800 
PTS-PCR=25200 
PCR=285573600 
PTS=285598800 
PTS-PCR=25200 
PCR=285573600 
PTS=285598800 
PTS-PCR=25200 
PCR=285573600 
PTS=285598800 
PTS-PCR=25200 
PCR=285573600 
PTS=285620400 
PTS-PCR=46800 
PCR=285573600 
PTS=285620400 
PTS-PCR=46800 
PCR=285573600 
PTS=285620400 
PTS-PCR=46800 
PCR=285573600 
PTS=285620400 
PTS-PCR=46800 
PCR=285573600 
PTS=285620400 
PTS-PCR=46800 
PCR=285573600 
PTS=285620400 
PTS-PCR=46800 
PCR=285573600 
PTS=285620400 
PTS-PCR=46800 
PCR=285573600 
PTS=285620400 
PTS-PCR=46800 
PCR=285573600 
PTS=285620400 
PTS-PCR=46800 
PCR=285573600 
PTS=285620400 
PTS-PCR=46800 
PCR=285573600 
PTS=285620400 
PTS-PCR=46800 
PCR=285573600 
PTS=285620400 
PTS-PCR=46800 
PCR=285573600 
PTS=285620400 
PTS-PCR=46800 
PCR=285573600 
PTS=285620400 
PTS-PCR=46800 
PCR=285573600 
PTS=285620400 
PTS-PCR=46800 
PCR=285573600 
PTS=285620400 
PTS-PCR=46800 
PCR=285573600 
PTS=285620400 
PTS-PCR=46800 
PCR=285573600 
PTS=285620400 
PTS-PCR=46800 
PCR=285573600 
PTS=285620400 
PTS-PCR=46800 
PCR=285573600 
PTS=285620400 
PTS-PCR=46800 
PCR=285573600 
PTS=285620400 
PTS-PCR=46800 
PCR=285573600 
PTS=285620400 
PTS-PCR=46800 
PCR=285573600 
PTS=285620400 
PTS-PCR=46800 
PCR=285573600 
PTS=285620400 
PTS-PCR=46800 
PCR=285573600 
PTS=285620400 
PTS-PCR=46800 
PCR=285573600 
PTS=285620400 
PTS-PCR=46800 
PCR=285573600 
PTS=285620400 
PTS-PCR=46800 
PCR=285573600 
PTS=285620400 
PTS-PCR=46800 
PCR=285573600 
PTS=285620400 
PTS-PCR=46800 
PCR=285573600 
PTS=285620400 
PTS-PCR=46800 
PCR=285573600 
PTS=285620400 
PTS-PCR=46800 
PCR=285573600 
PTS=285620400 
PTS-PCR=46800 
PCR=285573600 
PTS=285620400 
PTS-PCR=46800 
PCR=285573600 
PTS=285620400 
PTS-PCR=46800 
PCR=285573600 
PTS=285620400 
PTS-PCR=46800 
PCR=285573600 
PTS=285620400 
PTS-PCR=46800 
PCR=285573600 
PTS=285620400 
PTS-PCR=46800 
PCR=285573600 
PTS=285620400 
PTS-PCR=46800 
PCR=285573600 
PTS=285620400 
PTS-PCR=46800 
PCR=285573600 
PTS=285620400 
PTS-PCR=46800 
PCR=285573600 
PTS=285620400 
PTS-PCR=46800 
PCR=285573600 
PTS=285620400 
PTS-PCR=46800 
PCR=285624000 
PTS=285624000 
PTS-PCR=0 
PCR=285624000 
PTS=285624000 
PTS-PCR=0 
PCR=285624000 
PTS=285624000 
PTS-PCR=0 
PCR=285624000 
PTS=285624000 
PTS-PCR=0 
PCR=285624000 
PTS=285624000 
PTS-PCR=0 
PCR=285624000 
PTS=285624000 
PTS-PCR=0 
PCR=285624000 
PTS=285624000 
PTS-PCR=0 
PCR=285624000 
PTS=285624000 
PTS-PCR=0 
PCR=285624000 
PTS=285624000 
PTS-PCR=0 
PCR=285624000 
PTS=285624000 
PTS-PCR=0 
PCR=285624000 
PTS=285624000 
PTS-PCR=0 
PCR=285624000 
PTS=285624000 
PTS-PCR=0 
PCR=285624000 
PTS=285624000 
PTS-PCR=0 
PCR=285624000 
PTS=285624000 
PTS-PCR=0 
PCR=285624000 
PTS=285624000 
PTS-PCR=0 
PCR=285624000 
PTS=285624000 
PTS-PCR=0 
PCR=285624000 
PTS=285624000 
PTS-PCR=0 
PCR=285624000 
PTS=285624000 
PTS-PCR=0 
PCR=285624000 
PTS=285624000 
PTS-PCR=0 
PCR=285624000 
PTS=285624000 
PTS-PCR=0 
PCR=285624000 
PTS=285624000 
PTS-PCR=0 
PCR=285624000 
PTS=285624000 
PTS-PCR=0 
PCR=285624000 
PTS=285624000 
PTS-PCR=0 
PCR=285624000 
PTS=285624000 
PTS-PCR=0 
PCR=285624000 
PTS=285624000 
PTS-PCR=0 
PCR=285624000 
PTS=285624000 
PTS-PCR=0 
PCR=285624000 
PTS=285624000 
PTS-PCR=0 
PCR=285624000 
PTS=285624000 
PTS-PCR=0 
PCR=285624000 
PTS=285624000 
PTS-PCR=0 
PCR=285624000 
PTS=285624000 
PTS-PCR=0 
PCR=285624000 
PTS=285624000 
PTS-PCR=0 
PCR=285624000 
PTS=285624000 
PTS-PCR=0 
PCR=285624000 
PTS=285624000 
PTS-PCR=0 
PCR=285624000 
PTS=285624000 
PTS-PCR=0 
PCR=285624000 
PTS=285624000 
PTS-PCR=0 
PCR=285624000 
PTS=285624000 
PTS-PCR=0 
PCR=285624000 
PTS=285624000 
PTS-PCR=0 
PCR=285624000 
PTS=285624000 
PTS-PCR=0 
PCR=285624000 
PTS=285624000 
PTS-PCR=0 
PCR=285624000 
PTS=285624000 
PTS-PCR=0 
PCR=285631200 
PTS=285631200 
PTS-PCR=0 
PCR=285631200 
PTS=285631200 
PTS-PCR=0 
PCR=285631200 
PTS=285631200 
PTS-PCR=0 
PCR=285631200 
PTS=285631200 
PTS-PCR=0 
PCR=285631200 
PTS=285631200 
PTS-PCR=0 
PCR=285631200 
PTS=285631200 
PTS-PCR=0 
PCR=285631200 
PTS=285631200 
PTS-PCR=0 
PCR=285631200 
PTS=285631200 
PTS-PCR=0 
PCR=285631200 
PTS=285631200 
PTS-PCR=0 
PCR=285631200 
PTS=285631200 
PTS-PCR=0 
PCR=285631200 
PTS=285631200 
PTS-PCR=0 
PCR=285631200 
PTS=285631200 
PTS-PCR=0 
PCR=285631200 
PTS=285631200 
PTS-PCR=0 
PCR=285631200 
PTS=285631200 
PTS-PCR=0 
PCR=285631200 
PTS=285631200 
PTS-PCR=0 
PCR=285631200 
PTS=285631200 
PTS-PCR=0 
PCR=285631200 
PTS=285631200 
PTS-PCR=0 
PCR=285631200 
PTS=285631200 
PTS-PCR=0 
PCR=285631200 
PTS=285631200 
PTS-PCR=0 
PCR=285631200 
PTS=285631200 
PTS-PCR=0 
PCR=285631200 
PTS=285631200 
PTS-PCR=0 
PCR=285631200 
PTS=285631200 
PTS-PCR=0 
PCR=285631200 
PTS=285631200 
PTS-PCR=0 
PCR=285631200 
PTS=285631200 
PTS-PCR=0 
PCR=285631200 
PTS=285631200 
PTS-PCR=0 
PCR=285631200 
PTS=285631200 
PTS-PCR=0 
PCR=285631200 
PTS=285631200 
PTS-PCR=0 
PCR=285631200 
PTS=285631200 
PTS-PCR=0 
PCR=285631200 
PTS=285631200 
PTS-PCR=0 
PCR=285631200 
PTS=285631200 
PTS-PCR=0 
PCR=285631200 
PTS=285631200 
PTS-PCR=0 
PCR=285631200 
PTS=285631200 
PTS-PCR=0 
PCR=285631200 
PTS=285631200 
PTS-PCR=0 
PCR=285631200 
PTS=285631200 
PTS-PCR=0 
PCR=285631200 
PTS=285631200 
PTS-PCR=0 
PCR=285631200 
PTS=285631200 
PTS-PCR=0 
PCR=285631200 
PTS=285631200 
PTS-PCR=0 
PCR=285631200 
PTS=285631200 
PTS-PCR=0 
PCR=285631200 
PTS=285631200 
PTS-PCR=0 
PCR=285631200 
PTS=285631200 
PTS-PCR=0 
PCR=285631200 
PTS=285631200 
PTS-PCR=0 
PCR=285631200 
PTS=285631200 
PTS-PCR=0 
PCR=285631200 
PTS=285631200 
PTS-PCR=0 
PCR=285631200 
PTS=285631200 
PTS-PCR=0 
PCR=285631200 
PTS=285631200 
PTS-PCR=0 
PCR=285631200 
PTS=285631200 
PTS-PCR=0 
PCR=285631200 
PTS=285631200 
PTS-PCR=0 
PCR=285631200 
PTS=285656400 
PTS-PCR=25200 
PCR=285631200 
PTS=285656400 
PTS-PCR=25200 
PCR=285631200 
PTS=285656400 
PTS-PCR=25200 
PCR=285631200 
PTS=285656400 
PTS-PCR=25200 
PCR=285631200 
PTS=285656400 
PTS-PCR=25200 
PCR=285631200 
PTS=285656400 
PTS-PCR=25200 
PCR=285631200 
PTS=285656400 
PTS-PCR=25200 
PCR=285631200 
PTS=285656400 
PTS-PCR=25200 
PCR=285631200 
PTS=285656400 
PTS-PCR=25200 
PCR=285631200 
PTS=285656400 
PTS-PCR=25200 
PCR=285631200 
PTS=285656400 
PTS-PCR=25200 
PCR=285631200 
PTS=285656400 
PTS-PCR=25200 
PCR=285631200 
PTS=285656400 
PTS-PCR=25200 
PCR=285631200 
PTS=285656400 
PTS-PCR=25200 
PCR=285631200 
PTS=285656400 
PTS-PCR=25200 
PCR=285631200 
PTS=285656400 
PTS-PCR=25200 
PCR=285631200 
PTS=285656400 
PTS-PCR=25200 
PCR=285631200 
PTS=285656400 
PTS-PCR=25200 
PCR=285631200 
PTS=285656400 
PTS-PCR=25200 
PCR=285631200 
PTS=285656400 
PTS-PCR=25200 
PCR=285631200 
PTS=285656400 
PTS-PCR=25200 
PCR=285631200 
PTS=285656400 
PTS-PCR=25200 
PCR=285631200 
PTS=285656400 
PTS-PCR=25200 
PCR=285631200 
PTS=285656400 
PTS-PCR=25200 
PCR=285631200 
PTS=285656400 
PTS-PCR=25200 
PCR=285631200 
PTS=285656400 
PTS-PCR=25200 
PCR=285631200 
PTS=285656400 
PTS-PCR=25200 
PCR=285631200 
PTS=285656400 
PTS-PCR=25200 
PCR=285631200 
PTS=285656400 
PTS-PCR=25200 
PCR=285631200 
PTS=285656400 
PTS-PCR=25200 
PCR=285631200 
PTS=285656400 
PTS-PCR=25200 
PCR=285631200 
PTS=285656400 
PTS-PCR=25200 
PCR=285631200 
PTS=285656400 
PTS-PCR=25200 
PCR=285631200 
PTS=285656400 
PTS-PCR=25200 
PCR=285631200 
PTS=285656400 
PTS-PCR=25200 
PCR=285631200 
PTS=285656400 
PTS-PCR=25200 
PCR=285631200 
PTS=285656400 
PTS-PCR=25200 
PCR=285631200 
PTS=285656400 
PTS-PCR=25200 
PCR=285631200 
PTS=285656400 
PTS-PCR=25200 
PCR=285631200 
PTS=285656400 
PTS-PCR=25200 
PCR=1568570750 
PTS=285757200 
PTS-PCR=-1282813550 
PCR=1568570750 
PTS=285757200 
PTS-PCR=-1282813550 
PCR=1568570750 
PTS=285757200 
PTS-PCR=-1282813550 
PCR=1568570750 
PTS=285757200 
PTS-PCR=-1282813550 
PCR=1568570750 
PTS=285757200 
PTS-PCR=-1282813550 
PCR=1568570750 
PTS=285757200 
PTS-PCR=-1282813550 
PCR=1568570750 
PTS=285757200 
PTS-PCR=-1282813550 
PCR=1568570750 
PTS=285757200 
PTS-PCR=-1282813550 
PCR=1568570750 
PTS=285757200 
PTS-PCR=-1282813550 
PCR=1568570750 
PTS=285757200 
PTS-PCR=-1282813550 
PCR=1568570750 
PTS=285757200 
PTS-PCR=-1282813550 
PCR=1568570750 
PTS=285757200 
PTS-PCR=-1282813550 
PCR=1568570750 
PTS=285757200 
PTS-PCR=-1282813550 
PCR=1568570750 
PTS=285757200 
PTS-PCR=-1282813550 
PCR=1568570750 
PTS=285757200 
PTS-PCR=-1282813550 
PCR=1568570750 
PTS=285757200 
PTS-PCR=-1282813550 
PCR=1568570750 
PTS=285757200 
PTS-PCR=-1282813550 
PCR=1568570750 
PTS=285757200 
PTS-PCR=-1282813550 
PCR=1568570750 
PTS=285757200 
PTS-PCR=-1282813550 
PCR=1568570750 
PTS=285757200 
PTS-PCR=-1282813550 
PCR=1568570750 
PTS=285757200 
PTS-PCR=-1282813550 
PCR=1568570750 
PTS=285757200 
PTS-PCR=-1282813550 
PCR=1568570750 
PTS=285757200 
PTS-PCR=-1282813550 
PCR=1568570750 
PTS=285757200 
PTS-PCR=-1282813550 
PCR=1568570750 
PTS=285757200 
PTS-PCR=-1282813550 
PCR=1568570750 
PTS=285757200 
PTS-PCR=-1282813550 
PCR=1568570750 
PTS=285757200 
PTS-PCR=-1282813550 
PCR=1568570750 
PTS=285757200 
PTS-PCR=-1282813550 
PCR=1568570750 
PTS=285757200 
PTS-PCR=-1282813550 
PCR=1568570750 
PTS=285757200 
PTS-PCR=-1282813550 
PCR=1568570750 
PTS=285757200 
PTS-PCR=-1282813550 
PCR=1568570750 
PTS=285757200 
PTS-PCR=-1282813550 
PCR=1568570750 
PTS=285757200 
PTS-PCR=-1282813550 
PCR=1568570750 
PTS=285757200 
PTS-PCR=-1282813550 
PCR=1568570750 
PTS=285757200 
PTS-PCR=-1282813550 
PCR=1568570750 
PTS=285757200 
PTS-PCR=-1282813550 
PCR=1568570750 
PTS=285757200 
PTS-PCR=-1282813550 
PCR=1568570750 
PTS=285757200 
PTS-PCR=-1282813550 
PCR=1568570750 
PTS=285757200 
PTS-PCR=-1282813550 
PCR=1568570750 
PTS=285757200 
PTS-PCR=-1282813550 
PCR=1568570750 
PTS=285757200 
PTS-PCR=-1282813550 
PCR=1568570750 
PTS=285757200 
PTS-PCR=-1282813550 
PCR=1568570750 
PTS=285757200 
PTS-PCR=-1282813550 
PCR=1568570750 
PTS=285757200 
PTS-PCR=-1282813550 
PCR=1568570750 
PTS=285757200 
PTS-PCR=-1282813550 
PCR=1568570750 
PTS=285757200 
PTS-PCR=-1282813550 
PCR=1568570750 
PTS=285757200 
PTS-PCR=-1282813550 
PCR=1568570750 
PTS=285757200 
PTS-PCR=-1282813550 
PCR=1568570750 
PTS=285757200 
PTS-PCR=-1282813550 
PCR=1568570750 
PTS=285757200 
PTS-PCR=-1282813550 
PCR=1568570750 
PTS=285757200 
PTS-PCR=-1282813550 
PCR=1568570750 
PTS=285757200 
PTS-PCR=-1282813550 
PCR=1568570750 
PTS=285757200 
PTS-PCR=-1282813550 
PCR=1568570750 
PTS=285757200 
PTS-PCR=-1282813550 
PCR=1568570750 
PTS=285757200 
PTS-PCR=-1282813550 
PCR=1568570750 
PTS=285757200 
PTS-PCR=-1282813550 
PCR=1568570750 
PTS=285757200 
PTS-PCR=-1282813550 
PCR=1568570750 
PTS=285757200 
PTS-PCR=-1282813550 
PCR=1568570750 
PTS=285757200 
PTS-PCR=-1282813550 
PCR=1568570750 
PTS=285757200 
PTS-PCR=-1282813550 
PCR=1568570750 
PTS=285757200 
PTS-PCR=-1282813550 
PCR=1568570750 
PTS=285757200 
PTS-PCR=-1282813550 
PCR=1568570750 
PTS=285757200 
PTS-PCR=-1282813550 
PCR=1568570750 
PTS=285757200 
PTS-PCR=-1282813550 
PCR=1568570750 
PTS=285757200 
PTS-PCR=-1282813550 
PCR=1568570750 
PTS=285757200 
PTS-PCR=-1282813550 
PCR=1568570750 
PTS=285757200 
PTS-PCR=-1282813550 
PCR=1568570750 
PTS=285757200 
PTS-PCR=-1282813550 
PCR=1568570750 
PTS=285757200 
PTS-PCR=-1282813550 
PCR=1568570750 
PTS=285757200 
PTS-PCR=-1282813550 
PCR=1568570750 
PTS=285757200 
PTS-PCR=-1282813550 
PCR=1568570750 
PTS=285757200 
PTS-PCR=-1282813550 
PCR=1568570750 
PTS=285757200 
PTS-PCR=-1282813550 
PCR=1568570750 
PTS=285757200 
PTS-PCR=-1282813550 
PCR=1568570750 
PTS=285757200 
PTS-PCR=-1282813550 
PCR=1568570750 
PTS=285757200 
PTS-PCR=-1282813550 
PCR=1568570750 
PTS=285757200 
PTS-PCR=-1282813550 
PCR=1568570750 
PTS=285757200 
PTS-PCR=-1282813550 
PCR=1568570750 
PTS=285757200 
PTS-PCR=-1282813550 
PCR=1568570750 
PTS=285757200 
PTS-PCR=-1282813550 
PCR=1568570750 
PTS=285757200 
PTS-PCR=-1282813550 
PCR=285768000 
PTS=285768000 
PTS-PCR=0 
PCR=1263071500 
PTS=285829200 
PTS-PCR=-977242300 
PCR=1263071500 
PTS=285858000 
PTS-PCR=-977213500 
PCR=-1674203656 
PTS=285908400 
PTS-PCR=1960112056 
PCR=-1674203656 
PTS=285908400 
PTS-PCR=1960112056 
PCR=286005600 
PTS=286005600 
PTS-PCR=0 
PCR=286005600 
PTS=286009200 
PTS-PCR=3600 
PCR=286005600 
PTS=286059600 
PTS-PCR=54000 
PCR=286005600 
PTS=286059600 
PTS-PCR=54000 
PCR=286005600 
PTS=286059600 
PTS-PCR=54000 
PCR=286005600 
PTS=286059600 
PTS-PCR=54000 
PCR=286005600 
PTS=286059600 
PTS-PCR=54000 
PCR=286005600 
PTS=286059600 
PTS-PCR=54000 
PCR=286005600 
PTS=286059600 
PTS-PCR=54000 
PCR=286005600 
PTS=286059600 
PTS-PCR=54000 
PCR=286005600 
PTS=286059600 
PTS-PCR=54000 
PCR=286005600 
PTS=286059600 
PTS-PCR=54000 
PCR=286005600 
PTS=286059600 
PTS-PCR=54000 
PCR=286005600 
PTS=286059600 
PTS-PCR=54000 
PCR=286005600 
PTS=286059600 
PTS-PCR=54000 
PCR=286005600 
PTS=286059600 
PTS-PCR=54000 
PCR=286005600 
PTS=286059600 
PTS-PCR=54000 
PCR=286005600 
PTS=286059600 
PTS-PCR=54000 
PCR=286005600 
PTS=286059600 
PTS-PCR=54000 
PCR=286005600 
PTS=286059600 
PTS-PCR=54000 
PCR=286005600 
PTS=286059600 
PTS-PCR=54000 
PCR=286005600 
PTS=286059600 
PTS-PCR=54000 
PCR=286005600 
PTS=286059600 
PTS-PCR=54000 
PCR=286005600 
PTS=286059600 
PTS-PCR=54000 
PCR=286005600 
PTS=286059600 
PTS-PCR=54000 
PCR=286005600 
PTS=286059600 
PTS-PCR=54000 
PCR=286005600 
PTS=286059600 
PTS-PCR=54000 
PCR=286005600 
PTS=286059600 
PTS-PCR=54000 
PCR=286005600 
PTS=286059600 
PTS-PCR=54000 
PCR=286005600 
PTS=286059600 
PTS-PCR=54000 
PCR=286005600 
PTS=286059600 
PTS-PCR=54000 
PCR=286005600 
PTS=286059600 
PTS-PCR=54000 
PCR=286005600 
PTS=286059600 
PTS-PCR=54000 
PCR=286005600 
PTS=286059600 
PTS-PCR=54000 
PCR=286005600 
PTS=286059600 
PTS-PCR=54000 
PCR=286005600 
PTS=286059600 
PTS-PCR=54000 
PCR=286005600 
PTS=286059600 
PTS-PCR=54000 
PCR=998916975 
PTS=286117200 
PTS-PCR=-712799775 
PCR=998916975 
PTS=286117200 
PTS-PCR=-712799775 
PCR=998916975 
PTS=286117200 
PTS-PCR=-712799775 
PCR=998916975 
PTS=286117200 
PTS-PCR=-712799775 
PCR=998916975 
PTS=286117200 
PTS-PCR=-712799775 
PCR=998916975 
PTS=286117200 
PTS-PCR=-712799775 
PCR=998916975 
PTS=286117200 
PTS-PCR=-712799775 
PCR=998916975 
PTS=286117200 
PTS-PCR=-712799775 
PCR=998916975 
PTS=286117200 
PTS-PCR=-712799775 
PCR=998916975 
PTS=286117200 
PTS-PCR=-712799775 
PCR=998916975 
PTS=286117200 
PTS-PCR=-712799775 
PCR=998916975 
PTS=286117200 
PTS-PCR=-712799775 
PCR=998916975 
PTS=286117200 
PTS-PCR=-712799775 
PCR=998916975 
PTS=286117200 
PTS-PCR=-712799775 
PCR=998916975 
PTS=286117200 
PTS-PCR=-712799775 
PCR=998916975 
PTS=286117200 
PTS-PCR=-712799775 
PCR=998916975 
PTS=286117200 
PTS-PCR=-712799775 
PCR=998916975 
PTS=286117200 
PTS-PCR=-712799775 
PCR=998916975 
PTS=286117200 
PTS-PCR=-712799775 
PCR=998916975 
PTS=286117200 
PTS-PCR=-712799775 
PCR=998916975 
PTS=286117200 
PTS-PCR=-712799775 
PCR=998916975 
PTS=286117200 
PTS-PCR=-712799775 
PCR=998916975 
PTS=286117200 
PTS-PCR=-712799775 
PCR=998916975 
PTS=286117200 
PTS-PCR=-712799775 
PCR=998916975 
PTS=286117200 
PTS-PCR=-712799775 
PCR=998916975 
PTS=286117200 
PTS-PCR=-712799775 
PCR=998916975 
PTS=286117200 
PTS-PCR=-712799775 
PCR=998916975 
PTS=286117200 
PTS-PCR=-712799775 
PCR=998916975 
PTS=286117200 
PTS-PCR=-712799775 
PCR=998916975 
PTS=286117200 
PTS-PCR=-712799775 
PCR=998916975 
PTS=286117200 
PTS-PCR=-712799775 
PCR=998916975 
PTS=286117200 
PTS-PCR=-712799775 
PCR=998916975 
PTS=286117200 
PTS-PCR=-712799775 
PCR=998916975 
PTS=286117200 
PTS-PCR=-712799775 
PCR=998916975 
PTS=286117200 
PTS-PCR=-712799775 
PCR=998916975 
PTS=286117200 
PTS-PCR=-712799775 
PCR=998916975 
PTS=286117200 
PTS-PCR=-712799775 
PCR=1567353695 
PTS=286167600 
PTS-PCR=-1281186095 
PCR=1567353695 
PTS=286167600 
PTS-PCR=-1281186095 
PCR=1567353695 
PTS=286167600 
PTS-PCR=-1281186095 
PCR=1567353695 
PTS=286167600 
PTS-PCR=-1281186095 
PCR=1567353695 
PTS=286167600 
PTS-PCR=-1281186095 
PCR=1567353695 
PTS=286167600 
PTS-PCR=-1281186095 
PCR=286200000 
PTS=286200000 
PTS-PCR=0 
  Gop index=0 gopsize=1276
PCR=-1742773761 
PTS=286210800 
PTS-PCR=2028984561 
PCR=1795145460 
PTS=286218000 
PTS-PCR=-1508927460 
PCR=1795145460 
PTS=286218000 
PTS-PCR=-1508927460 
PCR=1795145460 
PTS=286218000 
PTS-PCR=-1508927460 
PCR=1795145460 
PTS=286218000 
PTS-PCR=-1508927460 
PCR=286250400 
PTS=286250400 
PTS-PCR=0 
PCR=286250400 
PTS=286250400 
PTS-PCR=0 
PCR=286250400 
PTS=286268400 
PTS-PCR=18000 
PCR=286250400 
PTS=286275600 
PTS-PCR=25200 
PCR=286250400 
PTS=286304400 
PTS-PCR=54000 
PCR=286250400 
PTS=286304400 
PTS-PCR=54000 
PCR=286250400 
PTS=286304400 
PTS-PCR=54000 
PCR=1764424283 
PTS=286369200 
PTS-PCR=-1478055083 
PCR=1764424283 
PTS=286376400 
PTS-PCR=-1478047883 
PCR=519436829 
PTS=286412400 
PTS-PCR=-233024429 
PCR=286444800 
PTS=286444800 
PTS-PCR=0 
PCR=286480800 
PTS=286480800 
PTS-PCR=0 
PCR=286480800 
PTS=286484400 
PTS-PCR=3600 
PCR=286480800 
PTS=286484400 
PTS-PCR=3600 
PCR=286502400 
PTS=286502400 
PTS-PCR=0 
PCR=-1576045655 
PTS=286534800 
PTS-PCR=1862580455 
PCR=2071009351 
PTS=286606800 
PTS-PCR=-1784402551 
PCR=2071009351 
PTS=286628400 
PTS-PCR=-1784380951 
PCR=2071009351 
PTS=286671600 
PTS-PCR=-1784337751 
PCR=593181097 
PTS=286722000 
PTS-PCR=-306459097 
PCR=286725600 
PTS=286725600 
PTS-PCR=0 
PCR=286725600 
PTS=286725600 
PTS-PCR=0 
PCR=286725600 
PTS=286725600 
PTS-PCR=0 
PCR=286725600 
PTS=286725600 
PTS-PCR=0 
PCR=286725600 
PTS=286725600 
PTS-PCR=0 
PCR=286725600 
PTS=286725600 
PTS-PCR=0 
PCR=286725600 
PTS=286725600 
PTS-PCR=0 
PCR=286725600 
PTS=286725600 
PTS-PCR=0 
PCR=286725600 
PTS=286725600 
PTS-PCR=0 
PCR=286725600 
PTS=286725600 
PTS-PCR=0 
PCR=286725600 
PTS=286725600 
PTS-PCR=0 
PCR=286725600 
PTS=286725600 
PTS-PCR=0 
PCR=286725600 
PTS=286725600 
PTS-PCR=0 
PCR=286725600 
PTS=286725600 
PTS-PCR=0 
PCR=286725600 
PTS=286725600 
PTS-PCR=0 
PCR=286725600 
PTS=286725600 
PTS-PCR=0 
PCR=286725600 
PTS=286725600 
PTS-PCR=0 
PCR=286725600 
PTS=286725600 
PTS-PCR=0 
PCR=286725600 
PTS=286725600 
PTS-PCR=0 
PCR=286725600 
PTS=286725600 
PTS-PCR=0 
PCR=286725600 
PTS=286725600 
PTS-PCR=0 
PCR=286725600 
PTS=286725600 
PTS-PCR=0 
PCR=286725600 
PTS=286725600 
PTS-PCR=0 
PCR=286725600 
PTS=286725600 
PTS-PCR=0 
PCR=286725600 
PTS=286725600 
PTS-PCR=0 
PCR=286725600 
PTS=286725600 
PTS-PCR=0 
PCR=286725600 
PTS=286725600 
PTS-PCR=0 
PCR=286725600 
PTS=286725600 
PTS-PCR=0 
PCR=286725600 
PTS=286725600 
PTS-PCR=0 
PCR=671800711 
PTS=286743600 
PTS-PCR=-385057111 
PCR=671800711 
PTS=286743600 
PTS-PCR=-385057111 
PCR=671800711 
PTS=286743600 
PTS-PCR=-385057111 
PCR=671800711 
PTS=286743600 
PTS-PCR=-385057111 
PCR=671800711 
PTS=286750800 
PTS-PCR=-385049911 
PCR=671800711 
PTS=286750800 
PTS-PCR=-385049911 
PCR=671800711 
PTS=286750800 
PTS-PCR=-385049911 
PCR=286898400 
PTS=286898400 
PTS-PCR=0 
PCR=286920000 
PTS=286920000 
PTS-PCR=0 
  Gop index=1 gopsize=63
PCR=286927200 
PTS=286927200 
PTS-PCR=0 
PCR=1567353695 
PTS=286966800 
PTS-PCR=-1280386895 
PCR=1567353695 
PTS=286966800 
PTS-PCR=-1280386895 
PCR=2126769729 
PTS=287010000 
PTS-PCR=-1839759729 
PCR=287078400 
PTS=287078400 
PTS-PCR=0 
PCR=287078400 
PTS=287078400 
PTS-PCR=0 
PCR=287078400 
PTS=287078400 
PTS-PCR=0 
PCR=287078400 
PTS=287078400 
PTS-PCR=0 
PCR=287078400 
PTS=287078400 
PTS-PCR=0 
PCR=287078400 
PTS=287078400 
PTS-PCR=0 
PCR=287078400 
PTS=287078400 
PTS-PCR=0 
PCR=287215200 
PTS=287215200 
PTS-PCR=0 
PCR=287229600 
PTS=287229600 
PTS-PCR=0 
